<?xml version="1.0" encoding="utf-8"?>
<CoverageSession xmlns:xsd="http://www.w3.org/2001/XMLSchema" xmlns:xsi="http://www.w3.org/2001/XMLSchema-instance" Version="0.0.0.0">
  <Summary numSequencePoints="1921" visitedSequencePoints="0" numBranchPoints="0" visitedBranchPoints="0" sequenceCoverage="0.0" branchCoverage="0.0" maxCyclomaticComplexity="0" minCyclomaticComplexity="0" maxCrapScore="0" minCrapScore="0" visitedClasses="0" numClasses="41" visitedMethods="0" numMethods="214" />
  <Modules>
    <Module>
      <Summary numSequencePoints="18" visitedSequencePoints="0" numBranchPoints="0" visitedBranchPoints="0" sequenceCoverage="0.0" branchCoverage="0.0" maxCyclomaticComplexity="0" minCyclomaticComplexity="0" maxCrapScore="0" minCrapScore="0" visitedClasses="0" numClasses="1" visitedMethods="0" numMethods="3" />
      <ModuleTime>0001-01-01T00:00:00</ModuleTime>
      <ModuleName>Tests</ModuleName>
      <Files>
        <File uid="1" fullPath="C:/Users/kalil/source/repos/wwnl/Assets/Testing/EditMode/BuildingPlacerTest.cs" />
      </Files>
      <Classes>
        <Class>
          <Summary numSequencePoints="18" visitedSequencePoints="0" numBranchPoints="0" visitedBranchPoints="0" sequenceCoverage="0.0" branchCoverage="0.0" maxCyclomaticComplexity="0" minCyclomaticComplexity="0" maxCrapScore="0" minCrapScore="0" visitedClasses="0" numClasses="1" visitedMethods="0" numMethods="3" />
          <FullName>BuildingPlacerTest</FullName>
          <Methods>
            <Method visited="false" cyclomaticComplexity="0" nPathComplexity="0" sequenceCoverage="0.0" branchCoverage="0" crapScore="0" isConstructor="false" isStatic="false" isGetter="false" isSetter="false">
              <Summary numSequencePoints="5" visitedSequencePoints="0" numBranchPoints="0" visitedBranchPoints="0" sequenceCoverage="0.0" branchCoverage="0" maxCyclomaticComplexity="0" minCyclomaticComplexity="0" maxCrapScore="0" minCrapScore="0" visitedClasses="0" numClasses="0" visitedMethods="0" numMethods="1" />
              <MetadataToken>100663297</MetadataToken>
              <Name>System.Void BuildingPlacerTest::Setup()</Name>
              <FileRef uid="1" />
              <SequencePoints>
                <SequencePoint vc="0" uspid="3807" ordinal="0" offset="0" sl="13" sc="5" el="13" ec="5" bec="0" bev="0" fileid="1" />
                <SequencePoint vc="0" uspid="3808" ordinal="0" offset="1" sl="14" sc="9" el="14" ec="9" bec="0" bev="0" fileid="1" />
                <SequencePoint vc="0" uspid="3809" ordinal="0" offset="7" sl="15" sc="9" el="15" ec="9" bec="0" bev="0" fileid="1" />
                <SequencePoint vc="0" uspid="3810" ordinal="0" offset="19" sl="18" sc="9" el="18" ec="9" bec="0" bev="0" fileid="1" />
                <SequencePoint vc="0" uspid="3811" ordinal="0" offset="35" sl="19" sc="5" el="19" ec="5" bec="0" bev="0" fileid="1" />
              </SequencePoints>
              <BranchPoints />
            </Method>
            <Method visited="false" cyclomaticComplexity="0" nPathComplexity="0" sequenceCoverage="0.0" branchCoverage="0" crapScore="0" isConstructor="false" isStatic="false" isGetter="false" isSetter="false">
              <Summary numSequencePoints="7" visitedSequencePoints="0" numBranchPoints="0" visitedBranchPoints="0" sequenceCoverage="0.0" branchCoverage="0" maxCyclomaticComplexity="0" minCyclomaticComplexity="0" maxCrapScore="0" minCrapScore="0" visitedClasses="0" numClasses="0" visitedMethods="0" numMethods="1" />
              <MetadataToken>100663298</MetadataToken>
              <Name>System.Void BuildingPlacerTest::TestCoverage()</Name>
              <FileRef uid="1" />
              <SequencePoints>
                <SequencePoint vc="0" uspid="3812" ordinal="0" offset="0" sl="23" sc="5" el="23" ec="5" bec="0" bev="0" fileid="1" />
                <SequencePoint vc="0" uspid="3813" ordinal="0" offset="1" sl="24" sc="9" el="24" ec="9" bec="0" bev="0" fileid="1" />
                <SequencePoint vc="0" uspid="3814" ordinal="0" offset="28" sl="25" sc="9" el="25" ec="9" bec="0" bev="0" fileid="1" />
                <SequencePoint vc="0" uspid="3815" ordinal="0" offset="55" sl="26" sc="9" el="26" ec="9" bec="0" bev="0" fileid="1" />
                <SequencePoint vc="0" uspid="3816" ordinal="0" offset="82" sl="27" sc="9" el="27" ec="9" bec="0" bev="0" fileid="1" />
                <SequencePoint vc="0" uspid="3817" ordinal="0" offset="109" sl="28" sc="9" el="28" ec="9" bec="0" bev="0" fileid="1" />
                <SequencePoint vc="0" uspid="3818" ordinal="0" offset="136" sl="29" sc="5" el="29" ec="5" bec="0" bev="0" fileid="1" />
              </SequencePoints>
              <BranchPoints />
            </Method>
            <Method visited="false" cyclomaticComplexity="0" nPathComplexity="0" sequenceCoverage="0.0" branchCoverage="0" crapScore="0" isConstructor="false" isStatic="false" isGetter="false" isSetter="false">
              <Summary numSequencePoints="6" visitedSequencePoints="0" numBranchPoints="0" visitedBranchPoints="0" sequenceCoverage="0.0" branchCoverage="0" maxCyclomaticComplexity="0" minCyclomaticComplexity="0" maxCrapScore="0" minCrapScore="0" visitedClasses="0" numClasses="0" visitedMethods="0" numMethods="1" />
              <MetadataToken>100663299</MetadataToken>
              <Name>System.Void BuildingPlacerTest::TestCropClone()</Name>
              <FileRef uid="1" />
              <SequencePoints>
                <SequencePoint vc="0" uspid="3819" ordinal="0" offset="0" sl="54" sc="5" el="54" ec="5" bec="0" bev="0" fileid="1" />
                <SequencePoint vc="0" uspid="3820" ordinal="0" offset="1" sl="55" sc="9" el="55" ec="9" bec="0" bev="0" fileid="1" />
                <SequencePoint vc="0" uspid="3821" ordinal="0" offset="7" sl="56" sc="9" el="56" ec="9" bec="0" bev="0" fileid="1" />
                <SequencePoint vc="0" uspid="3822" ordinal="0" offset="13" sl="57" sc="9" el="57" ec="9" bec="0" bev="0" fileid="1" />
                <SequencePoint vc="0" uspid="3823" ordinal="0" offset="19" sl="58" sc="9" el="58" ec="9" bec="0" bev="0" fileid="1" />
                <SequencePoint vc="0" uspid="3824" ordinal="0" offset="33" sl="59" sc="5" el="59" ec="5" bec="0" bev="0" fileid="1" />
              </SequencePoints>
              <BranchPoints />
            </Method>
          </Methods>
        </Class>
      </Classes>
    </Module>
    <Module>
      <Summary numSequencePoints="1903" visitedSequencePoints="0" numBranchPoints="0" visitedBranchPoints="0" sequenceCoverage="0.0" branchCoverage="0.0" maxCyclomaticComplexity="0" minCyclomaticComplexity="0" maxCrapScore="0" minCrapScore="0" visitedClasses="0" numClasses="40" visitedMethods="0" numMethods="211" />
      <ModuleTime>0001-01-01T00:00:00</ModuleTime>
      <ModuleName>Scripts_reference_for_testing</ModuleName>
      <Files>
        <File uid="2" fullPath="C:/Users/kalil/source/repos/wwnl/Assets/Scripts/BlueprintCell.cs" />
        <File uid="3" fullPath="C:/Users/kalil/source/repos/wwnl/Assets/Scripts/BuildingPlacer.cs" />
        <File uid="4" fullPath="C:/Users/kalil/source/repos/wwnl/Assets/Scripts/BuildingPreset.cs" />
        <File uid="5" fullPath="C:/Users/kalil/source/repos/wwnl/Assets/Scripts/CameraController.cs" />
        <File uid="6" fullPath="C:/Users/kalil/source/repos/wwnl/Assets/Scripts/Cell.cs" />
        <File uid="7" fullPath="C:/Users/kalil/source/repos/wwnl/Assets/Scripts/ConfirmationPanel.cs" />
        <File uid="8" fullPath="C:/Users/kalil/source/repos/wwnl/Assets/Scripts/DataPersistence/DataPersistenceManager.cs" />
        <File uid="9" fullPath="C:/Users/kalil/source/repos/wwnl/Assets/Scripts/DataPersistence/FileDataHandler.cs" />
        <File uid="10" fullPath="C:/Users/kalil/source/repos/wwnl/Assets/Scripts/DataPersistence/GameData.cs" />
        <File uid="11" fullPath="C:/Users/kalil/source/repos/wwnl/Assets/Scripts/Editor/BuildCommand.cs" />
        <File uid="12" fullPath="C:/Users/kalil/source/repos/wwnl/Assets/Scripts/GameManager.cs" />
        <File uid="13" fullPath="C:/Users/kalil/source/repos/wwnl/Assets/Scripts/InfoBar/BudgetHandler.cs" />
        <File uid="14" fullPath="C:/Users/kalil/source/repos/wwnl/Assets/Scripts/InfoBar/DateHandler.cs" />
        <File uid="15" fullPath="C:/Users/kalil/source/repos/wwnl/Assets/Scripts/InfoBar/InfoBar.cs" />
        <File uid="16" fullPath="C:/Users/kalil/source/repos/wwnl/Assets/Scripts/InfoBar/PopulationHandler.cs" />
        <File uid="17" fullPath="C:/Users/kalil/source/repos/wwnl/Assets/Scripts/InfoBar/SatisfactionHandler.cs" />
        <File uid="18" fullPath="C:/Users/kalil/source/repos/wwnl/Assets/Scripts/InfoBar/TaxHandler.cs" />
        <File uid="19" fullPath="C:/Users/kalil/source/repos/wwnl/Assets/Scripts/MainMenu.cs" />
        <File uid="20" fullPath="C:/Users/kalil/source/repos/wwnl/Assets/Scripts/Map.cs" />
        <File uid="21" fullPath="C:/Users/kalil/source/repos/wwnl/Assets/Scripts/MapObjects/CommercialZone.cs" />
        <File uid="22" fullPath="C:/Users/kalil/source/repos/wwnl/Assets/Scripts/MapObjects/FireDepartment.cs" />
        <File uid="23" fullPath="C:/Users/kalil/source/repos/wwnl/Assets/Scripts/MapObjects/Forest.cs" />
        <File uid="24" fullPath="C:/Users/kalil/source/repos/wwnl/Assets/Scripts/MapObjects/IndustrialZone.cs" />
        <File uid="25" fullPath="C:/Users/kalil/source/repos/wwnl/Assets/Scripts/MapObjects/MapObject.cs" />
        <File uid="26" fullPath="C:/Users/kalil/source/repos/wwnl/Assets/Scripts/MapObjects/Police.cs" />
        <File uid="27" fullPath="C:/Users/kalil/source/repos/wwnl/Assets/Scripts/MapObjects/Prefabs/CommercialBuildings.cs" />
        <File uid="28" fullPath="C:/Users/kalil/source/repos/wwnl/Assets/Scripts/MapObjects/Prefabs/House.cs" />
        <File uid="29" fullPath="C:/Users/kalil/source/repos/wwnl/Assets/Scripts/MapObjects/Prefabs/IndustrialBuildings.cs" />
        <File uid="30" fullPath="C:/Users/kalil/source/repos/wwnl/Assets/Scripts/MapObjects/ResidentialZone.cs" />
        <File uid="31" fullPath="C:/Users/kalil/source/repos/wwnl/Assets/Scripts/MapObjects/Road.cs" />
        <File uid="32" fullPath="C:/Users/kalil/source/repos/wwnl/Assets/Scripts/MapObjects/Stadium.cs" />
        <File uid="33" fullPath="C:/Users/kalil/source/repos/wwnl/Assets/Scripts/Position.cs" />
        <File uid="34" fullPath="C:/Users/kalil/source/repos/wwnl/Assets/Scripts/RoadHandler.cs" />
        <File uid="35" fullPath="C:/Users/kalil/source/repos/wwnl/Assets/Scripts/Selector.cs" />
        <File uid="36" fullPath="C:/Users/kalil/source/repos/wwnl/Assets/Scripts/Timer.cs" />
        <File uid="37" fullPath="C:/Users/kalil/source/repos/wwnl/Assets/Scripts/UIHandler.cs" />
      </Files>
      <Classes>
        <Class>
          <Summary numSequencePoints="4" visitedSequencePoints="0" numBranchPoints="0" visitedBranchPoints="0" sequenceCoverage="0.0" branchCoverage="0.0" maxCyclomaticComplexity="0" minCyclomaticComplexity="0" maxCrapScore="0" minCrapScore="0" visitedClasses="0" numClasses="1" visitedMethods="0" numMethods="2" />
          <FullName>BlueprintCell</FullName>
          <Methods>
            <Method visited="false" cyclomaticComplexity="0" nPathComplexity="0" sequenceCoverage="0.0" branchCoverage="0" crapScore="0" isConstructor="false" isStatic="false" isGetter="false" isSetter="false">
              <Summary numSequencePoints="2" visitedSequencePoints="0" numBranchPoints="0" visitedBranchPoints="0" sequenceCoverage="0.0" branchCoverage="0" maxCyclomaticComplexity="0" minCyclomaticComplexity="0" maxCrapScore="0" minCrapScore="0" visitedClasses="0" numClasses="0" visitedMethods="0" numMethods="1" />
              <MetadataToken>100663297</MetadataToken>
              <Name>System.Void BlueprintCell::Start()</Name>
              <FileRef uid="2" />
              <SequencePoints>
                <SequencePoint vc="0" uspid="3825" ordinal="0" offset="0" sl="9" sc="0" el="9" ec="0" bec="0" bev="0" fileid="2" />
                <SequencePoint vc="0" uspid="3826" ordinal="0" offset="1" sl="11" sc="0" el="11" ec="0" bec="0" bev="0" fileid="2" />
              </SequencePoints>
              <BranchPoints />
            </Method>
            <Method visited="false" cyclomaticComplexity="0" nPathComplexity="0" sequenceCoverage="0.0" branchCoverage="0" crapScore="0" isConstructor="false" isStatic="false" isGetter="false" isSetter="false">
              <Summary numSequencePoints="2" visitedSequencePoints="0" numBranchPoints="0" visitedBranchPoints="0" sequenceCoverage="0.0" branchCoverage="0" maxCyclomaticComplexity="0" minCyclomaticComplexity="0" maxCrapScore="0" minCrapScore="0" visitedClasses="0" numClasses="0" visitedMethods="0" numMethods="1" />
              <MetadataToken>100663298</MetadataToken>
              <Name>System.Void BlueprintCell::Update()</Name>
              <FileRef uid="2" />
              <SequencePoints>
                <SequencePoint vc="0" uspid="3827" ordinal="0" offset="0" sl="15" sc="0" el="15" ec="0" bec="0" bev="0" fileid="2" />
                <SequencePoint vc="0" uspid="3828" ordinal="0" offset="1" sl="17" sc="0" el="17" ec="0" bec="0" bev="0" fileid="2" />
              </SequencePoints>
              <BranchPoints />
            </Method>
          </Methods>
        </Class>
        <Class>
          <Summary numSequencePoints="288" visitedSequencePoints="0" numBranchPoints="0" visitedBranchPoints="0" sequenceCoverage="0.0" branchCoverage="0.0" maxCyclomaticComplexity="0" minCyclomaticComplexity="0" maxCrapScore="0" minCrapScore="0" visitedClasses="0" numClasses="1" visitedMethods="0" numMethods="19" />
          <FullName>BuildingPlacer</FullName>
          <Methods>
            <Method visited="false" cyclomaticComplexity="0" nPathComplexity="0" sequenceCoverage="0.0" branchCoverage="0" crapScore="0" isConstructor="false" isStatic="false" isGetter="false" isSetter="false">
              <Summary numSequencePoints="4" visitedSequencePoints="0" numBranchPoints="0" visitedBranchPoints="0" sequenceCoverage="0.0" branchCoverage="0" maxCyclomaticComplexity="0" minCyclomaticComplexity="0" maxCrapScore="0" minCrapScore="0" visitedClasses="0" numClasses="0" visitedMethods="0" numMethods="1" />
              <MetadataToken>100663300</MetadataToken>
              <Name>System.Void BuildingPlacer::Awake()</Name>
              <FileRef uid="3" />
              <SequencePoints>
                <SequencePoint vc="0" uspid="3829" ordinal="0" offset="0" sl="50" sc="0" el="50" ec="0" bec="0" bev="0" fileid="3" />
                <SequencePoint vc="0" uspid="3830" ordinal="0" offset="1" sl="51" sc="0" el="51" ec="0" bec="0" bev="0" fileid="3" />
                <SequencePoint vc="0" uspid="3831" ordinal="0" offset="14" sl="52" sc="0" el="52" ec="0" bec="0" bev="0" fileid="3" />
                <SequencePoint vc="0" uspid="3832" ordinal="0" offset="20" sl="53" sc="0" el="53" ec="0" bec="0" bev="0" fileid="3" />
              </SequencePoints>
              <BranchPoints />
            </Method>
            <Method visited="false" cyclomaticComplexity="0" nPathComplexity="0" sequenceCoverage="0.0" branchCoverage="0" crapScore="0" isConstructor="false" isStatic="false" isGetter="true" isSetter="false">
              <Summary numSequencePoints="3" visitedSequencePoints="0" numBranchPoints="0" visitedBranchPoints="0" sequenceCoverage="0.0" branchCoverage="0" maxCyclomaticComplexity="0" minCyclomaticComplexity="0" maxCrapScore="0" minCrapScore="0" visitedClasses="0" numClasses="0" visitedMethods="0" numMethods="1" />
              <MetadataToken>100663301</MetadataToken>
              <Name>System.Boolean BuildingPlacer::get_IsCurrentlyPlacing()</Name>
              <FileRef uid="3" />
              <SequencePoints>
                <SequencePoint vc="0" uspid="3833" ordinal="0" offset="0" sl="72" sc="0" el="72" ec="0" bec="0" bev="0" fileid="3" />
                <SequencePoint vc="0" uspid="3834" ordinal="0" offset="1" sl="72" sc="0" el="72" ec="0" bec="0" bev="0" fileid="3" />
                <SequencePoint vc="0" uspid="3835" ordinal="0" offset="10" sl="72" sc="0" el="72" ec="0" bec="0" bev="0" fileid="3" />
              </SequencePoints>
              <BranchPoints />
            </Method>
            <Method visited="false" cyclomaticComplexity="0" nPathComplexity="0" sequenceCoverage="0.0" branchCoverage="0" crapScore="0" isConstructor="false" isStatic="false" isGetter="false" isSetter="false">
              <Summary numSequencePoints="8" visitedSequencePoints="0" numBranchPoints="0" visitedBranchPoints="0" sequenceCoverage="0.0" branchCoverage="0" maxCyclomaticComplexity="0" minCyclomaticComplexity="0" maxCrapScore="0" minCrapScore="0" visitedClasses="0" numClasses="0" visitedMethods="0" numMethods="1" />
              <MetadataToken>100663302</MetadataToken>
              <Name>System.Void BuildingPlacer::createPlane(System.Int32, System.Int32, System.Int32)</Name>
              <FileRef uid="3" />
              <SequencePoints>
                <SequencePoint vc="0" uspid="3836" ordinal="0" offset="0" sl="75" sc="0" el="75" ec="0" bec="0" bev="0" fileid="3" />
                <SequencePoint vc="0" uspid="3837" ordinal="0" offset="1" sl="77" sc="0" el="77" ec="0" bec="0" bev="0" fileid="3" />
                <SequencePoint vc="0" uspid="3838" ordinal="0" offset="16" sl="78" sc="0" el="78" ec="0" bec="0" bev="0" fileid="3" />
                <SequencePoint vc="0" uspid="3839" ordinal="0" offset="28" sl="79" sc="0" el="79" ec="0" bec="0" bev="0" fileid="3" />
                <SequencePoint vc="0" uspid="3840" ordinal="0" offset="43" sl="80" sc="0" el="80" ec="0" bec="0" bev="0" fileid="3" />
                <SequencePoint vc="0" uspid="3841" ordinal="0" offset="66" sl="89" sc="0" el="89" ec="0" bec="0" bev="0" fileid="3" />
                <SequencePoint vc="0" uspid="3842" ordinal="0" offset="90" sl="90" sc="0" el="90" ec="0" bec="0" bev="0" fileid="3" />
                <SequencePoint vc="0" uspid="3843" ordinal="0" offset="103" sl="93" sc="0" el="93" ec="0" bec="0" bev="0" fileid="3" />
              </SequencePoints>
              <BranchPoints />
            </Method>
            <Method visited="false" cyclomaticComplexity="0" nPathComplexity="0" sequenceCoverage="0.0" branchCoverage="0" crapScore="0" isConstructor="false" isStatic="true" isGetter="false" isSetter="false">
              <Summary numSequencePoints="9" visitedSequencePoints="0" numBranchPoints="0" visitedBranchPoints="0" sequenceCoverage="0.0" branchCoverage="0" maxCyclomaticComplexity="0" minCyclomaticComplexity="0" maxCrapScore="0" minCrapScore="0" visitedClasses="0" numClasses="0" visitedMethods="0" numMethods="1" />
              <MetadataToken>100663303</MetadataToken>
              <Name>static System.Int32 BuildingPlacer::Coverage(System.String)</Name>
              <FileRef uid="3" />
              <SequencePoints>
                <SequencePoint vc="0" uspid="3844" ordinal="0" offset="0" sl="97" sc="5" el="97" ec="5" bec="0" bev="0" fileid="3" />
                <SequencePoint vc="0" uspid="3845" ordinal="0" offset="1" sl="98" sc="9" el="98" ec="9" bec="0" bev="0" fileid="3" />
                <SequencePoint vc="0" uspid="3846" ordinal="0" offset="45" sl="99" sc="9" el="99" ec="9" bec="0" bev="0" fileid="3" />
                <SequencePoint vc="0" uspid="3847" ordinal="0" offset="46" sl="100" sc="13" el="100" ec="13" bec="0" bev="0" fileid="3" />
                <SequencePoint vc="0" uspid="3848" ordinal="0" offset="50" sl="102" sc="14" el="102" ec="14" bec="0" bev="0" fileid="3" />
                <SequencePoint vc="0" uspid="3849" ordinal="0" offset="65" sl="102" sc="42" el="102" ec="42" bec="0" bev="0" fileid="3" />
                <SequencePoint vc="0" uspid="3850" ordinal="0" offset="69" sl="103" sc="14" el="103" ec="14" bec="0" bev="0" fileid="3" />
                <SequencePoint vc="0" uspid="3851" ordinal="0" offset="70" sl="103" sc="16" el="103" ec="16" bec="0" bev="0" fileid="3" />
                <SequencePoint vc="0" uspid="3852" ordinal="0" offset="74" sl="104" sc="5" el="104" ec="5" bec="0" bev="0" fileid="3" />
              </SequencePoints>
              <BranchPoints />
            </Method>
            <Method visited="false" cyclomaticComplexity="0" nPathComplexity="0" sequenceCoverage="0.0" branchCoverage="0" crapScore="0" isConstructor="false" isStatic="false" isGetter="false" isSetter="false">
              <Summary numSequencePoints="20" visitedSequencePoints="0" numBranchPoints="0" visitedBranchPoints="0" sequenceCoverage="0.0" branchCoverage="0" maxCyclomaticComplexity="0" minCyclomaticComplexity="0" maxCrapScore="0" minCrapScore="0" visitedClasses="0" numClasses="0" visitedMethods="0" numMethods="1" />
              <MetadataToken>100663304</MetadataToken>
              <Name>System.Void BuildingPlacer::BeginNewBuildingPlacement(BuildingPreset)</Name>
              <FileRef uid="3" />
              <SequencePoints>
                <SequencePoint vc="0" uspid="3853" ordinal="0" offset="0" sl="109" sc="0" el="109" ec="0" bec="0" bev="0" fileid="3" />
                <SequencePoint vc="0" uspid="3854" ordinal="0" offset="1" sl="110" sc="0" el="110" ec="0" bec="0" bev="0" fileid="3" />
                <SequencePoint vc="0" uspid="3855" ordinal="0" offset="8" sl="111" sc="0" el="111" ec="0" bec="0" bev="0" fileid="3" />
                <SequencePoint vc="0" uspid="3856" ordinal="0" offset="15" sl="112" sc="0" el="112" ec="0" bec="0" bev="0" fileid="3" />
                <SequencePoint vc="0" uspid="3857" ordinal="0" offset="28" sl="113" sc="0" el="113" ec="0" bec="0" bev="0" fileid="3" />
                <SequencePoint vc="0" uspid="3858" ordinal="0" offset="40" sl="114" sc="0" el="114" ec="0" bec="0" bev="0" fileid="3" />
                <SequencePoint vc="0" uspid="3859" ordinal="0" offset="54" sl="125" sc="0" el="125" ec="0" bec="0" bev="0" fileid="3" />
                <SequencePoint vc="0" uspid="3860" ordinal="0" offset="58" sl="126" sc="0" el="126" ec="0" bec="0" bev="0" fileid="3" />
                <SequencePoint vc="0" uspid="3861" ordinal="0" offset="61" sl="126" sc="0" el="126" ec="0" bec="0" bev="0" fileid="3" />
                <SequencePoint vc="0" uspid="3862" ordinal="0" offset="65" sl="127" sc="0" el="127" ec="0" bec="0" bev="0" fileid="3" />
                <SequencePoint vc="0" uspid="3863" ordinal="0" offset="66" sl="128" sc="0" el="128" ec="0" bec="0" bev="0" fileid="3" />
                <SequencePoint vc="0" uspid="3864" ordinal="0" offset="72" sl="129" sc="0" el="129" ec="0" bec="0" bev="0" fileid="3" />
                <SequencePoint vc="0" uspid="3865" ordinal="0" offset="73" sl="130" sc="0" el="130" ec="0" bec="0" bev="0" fileid="3" />
                <SequencePoint vc="0" uspid="3866" ordinal="0" offset="88" sl="134" sc="0" el="134" ec="0" bec="0" bev="0" fileid="3" />
                <SequencePoint vc="0" uspid="3867" ordinal="0" offset="89" sl="128" sc="0" el="128" ec="0" bec="0" bev="0" fileid="3" />
                <SequencePoint vc="0" uspid="3868" ordinal="0" offset="95" sl="128" sc="0" el="128" ec="0" bec="0" bev="0" fileid="3" />
                <SequencePoint vc="0" uspid="3869" ordinal="0" offset="109" sl="135" sc="0" el="135" ec="0" bec="0" bev="0" fileid="3" />
                <SequencePoint vc="0" uspid="3870" ordinal="0" offset="110" sl="126" sc="0" el="126" ec="0" bec="0" bev="0" fileid="3" />
                <SequencePoint vc="0" uspid="3871" ordinal="0" offset="114" sl="126" sc="0" el="126" ec="0" bec="0" bev="0" fileid="3" />
                <SequencePoint vc="0" uspid="3872" ordinal="0" offset="127" sl="136" sc="0" el="136" ec="0" bec="0" bev="0" fileid="3" />
              </SequencePoints>
              <BranchPoints />
            </Method>
            <Method visited="false" cyclomaticComplexity="0" nPathComplexity="0" sequenceCoverage="0.0" branchCoverage="0" crapScore="0" isConstructor="false" isStatic="false" isGetter="false" isSetter="false">
              <Summary numSequencePoints="13" visitedSequencePoints="0" numBranchPoints="0" visitedBranchPoints="0" sequenceCoverage="0.0" branchCoverage="0" maxCyclomaticComplexity="0" minCyclomaticComplexity="0" maxCrapScore="0" minCrapScore="0" visitedClasses="0" numClasses="0" visitedMethods="0" numMethods="1" />
              <MetadataToken>100663305</MetadataToken>
              <Name>System.Void BuildingPlacer::CancelBuildingPlacement()</Name>
              <FileRef uid="3" />
              <SequencePoints>
                <SequencePoint vc="0" uspid="3873" ordinal="0" offset="0" sl="139" sc="0" el="139" ec="0" bec="0" bev="0" fileid="3" />
                <SequencePoint vc="0" uspid="3874" ordinal="0" offset="1" sl="140" sc="0" el="140" ec="0" bec="0" bev="0" fileid="3" />
                <SequencePoint vc="0" uspid="3875" ordinal="0" offset="8" sl="142" sc="0" el="142" ec="0" bec="0" bev="0" fileid="3" />
                <SequencePoint vc="0" uspid="3876" ordinal="0" offset="26" sl="143" sc="0" el="143" ec="0" bec="0" bev="0" fileid="3" />
                <SequencePoint vc="0" uspid="3877" ordinal="0" offset="30" sl="144" sc="0" el="144" ec="0" bec="0" bev="0" fileid="3" />
                <SequencePoint vc="0" uspid="3878" ordinal="0" offset="31" sl="145" sc="0" el="145" ec="0" bec="0" bev="0" fileid="3" />
                <SequencePoint vc="0" uspid="3879" ordinal="0" offset="59" sl="146" sc="0" el="146" ec="0" bec="0" bev="0" fileid="3" />
                <SequencePoint vc="0" uspid="3880" ordinal="0" offset="60" sl="143" sc="0" el="143" ec="0" bec="0" bev="0" fileid="3" />
                <SequencePoint vc="0" uspid="3881" ordinal="0" offset="64" sl="143" sc="0" el="143" ec="0" bec="0" bev="0" fileid="3" />
                <SequencePoint vc="0" uspid="3882" ordinal="0" offset="87" sl="147" sc="0" el="147" ec="0" bec="0" bev="0" fileid="3" />
                <SequencePoint vc="0" uspid="3883" ordinal="0" offset="104" sl="148" sc="0" el="148" ec="0" bec="0" bev="0" fileid="3" />
                <SequencePoint vc="0" uspid="3884" ordinal="0" offset="122" sl="150" sc="0" el="150" ec="0" bec="0" bev="0" fileid="3" />
                <SequencePoint vc="0" uspid="3885" ordinal="0" offset="135" sl="152" sc="0" el="152" ec="0" bec="0" bev="0" fileid="3" />
              </SequencePoints>
              <BranchPoints />
            </Method>
            <Method visited="false" cyclomaticComplexity="0" nPathComplexity="0" sequenceCoverage="0.0" branchCoverage="0" crapScore="0" isConstructor="false" isStatic="false" isGetter="false" isSetter="false">
              <Summary numSequencePoints="29" visitedSequencePoints="0" numBranchPoints="0" visitedBranchPoints="0" sequenceCoverage="0.0" branchCoverage="0" maxCyclomaticComplexity="0" minCyclomaticComplexity="0" maxCrapScore="0" minCrapScore="0" visitedClasses="0" numClasses="0" visitedMethods="0" numMethods="1" />
              <MetadataToken>100663306</MetadataToken>
              <Name>System.Void BuildingPlacer::PlaceBuilding()</Name>
              <FileRef uid="3" />
              <SequencePoints>
                <SequencePoint vc="0" uspid="3886" ordinal="0" offset="0" sl="201" sc="0" el="201" ec="0" bec="0" bev="0" fileid="3" />
                <SequencePoint vc="0" uspid="3887" ordinal="0" offset="1" sl="202" sc="0" el="202" ec="0" bec="0" bev="0" fileid="3" />
                <SequencePoint vc="0" uspid="3888" ordinal="0" offset="3" sl="204" sc="0" el="204" ec="0" bec="0" bev="0" fileid="3" />
                <SequencePoint vc="0" uspid="3889" ordinal="0" offset="5" sl="204" sc="0" el="204" ec="0" bec="0" bev="0" fileid="3" />
                <SequencePoint vc="0" uspid="3890" ordinal="0" offset="7" sl="205" sc="0" el="205" ec="0" bec="0" bev="0" fileid="3" />
                <SequencePoint vc="0" uspid="3891" ordinal="0" offset="15" sl="206" sc="0" el="206" ec="0" bec="0" bev="0" fileid="3" />
                <SequencePoint vc="0" uspid="3892" ordinal="0" offset="16" sl="207" sc="0" el="207" ec="0" bec="0" bev="0" fileid="3" />
                <SequencePoint vc="0" uspid="3893" ordinal="0" offset="24" sl="208" sc="0" el="208" ec="0" bec="0" bev="0" fileid="3" />
                <SequencePoint vc="0" uspid="3894" ordinal="0" offset="25" sl="209" sc="0" el="209" ec="0" bec="0" bev="0" fileid="3" />
                <SequencePoint vc="0" uspid="3895" ordinal="0" offset="110" sl="211" sc="0" el="211" ec="0" bec="0" bev="0" fileid="3" />
                <SequencePoint vc="0" uspid="3896" ordinal="0" offset="111" sl="212" sc="0" el="212" ec="0" bec="0" bev="0" fileid="3" />
                <SequencePoint vc="0" uspid="3897" ordinal="0" offset="114" sl="212" sc="0" el="212" ec="0" bec="0" bev="0" fileid="3" />
                <SequencePoint vc="0" uspid="3898" ordinal="0" offset="117" sl="213" sc="0" el="213" ec="0" bec="0" bev="0" fileid="3" />
                <SequencePoint vc="0" uspid="3899" ordinal="0" offset="145" sl="215" sc="0" el="215" ec="0" bec="0" bev="0" fileid="3" />
                <SequencePoint vc="0" uspid="3900" ordinal="0" offset="146" sl="217" sc="0" el="217" ec="0" bec="0" bev="0" fileid="3" />
                <SequencePoint vc="0" uspid="3901" ordinal="0" offset="147" sl="207" sc="0" el="207" ec="0" bec="0" bev="0" fileid="3" />
                <SequencePoint vc="0" uspid="3902" ordinal="0" offset="153" sl="207" sc="0" el="207" ec="0" bec="0" bev="0" fileid="3" />
                <SequencePoint vc="0" uspid="3903" ordinal="0" offset="183" sl="218" sc="0" el="218" ec="0" bec="0" bev="0" fileid="3" />
                <SequencePoint vc="0" uspid="3904" ordinal="0" offset="184" sl="205" sc="0" el="205" ec="0" bec="0" bev="0" fileid="3" />
                <SequencePoint vc="0" uspid="3905" ordinal="0" offset="190" sl="205" sc="0" el="205" ec="0" bec="0" bev="0" fileid="3" />
                <SequencePoint vc="0" uspid="3906" ordinal="0" offset="220" sl="220" sc="0" el="220" ec="0" bec="0" bev="0" fileid="3" />
                <SequencePoint vc="0" uspid="3907" ordinal="0" offset="237" sl="222" sc="0" el="222" ec="0" bec="0" bev="0" fileid="3" />
                <SequencePoint vc="0" uspid="3908" ordinal="0" offset="244" sl="223" sc="0" el="223" ec="0" bec="0" bev="0" fileid="3" />
                <SequencePoint vc="0" uspid="3909" ordinal="0" offset="245" sl="224" sc="0" el="224" ec="0" bec="0" bev="0" fileid="3" />
                <SequencePoint vc="0" uspid="3910" ordinal="0" offset="274" sl="230" sc="0" el="230" ec="0" bec="0" bev="0" fileid="3" />
                <SequencePoint vc="0" uspid="3911" ordinal="0" offset="291" sl="231" sc="0" el="231" ec="0" bec="0" bev="0" fileid="3" />
                <SequencePoint vc="0" uspid="3912" ordinal="0" offset="299" sl="232" sc="0" el="232" ec="0" bec="0" bev="0" fileid="3" />
                <SequencePoint vc="0" uspid="3913" ordinal="0" offset="306" sl="233" sc="0" el="233" ec="0" bec="0" bev="0" fileid="3" />
                <SequencePoint vc="0" uspid="3914" ordinal="0" offset="307" sl="234" sc="0" el="234" ec="0" bec="0" bev="0" fileid="3" />
              </SequencePoints>
              <BranchPoints />
            </Method>
            <Method visited="false" cyclomaticComplexity="0" nPathComplexity="0" sequenceCoverage="0.0" branchCoverage="0" crapScore="0" isConstructor="false" isStatic="true" isGetter="false" isSetter="false">
              <Summary numSequencePoints="18" visitedSequencePoints="0" numBranchPoints="0" visitedBranchPoints="0" sequenceCoverage="0.0" branchCoverage="0" maxCyclomaticComplexity="0" minCyclomaticComplexity="0" maxCrapScore="0" minCrapScore="0" visitedClasses="0" numClasses="0" visitedMethods="0" numMethods="1" />
              <MetadataToken>100663307</MetadataToken>
              <Name>static System.Void BuildingPlacer::attachToBuildings(UnityEngine.GameObject)</Name>
              <FileRef uid="3" />
              <SequencePoints>
                <SequencePoint vc="0" uspid="3915" ordinal="0" offset="0" sl="237" sc="0" el="237" ec="0" bec="0" bev="0" fileid="3" />
                <SequencePoint vc="0" uspid="3916" ordinal="0" offset="1" sl="238" sc="0" el="238" ec="0" bec="0" bev="0" fileid="3" />
                <SequencePoint vc="0" uspid="3917" ordinal="0" offset="3" sl="239" sc="0" el="239" ec="0" bec="0" bev="0" fileid="3" />
                <SequencePoint vc="0" uspid="3918" ordinal="0" offset="16" sl="241" sc="0" el="241" ec="0" bec="0" bev="0" fileid="3" />
                <SequencePoint vc="0" uspid="3919" ordinal="0" offset="27" sl="240" sc="0" el="240" ec="0" bec="0" bev="0" fileid="3" />
                <SequencePoint vc="0" uspid="3920" ordinal="0" offset="62" sl="243" sc="0" el="243" ec="0" bec="0" bev="0" fileid="3" />
                <SequencePoint vc="0" uspid="3921" ordinal="0" offset="70" sl="245" sc="0" el="245" ec="0" bec="0" bev="0" fileid="3" />
                <SequencePoint vc="0" uspid="3922" ordinal="0" offset="71" sl="245" sc="0" el="245" ec="0" bec="0" bev="0" fileid="3" />
                <SequencePoint vc="0" uspid="3923" ordinal="0" offset="79" sl="245" sc="0" el="245" ec="0" bec="0" bev="0" fileid="3" />
                <SequencePoint vc="0" uspid="3924" ordinal="0" offset="86" sl="246" sc="0" el="246" ec="0" bec="0" bev="0" fileid="3" />
                <SequencePoint vc="0" uspid="3925" ordinal="0" offset="87" sl="247" sc="0" el="247" ec="0" bec="0" bev="0" fileid="3" />
                <SequencePoint vc="0" uspid="3926" ordinal="0" offset="110" sl="248" sc="0" el="248" ec="0" bec="0" bev="0" fileid="3" />
                <SequencePoint vc="0" uspid="3927" ordinal="0" offset="111" sl="249" sc="0" el="249" ec="0" bec="0" bev="0" fileid="3" />
                <SequencePoint vc="0" uspid="3928" ordinal="0" offset="135" sl="250" sc="0" el="250" ec="0" bec="0" bev="0" fileid="3" />
                <SequencePoint vc="0" uspid="3929" ordinal="0" offset="154" sl="252" sc="0" el="252" ec="0" bec="0" bev="0" fileid="3" />
                <SequencePoint vc="0" uspid="3930" ordinal="0" offset="156" sl="254" sc="0" el="254" ec="0" bec="0" bev="0" fileid="3" />
                <SequencePoint vc="0" uspid="3931" ordinal="0" offset="163" sl="245" sc="0" el="245" ec="0" bec="0" bev="0" fileid="3" />
                <SequencePoint vc="0" uspid="3932" ordinal="0" offset="171" sl="256" sc="0" el="256" ec="0" bec="0" bev="0" fileid="3" />
              </SequencePoints>
              <BranchPoints />
            </Method>
            <Method visited="false" cyclomaticComplexity="0" nPathComplexity="0" sequenceCoverage="0.0" branchCoverage="0" crapScore="0" isConstructor="false" isStatic="true" isGetter="false" isSetter="false">
              <Summary numSequencePoints="14" visitedSequencePoints="0" numBranchPoints="0" visitedBranchPoints="0" sequenceCoverage="0.0" branchCoverage="0" maxCyclomaticComplexity="0" minCyclomaticComplexity="0" maxCrapScore="0" minCrapScore="0" visitedClasses="0" numClasses="0" visitedMethods="0" numMethods="1" />
              <MetadataToken>100663308</MetadataToken>
              <Name>static System.String BuildingPlacer::cropClone(System.String, System.Int32)</Name>
              <FileRef uid="3" />
              <SequencePoints>
                <SequencePoint vc="0" uspid="3933" ordinal="0" offset="0" sl="259" sc="5" el="259" ec="5" bec="0" bev="0" fileid="3" />
                <SequencePoint vc="0" uspid="3934" ordinal="0" offset="1" sl="260" sc="9" el="260" ec="9" bec="0" bev="0" fileid="3" />
                <SequencePoint vc="0" uspid="3935" ordinal="0" offset="7" sl="262" sc="13" el="262" ec="13" bec="0" bev="0" fileid="3" />
                <SequencePoint vc="0" uspid="3936" ordinal="0" offset="11" sl="263" sc="9" el="263" ec="9" bec="0" bev="0" fileid="3" />
                <SequencePoint vc="0" uspid="3937" ordinal="0" offset="12" sl="264" sc="13" el="264" ec="13" bec="0" bev="0" fileid="3" />
                <SequencePoint vc="0" uspid="3938" ordinal="0" offset="27" sl="265" sc="13" el="265" ec="13" bec="0" bev="0" fileid="3" />
                <SequencePoint vc="0" uspid="3939" ordinal="0" offset="28" sl="266" sc="17" el="266" ec="17" bec="0" bev="0" fileid="3" />
                <SequencePoint vc="0" uspid="3940" ordinal="0" offset="30" sl="268" sc="13" el="268" ec="13" bec="0" bev="0" fileid="3" />
                <SequencePoint vc="0" uspid="3941" ordinal="0" offset="44" sl="269" sc="9" el="269" ec="9" bec="0" bev="0" fileid="3" />
                <SequencePoint vc="0" uspid="3942" ordinal="0" offset="45" sl="262" sc="41" el="262" ec="41" bec="0" bev="0" fileid="3" />
                <SequencePoint vc="0" uspid="3943" ordinal="0" offset="49" sl="262" sc="24" el="262" ec="24" bec="0" bev="0" fileid="3" />
                <SequencePoint vc="0" uspid="3944" ordinal="0" offset="62" sl="270" sc="9" el="270" ec="9" bec="0" bev="0" fileid="3" />
                <SequencePoint vc="0" uspid="3945" ordinal="0" offset="76" sl="272" sc="9" el="272" ec="9" bec="0" bev="0" fileid="3" />
                <SequencePoint vc="0" uspid="3946" ordinal="0" offset="86" sl="273" sc="5" el="273" ec="5" bec="0" bev="0" fileid="3" />
              </SequencePoints>
              <BranchPoints />
            </Method>
            <Method visited="false" cyclomaticComplexity="0" nPathComplexity="0" sequenceCoverage="0.0" branchCoverage="0" crapScore="0" isConstructor="false" isStatic="false" isGetter="false" isSetter="false">
              <Summary numSequencePoints="33" visitedSequencePoints="0" numBranchPoints="0" visitedBranchPoints="0" sequenceCoverage="0.0" branchCoverage="0" maxCyclomaticComplexity="0" minCyclomaticComplexity="0" maxCrapScore="0" minCrapScore="0" visitedClasses="0" numClasses="0" visitedMethods="0" numMethods="1" />
              <MetadataToken>100663309</MetadataToken>
              <Name>System.Void BuildingPlacer::selectObject()</Name>
              <FileRef uid="3" />
              <SequencePoints>
                <SequencePoint vc="0" uspid="3947" ordinal="0" offset="0" sl="367" sc="0" el="367" ec="0" bec="0" bev="0" fileid="3" />
                <SequencePoint vc="0" uspid="3948" ordinal="0" offset="1" sl="368" sc="0" el="368" ec="0" bec="0" bev="0" fileid="3" />
                <SequencePoint vc="0" uspid="3949" ordinal="0" offset="14" sl="369" sc="0" el="369" ec="0" bec="0" bev="0" fileid="3" />
                <SequencePoint vc="0" uspid="3950" ordinal="0" offset="15" sl="370" sc="0" el="370" ec="0" bec="0" bev="0" fileid="3" />
                <SequencePoint vc="0" uspid="3951" ordinal="0" offset="31" sl="371" sc="0" el="371" ec="0" bec="0" bev="0" fileid="3" />
                <SequencePoint vc="0" uspid="3952" ordinal="0" offset="47" sl="372" sc="0" el="372" ec="0" bec="0" bev="0" fileid="3" />
                <SequencePoint vc="0" uspid="3953" ordinal="0" offset="48" sl="373" sc="0" el="373" ec="0" bec="0" bev="0" fileid="3" />
                <SequencePoint vc="0" uspid="3954" ordinal="0" offset="71" sl="374" sc="0" el="374" ec="0" bec="0" bev="0" fileid="3" />
                <SequencePoint vc="0" uspid="3955" ordinal="0" offset="78" sl="375" sc="0" el="375" ec="0" bec="0" bev="0" fileid="3" />
                <SequencePoint vc="0" uspid="3956" ordinal="0" offset="85" sl="376" sc="0" el="376" ec="0" bec="0" bev="0" fileid="3" />
                <SequencePoint vc="0" uspid="3957" ordinal="0" offset="98" sl="377" sc="0" el="377" ec="0" bec="0" bev="0" fileid="3" />
                <SequencePoint vc="0" uspid="3958" ordinal="0" offset="99" sl="378" sc="0" el="378" ec="0" bec="0" bev="0" fileid="3" />
                <SequencePoint vc="0" uspid="3959" ordinal="0" offset="118" sl="379" sc="0" el="379" ec="0" bec="0" bev="0" fileid="3" />
                <SequencePoint vc="0" uspid="3960" ordinal="0" offset="119" sl="381" sc="0" el="381" ec="0" bec="0" bev="0" fileid="3" />
                <SequencePoint vc="0" uspid="3961" ordinal="0" offset="136" sl="382" sc="0" el="382" ec="0" bec="0" bev="0" fileid="3" />
                <SequencePoint vc="0" uspid="3962" ordinal="0" offset="158" sl="383" sc="0" el="383" ec="0" bec="0" bev="0" fileid="3" />
                <SequencePoint vc="0" uspid="3963" ordinal="0" offset="180" sl="384" sc="0" el="384" ec="0" bec="0" bev="0" fileid="3" />
                <SequencePoint vc="0" uspid="3964" ordinal="0" offset="181" sl="385" sc="0" el="385" ec="0" bec="0" bev="0" fileid="3" />
                <SequencePoint vc="0" uspid="3965" ordinal="0" offset="204" sl="386" sc="0" el="386" ec="0" bec="0" bev="0" fileid="3" />
                <SequencePoint vc="0" uspid="3966" ordinal="0" offset="217" sl="387" sc="0" el="387" ec="0" bec="0" bev="0" fileid="3" />
                <SequencePoint vc="0" uspid="3967" ordinal="0" offset="230" sl="388" sc="0" el="388" ec="0" bec="0" bev="0" fileid="3" />
                <SequencePoint vc="0" uspid="3968" ordinal="0" offset="249" sl="389" sc="0" el="389" ec="0" bec="0" bev="0" fileid="3" />
                <SequencePoint vc="0" uspid="3969" ordinal="0" offset="257" sl="390" sc="0" el="390" ec="0" bec="0" bev="0" fileid="3" />
                <SequencePoint vc="0" uspid="3970" ordinal="0" offset="282" sl="391" sc="0" el="391" ec="0" bec="0" bev="0" fileid="3" />
                <SequencePoint vc="0" uspid="3971" ordinal="0" offset="290" sl="392" sc="0" el="392" ec="0" bec="0" bev="0" fileid="3" />
                <SequencePoint vc="0" uspid="3972" ordinal="0" offset="293" sl="394" sc="0" el="394" ec="0" bec="0" bev="0" fileid="3" />
                <SequencePoint vc="0" uspid="3973" ordinal="0" offset="294" sl="395" sc="0" el="395" ec="0" bec="0" bev="0" fileid="3" />
                <SequencePoint vc="0" uspid="3974" ordinal="0" offset="301" sl="396" sc="0" el="396" ec="0" bec="0" bev="0" fileid="3" />
                <SequencePoint vc="0" uspid="3975" ordinal="0" offset="314" sl="397" sc="0" el="397" ec="0" bec="0" bev="0" fileid="3" />
                <SequencePoint vc="0" uspid="3976" ordinal="0" offset="321" sl="398" sc="0" el="398" ec="0" bec="0" bev="0" fileid="3" />
                <SequencePoint vc="0" uspid="3977" ordinal="0" offset="322" sl="399" sc="0" el="399" ec="0" bec="0" bev="0" fileid="3" />
                <SequencePoint vc="0" uspid="3978" ordinal="0" offset="323" sl="400" sc="0" el="400" ec="0" bec="0" bev="0" fileid="3" />
                <SequencePoint vc="0" uspid="3979" ordinal="0" offset="324" sl="401" sc="0" el="401" ec="0" bec="0" bev="0" fileid="3" />
              </SequencePoints>
              <BranchPoints />
            </Method>
            <Method visited="false" cyclomaticComplexity="0" nPathComplexity="0" sequenceCoverage="0.0" branchCoverage="0" crapScore="0" isConstructor="false" isStatic="false" isGetter="false" isSetter="false">
              <Summary numSequencePoints="35" visitedSequencePoints="0" numBranchPoints="0" visitedBranchPoints="0" sequenceCoverage="0.0" branchCoverage="0" maxCyclomaticComplexity="0" minCyclomaticComplexity="0" maxCrapScore="0" minCrapScore="0" visitedClasses="0" numClasses="0" visitedMethods="0" numMethods="1" />
              <MetadataToken>100663310</MetadataToken>
              <Name>System.Void BuildingPlacer::DeleteObject()</Name>
              <FileRef uid="3" />
              <SequencePoints>
                <SequencePoint vc="0" uspid="3980" ordinal="0" offset="0" sl="403" sc="0" el="403" ec="0" bec="0" bev="0" fileid="3" />
                <SequencePoint vc="0" uspid="3981" ordinal="0" offset="1" sl="404" sc="0" el="404" ec="0" bec="0" bev="0" fileid="3" />
                <SequencePoint vc="0" uspid="3982" ordinal="0" offset="20" sl="405" sc="0" el="405" ec="0" bec="0" bev="0" fileid="3" />
                <SequencePoint vc="0" uspid="3983" ordinal="0" offset="21" sl="406" sc="0" el="406" ec="0" bec="0" bev="0" fileid="3" />
                <SequencePoint vc="0" uspid="3984" ordinal="0" offset="38" sl="407" sc="0" el="407" ec="0" bec="0" bev="0" fileid="3" />
                <SequencePoint vc="0" uspid="3985" ordinal="0" offset="78" sl="408" sc="0" el="408" ec="0" bec="0" bev="0" fileid="3" />
                <SequencePoint vc="0" uspid="3986" ordinal="0" offset="79" sl="409" sc="0" el="409" ec="0" bec="0" bev="0" fileid="3" />
                <SequencePoint vc="0" uspid="3987" ordinal="0" offset="106" sl="410" sc="0" el="410" ec="0" bec="0" bev="0" fileid="3" />
                <SequencePoint vc="0" uspid="3988" ordinal="0" offset="107" sl="411" sc="0" el="411" ec="0" bec="0" bev="0" fileid="3" />
                <SequencePoint vc="0" uspid="3989" ordinal="0" offset="126" sl="412" sc="0" el="412" ec="0" bec="0" bev="0" fileid="3" />
                <SequencePoint vc="0" uspid="3990" ordinal="0" offset="127" sl="413" sc="0" el="413" ec="0" bec="0" bev="0" fileid="3" />
                <SequencePoint vc="0" uspid="3991" ordinal="0" offset="169" sl="414" sc="0" el="414" ec="0" bec="0" bev="0" fileid="3" />
                <SequencePoint vc="0" uspid="3992" ordinal="0" offset="170" sl="415" sc="0" el="415" ec="0" bec="0" bev="0" fileid="3" />
                <SequencePoint vc="0" uspid="3993" ordinal="0" offset="197" sl="416" sc="0" el="416" ec="0" bec="0" bev="0" fileid="3" />
                <SequencePoint vc="0" uspid="3994" ordinal="0" offset="200" sl="418" sc="0" el="418" ec="0" bec="0" bev="0" fileid="3" />
                <SequencePoint vc="0" uspid="3995" ordinal="0" offset="201" sl="419" sc="0" el="419" ec="0" bec="0" bev="0" fileid="3" />
                <SequencePoint vc="0" uspid="3996" ordinal="0" offset="218" sl="420" sc="0" el="420" ec="0" bec="0" bev="0" fileid="3" />
                <SequencePoint vc="0" uspid="3997" ordinal="0" offset="219" sl="421" sc="0" el="421" ec="0" bec="0" bev="0" fileid="3" />
                <SequencePoint vc="0" uspid="3998" ordinal="0" offset="232" sl="422" sc="0" el="422" ec="0" bec="0" bev="0" fileid="3" />
                <SequencePoint vc="0" uspid="3999" ordinal="0" offset="233" sl="422" sc="0" el="422" ec="0" bec="0" bev="0" fileid="3" />
                <SequencePoint vc="0" uspid="4000" ordinal="0" offset="290" sl="422" sc="0" el="422" ec="0" bec="0" bev="0" fileid="3" />
                <SequencePoint vc="0" uspid="4001" ordinal="0" offset="303" sl="423" sc="0" el="423" ec="0" bec="0" bev="0" fileid="3" />
                <SequencePoint vc="0" uspid="4002" ordinal="0" offset="304" sl="424" sc="0" el="424" ec="0" bec="0" bev="0" fileid="3" />
                <SequencePoint vc="0" uspid="4003" ordinal="0" offset="321" sl="425" sc="0" el="425" ec="0" bec="0" bev="0" fileid="3" />
                <SequencePoint vc="0" uspid="4004" ordinal="0" offset="322" sl="426" sc="0" el="426" ec="0" bec="0" bev="0" fileid="3" />
                <SequencePoint vc="0" uspid="4005" ordinal="0" offset="331" sl="427" sc="0" el="427" ec="0" bec="0" bev="0" fileid="3" />
                <SequencePoint vc="0" uspid="4006" ordinal="0" offset="340" sl="428" sc="0" el="428" ec="0" bec="0" bev="0" fileid="3" />
                <SequencePoint vc="0" uspid="4007" ordinal="0" offset="353" sl="429" sc="0" el="429" ec="0" bec="0" bev="0" fileid="3" />
                <SequencePoint vc="0" uspid="4008" ordinal="0" offset="354" sl="430" sc="0" el="430" ec="0" bec="0" bev="0" fileid="3" />
                <SequencePoint vc="0" uspid="4009" ordinal="0" offset="361" sl="422" sc="0" el="422" ec="0" bec="0" bev="0" fileid="3" />
                <SequencePoint vc="0" uspid="4010" ordinal="0" offset="373" sl="422" sc="0" el="422" ec="0" bec="0" bev="0" fileid="3" />
                <SequencePoint vc="0" uspid="4011" ordinal="0" offset="379" sl="431" sc="0" el="431" ec="0" bec="0" bev="0" fileid="3" />
                <SequencePoint vc="0" uspid="4012" ordinal="0" offset="392" sl="432" sc="0" el="432" ec="0" bec="0" bev="0" fileid="3" />
                <SequencePoint vc="0" uspid="4013" ordinal="0" offset="393" sl="433" sc="0" el="433" ec="0" bec="0" bev="0" fileid="3" />
                <SequencePoint vc="0" uspid="4014" ordinal="0" offset="394" sl="434" sc="0" el="434" ec="0" bec="0" bev="0" fileid="3" />
              </SequencePoints>
              <BranchPoints />
            </Method>
            <Method visited="false" cyclomaticComplexity="0" nPathComplexity="0" sequenceCoverage="0.0" branchCoverage="0" crapScore="0" isConstructor="false" isStatic="false" isGetter="false" isSetter="false">
              <Summary numSequencePoints="16" visitedSequencePoints="0" numBranchPoints="0" visitedBranchPoints="0" sequenceCoverage="0.0" branchCoverage="0" maxCyclomaticComplexity="0" minCyclomaticComplexity="0" maxCrapScore="0" minCrapScore="0" visitedClasses="0" numClasses="0" visitedMethods="0" numMethods="1" />
              <MetadataToken>100663311</MetadataToken>
              <Name>Cell BuildingPlacer::cellInfo()</Name>
              <FileRef uid="3" />
              <SequencePoints>
                <SequencePoint vc="0" uspid="4015" ordinal="0" offset="0" sl="436" sc="0" el="436" ec="0" bec="0" bev="0" fileid="3" />
                <SequencePoint vc="0" uspid="4016" ordinal="0" offset="1" sl="437" sc="0" el="437" ec="0" bec="0" bev="0" fileid="3" />
                <SequencePoint vc="0" uspid="4017" ordinal="0" offset="8" sl="438" sc="0" el="438" ec="0" bec="0" bev="0" fileid="3" />
                <SequencePoint vc="0" uspid="4018" ordinal="0" offset="9" sl="439" sc="0" el="439" ec="0" bec="0" bev="0" fileid="3" />
                <SequencePoint vc="0" uspid="4019" ordinal="0" offset="13" sl="440" sc="0" el="440" ec="0" bec="0" bev="0" fileid="3" />
                <SequencePoint vc="0" uspid="4020" ordinal="0" offset="14" sl="441" sc="0" el="441" ec="0" bec="0" bev="0" fileid="3" />
                <SequencePoint vc="0" uspid="4021" ordinal="0" offset="93" sl="443" sc="0" el="443" ec="0" bec="0" bev="0" fileid="3" />
                <SequencePoint vc="0" uspid="4022" ordinal="0" offset="94" sl="444" sc="0" el="444" ec="0" bec="0" bev="0" fileid="3" />
                <SequencePoint vc="0" uspid="4023" ordinal="0" offset="115" sl="447" sc="0" el="447" ec="0" bec="0" bev="0" fileid="3" />
                <SequencePoint vc="0" uspid="4024" ordinal="0" offset="116" sl="439" sc="0" el="439" ec="0" bec="0" bev="0" fileid="3" />
                <SequencePoint vc="0" uspid="4025" ordinal="0" offset="120" sl="439" sc="0" el="439" ec="0" bec="0" bev="0" fileid="3" />
                <SequencePoint vc="0" uspid="4026" ordinal="0" offset="149" sl="448" sc="0" el="448" ec="0" bec="0" bev="0" fileid="3" />
                <SequencePoint vc="0" uspid="4027" ordinal="0" offset="150" sl="437" sc="0" el="437" ec="0" bec="0" bev="0" fileid="3" />
                <SequencePoint vc="0" uspid="4028" ordinal="0" offset="154" sl="437" sc="0" el="437" ec="0" bec="0" bev="0" fileid="3" />
                <SequencePoint vc="0" uspid="4029" ordinal="0" offset="183" sl="449" sc="0" el="449" ec="0" bec="0" bev="0" fileid="3" />
                <SequencePoint vc="0" uspid="4030" ordinal="0" offset="187" sl="450" sc="0" el="450" ec="0" bec="0" bev="0" fileid="3" />
              </SequencePoints>
              <BranchPoints />
            </Method>
            <Method visited="false" cyclomaticComplexity="0" nPathComplexity="0" sequenceCoverage="0.0" branchCoverage="0" crapScore="0" isConstructor="false" isStatic="true" isGetter="false" isSetter="false">
              <Summary numSequencePoints="54" visitedSequencePoints="0" numBranchPoints="0" visitedBranchPoints="0" sequenceCoverage="0.0" branchCoverage="0" maxCyclomaticComplexity="0" minCyclomaticComplexity="0" maxCrapScore="0" minCrapScore="0" visitedClasses="0" numClasses="0" visitedMethods="0" numMethods="1" />
              <MetadataToken>100663312</MetadataToken>
              <Name>static System.Boolean BuildingPlacer::assign_cells(Map, BuildingPreset, System.Int32, System.Int32)</Name>
              <FileRef uid="3" />
              <SequencePoints>
                <SequencePoint vc="0" uspid="4031" ordinal="0" offset="0" sl="452" sc="0" el="452" ec="0" bec="0" bev="0" fileid="3" />
                <SequencePoint vc="0" uspid="4032" ordinal="0" offset="1" sl="453" sc="0" el="453" ec="0" bec="0" bev="0" fileid="3" />
                <SequencePoint vc="0" uspid="4033" ordinal="0" offset="3" sl="454" sc="0" el="454" ec="0" bec="0" bev="0" fileid="3" />
                <SequencePoint vc="0" uspid="4034" ordinal="0" offset="9" sl="455" sc="0" el="455" ec="0" bec="0" bev="0" fileid="3" />
                <SequencePoint vc="0" uspid="4035" ordinal="0" offset="17" sl="456" sc="0" el="456" ec="0" bec="0" bev="0" fileid="3" />
                <SequencePoint vc="0" uspid="4036" ordinal="0" offset="31" sl="457" sc="0" el="457" ec="0" bec="0" bev="0" fileid="3" />
                <SequencePoint vc="0" uspid="4037" ordinal="0" offset="36" sl="458" sc="0" el="458" ec="0" bec="0" bev="0" fileid="3" />
                <SequencePoint vc="0" uspid="4038" ordinal="0" offset="41" sl="459" sc="0" el="459" ec="0" bec="0" bev="0" fileid="3" />
                <SequencePoint vc="0" uspid="4039" ordinal="0" offset="46" sl="460" sc="0" el="460" ec="0" bec="0" bev="0" fileid="3" />
                <SequencePoint vc="0" uspid="4040" ordinal="0" offset="51" sl="464" sc="0" el="464" ec="0" bec="0" bev="0" fileid="3" />
                <SequencePoint vc="0" uspid="4041" ordinal="0" offset="106" sl="465" sc="0" el="465" ec="0" bec="0" bev="0" fileid="3" />
                <SequencePoint vc="0" uspid="4042" ordinal="0" offset="107" sl="466" sc="0" el="466" ec="0" bec="0" bev="0" fileid="3" />
                <SequencePoint vc="0" uspid="4043" ordinal="0" offset="115" sl="469" sc="0" el="469" ec="0" bec="0" bev="0" fileid="3" />
                <SequencePoint vc="0" uspid="4044" ordinal="0" offset="116" sl="470" sc="0" el="470" ec="0" bec="0" bev="0" fileid="3" />
                <SequencePoint vc="0" uspid="4045" ordinal="0" offset="125" sl="471" sc="0" el="471" ec="0" bec="0" bev="0" fileid="3" />
                <SequencePoint vc="0" uspid="4046" ordinal="0" offset="126" sl="472" sc="0" el="472" ec="0" bec="0" bev="0" fileid="3" />
                <SequencePoint vc="0" uspid="4047" ordinal="0" offset="135" sl="473" sc="0" el="473" ec="0" bec="0" bev="0" fileid="3" />
                <SequencePoint vc="0" uspid="4048" ordinal="0" offset="136" sl="474" sc="0" el="474" ec="0" bec="0" bev="0" fileid="3" />
                <SequencePoint vc="0" uspid="4049" ordinal="0" offset="162" sl="475" sc="0" el="475" ec="0" bec="0" bev="0" fileid="3" />
                <SequencePoint vc="0" uspid="4050" ordinal="0" offset="163" sl="476" sc="0" el="476" ec="0" bec="0" bev="0" fileid="3" />
                <SequencePoint vc="0" uspid="4051" ordinal="0" offset="185" sl="477" sc="0" el="477" ec="0" bec="0" bev="0" fileid="3" />
                <SequencePoint vc="0" uspid="4052" ordinal="0" offset="212" sl="478" sc="0" el="478" ec="0" bec="0" bev="0" fileid="3" />
                <SequencePoint vc="0" uspid="4053" ordinal="0" offset="234" sl="480" sc="0" el="480" ec="0" bec="0" bev="0" fileid="3" />
                <SequencePoint vc="0" uspid="4054" ordinal="0" offset="240" sl="482" sc="0" el="482" ec="0" bec="0" bev="0" fileid="3" />
                <SequencePoint vc="0" uspid="4055" ordinal="0" offset="241" sl="483" sc="0" el="483" ec="0" bec="0" bev="0" fileid="3" />
                <SequencePoint vc="0" uspid="4056" ordinal="0" offset="247" sl="484" sc="0" el="484" ec="0" bec="0" bev="0" fileid="3" />
                <SequencePoint vc="0" uspid="4057" ordinal="0" offset="255" sl="486" sc="0" el="486" ec="0" bec="0" bev="0" fileid="3" />
                <SequencePoint vc="0" uspid="4058" ordinal="0" offset="256" sl="487" sc="0" el="487" ec="0" bec="0" bev="0" fileid="3" />
                <SequencePoint vc="0" uspid="4059" ordinal="0" offset="278" sl="488" sc="0" el="488" ec="0" bec="0" bev="0" fileid="3" />
                <SequencePoint vc="0" uspid="4060" ordinal="0" offset="304" sl="489" sc="0" el="489" ec="0" bec="0" bev="0" fileid="3" />
                <SequencePoint vc="0" uspid="4061" ordinal="0" offset="326" sl="490" sc="0" el="490" ec="0" bec="0" bev="0" fileid="3" />
                <SequencePoint vc="0" uspid="4062" ordinal="0" offset="327" sl="485" sc="0" el="485" ec="0" bec="0" bev="0" fileid="3" />
                <SequencePoint vc="0" uspid="4063" ordinal="0" offset="333" sl="485" sc="0" el="485" ec="0" bec="0" bev="0" fileid="3" />
                <SequencePoint vc="0" uspid="4064" ordinal="0" offset="350" sl="492" sc="0" el="492" ec="0" bec="0" bev="0" fileid="3" />
                <SequencePoint vc="0" uspid="4065" ordinal="0" offset="351" sl="493" sc="0" el="493" ec="0" bec="0" bev="0" fileid="3" />
                <SequencePoint vc="0" uspid="4066" ordinal="0" offset="357" sl="494" sc="0" el="494" ec="0" bec="0" bev="0" fileid="3" />
                <SequencePoint vc="0" uspid="4067" ordinal="0" offset="358" sl="495" sc="0" el="495" ec="0" bec="0" bev="0" fileid="3" />
                <SequencePoint vc="0" uspid="4068" ordinal="0" offset="380" sl="496" sc="0" el="496" ec="0" bec="0" bev="0" fileid="3" />
                <SequencePoint vc="0" uspid="4069" ordinal="0" offset="406" sl="497" sc="0" el="497" ec="0" bec="0" bev="0" fileid="3" />
                <SequencePoint vc="0" uspid="4070" ordinal="0" offset="428" sl="498" sc="0" el="498" ec="0" bec="0" bev="0" fileid="3" />
                <SequencePoint vc="0" uspid="4071" ordinal="0" offset="429" sl="493" sc="0" el="493" ec="0" bec="0" bev="0" fileid="3" />
                <SequencePoint vc="0" uspid="4072" ordinal="0" offset="435" sl="493" sc="0" el="493" ec="0" bec="0" bev="0" fileid="3" />
                <SequencePoint vc="0" uspid="4073" ordinal="0" offset="450" sl="499" sc="0" el="499" ec="0" bec="0" bev="0" fileid="3" />
                <SequencePoint vc="0" uspid="4074" ordinal="0" offset="451" sl="491" sc="0" el="491" ec="0" bec="0" bev="0" fileid="3" />
                <SequencePoint vc="0" uspid="4075" ordinal="0" offset="457" sl="491" sc="0" el="491" ec="0" bec="0" bev="0" fileid="3" />
                <SequencePoint vc="0" uspid="4076" ordinal="0" offset="472" sl="500" sc="0" el="500" ec="0" bec="0" bev="0" fileid="3" />
                <SequencePoint vc="0" uspid="4077" ordinal="0" offset="477" sl="502" sc="0" el="502" ec="0" bec="0" bev="0" fileid="3" />
                <SequencePoint vc="0" uspid="4078" ordinal="0" offset="478" sl="472" sc="0" el="472" ec="0" bec="0" bev="0" fileid="3" />
                <SequencePoint vc="0" uspid="4079" ordinal="0" offset="484" sl="472" sc="0" el="472" ec="0" bec="0" bev="0" fileid="3" />
                <SequencePoint vc="0" uspid="4080" ordinal="0" offset="502" sl="503" sc="0" el="503" ec="0" bec="0" bev="0" fileid="3" />
                <SequencePoint vc="0" uspid="4081" ordinal="0" offset="503" sl="470" sc="0" el="470" ec="0" bec="0" bev="0" fileid="3" />
                <SequencePoint vc="0" uspid="4082" ordinal="0" offset="509" sl="470" sc="0" el="470" ec="0" bec="0" bev="0" fileid="3" />
                <SequencePoint vc="0" uspid="4083" ordinal="0" offset="527" sl="504" sc="0" el="504" ec="0" bec="0" bev="0" fileid="3" />
                <SequencePoint vc="0" uspid="4084" ordinal="0" offset="532" sl="506" sc="0" el="506" ec="0" bec="0" bev="0" fileid="3" />
              </SequencePoints>
              <BranchPoints />
            </Method>
            <Method visited="false" cyclomaticComplexity="0" nPathComplexity="0" sequenceCoverage="0.0" branchCoverage="0" crapScore="0" isConstructor="false" isStatic="false" isGetter="false" isSetter="false">
              <Summary numSequencePoints="4" visitedSequencePoints="0" numBranchPoints="0" visitedBranchPoints="0" sequenceCoverage="0.0" branchCoverage="0" maxCyclomaticComplexity="0" minCyclomaticComplexity="0" maxCrapScore="0" minCrapScore="0" visitedClasses="0" numClasses="0" visitedMethods="0" numMethods="1" />
              <MetadataToken>100663313</MetadataToken>
              <Name>System.Void BuildingPlacer::Start()</Name>
              <FileRef uid="3" />
              <SequencePoints>
                <SequencePoint vc="0" uspid="4085" ordinal="0" offset="0" sl="585" sc="0" el="585" ec="0" bec="0" bev="0" fileid="3" />
                <SequencePoint vc="0" uspid="4086" ordinal="0" offset="1" sl="587" sc="0" el="587" ec="0" bec="0" bev="0" fileid="3" />
                <SequencePoint vc="0" uspid="4087" ordinal="0" offset="30" sl="588" sc="0" el="588" ec="0" bec="0" bev="0" fileid="3" />
                <SequencePoint vc="0" uspid="4088" ordinal="0" offset="48" sl="594" sc="0" el="594" ec="0" bec="0" bev="0" fileid="3" />
              </SequencePoints>
              <BranchPoints />
            </Method>
            <Method visited="false" cyclomaticComplexity="0" nPathComplexity="0" sequenceCoverage="0.0" branchCoverage="0" crapScore="0" isConstructor="false" isStatic="false" isGetter="false" isSetter="false">
              <Summary numSequencePoints="5" visitedSequencePoints="0" numBranchPoints="0" visitedBranchPoints="0" sequenceCoverage="0.0" branchCoverage="0" maxCyclomaticComplexity="0" minCyclomaticComplexity="0" maxCrapScore="0" minCrapScore="0" visitedClasses="0" numClasses="0" visitedMethods="0" numMethods="1" />
              <MetadataToken>100663314</MetadataToken>
              <Name>System.Void BuildingPlacer::showPanel()</Name>
              <FileRef uid="3" />
              <SequencePoints>
                <SequencePoint vc="0" uspid="4089" ordinal="0" offset="0" sl="596" sc="0" el="596" ec="0" bec="0" bev="0" fileid="3" />
                <SequencePoint vc="0" uspid="4090" ordinal="0" offset="1" sl="597" sc="0" el="597" ec="0" bec="0" bev="0" fileid="3" />
                <SequencePoint vc="0" uspid="4091" ordinal="0" offset="19" sl="598" sc="0" el="598" ec="0" bec="0" bev="0" fileid="3" />
                <SequencePoint vc="0" uspid="4092" ordinal="0" offset="48" sl="599" sc="0" el="599" ec="0" bec="0" bev="0" fileid="3" />
                <SequencePoint vc="0" uspid="4093" ordinal="0" offset="77" sl="600" sc="0" el="600" ec="0" bec="0" bev="0" fileid="3" />
              </SequencePoints>
              <BranchPoints />
            </Method>
            <Method visited="false" cyclomaticComplexity="0" nPathComplexity="0" sequenceCoverage="0.0" branchCoverage="0" crapScore="0" isConstructor="false" isStatic="false" isGetter="false" isSetter="false">
              <Summary numSequencePoints="3" visitedSequencePoints="0" numBranchPoints="0" visitedBranchPoints="0" sequenceCoverage="0.0" branchCoverage="0" maxCyclomaticComplexity="0" minCyclomaticComplexity="0" maxCrapScore="0" minCrapScore="0" visitedClasses="0" numClasses="0" visitedMethods="0" numMethods="1" />
              <MetadataToken>100663315</MetadataToken>
              <Name>System.Void BuildingPlacer::Continue()</Name>
              <FileRef uid="3" />
              <SequencePoints>
                <SequencePoint vc="0" uspid="4094" ordinal="0" offset="0" sl="603" sc="0" el="603" ec="0" bec="0" bev="0" fileid="3" />
                <SequencePoint vc="0" uspid="4095" ordinal="0" offset="1" sl="604" sc="0" el="604" ec="0" bec="0" bev="0" fileid="3" />
                <SequencePoint vc="0" uspid="4096" ordinal="0" offset="19" sl="605" sc="0" el="605" ec="0" bec="0" bev="0" fileid="3" />
              </SequencePoints>
              <BranchPoints />
            </Method>
            <Method visited="false" cyclomaticComplexity="0" nPathComplexity="0" sequenceCoverage="0.0" branchCoverage="0" crapScore="0" isConstructor="false" isStatic="false" isGetter="false" isSetter="false">
              <Summary numSequencePoints="4" visitedSequencePoints="0" numBranchPoints="0" visitedBranchPoints="0" sequenceCoverage="0.0" branchCoverage="0" maxCyclomaticComplexity="0" minCyclomaticComplexity="0" maxCrapScore="0" minCrapScore="0" visitedClasses="0" numClasses="0" visitedMethods="0" numMethods="1" />
              <MetadataToken>100663316</MetadataToken>
              <Name>System.Void BuildingPlacer::SaveAndExit()</Name>
              <FileRef uid="3" />
              <SequencePoints>
                <SequencePoint vc="0" uspid="4097" ordinal="0" offset="0" sl="608" sc="0" el="608" ec="0" bec="0" bev="0" fileid="3" />
                <SequencePoint vc="0" uspid="4098" ordinal="0" offset="1" sl="611" sc="0" el="611" ec="0" bec="0" bev="0" fileid="3" />
                <SequencePoint vc="0" uspid="4099" ordinal="0" offset="12" sl="612" sc="0" el="612" ec="0" bec="0" bev="0" fileid="3" />
                <SequencePoint vc="0" uspid="4100" ordinal="0" offset="18" sl="613" sc="0" el="613" ec="0" bec="0" bev="0" fileid="3" />
              </SequencePoints>
              <BranchPoints />
            </Method>
            <Method visited="false" cyclomaticComplexity="0" nPathComplexity="0" sequenceCoverage="0.0" branchCoverage="0" crapScore="0" isConstructor="false" isStatic="false" isGetter="false" isSetter="false">
              <Summary numSequencePoints="15" visitedSequencePoints="0" numBranchPoints="0" visitedBranchPoints="0" sequenceCoverage="0.0" branchCoverage="0" maxCyclomaticComplexity="0" minCyclomaticComplexity="0" maxCrapScore="0" minCrapScore="0" visitedClasses="0" numClasses="0" visitedMethods="0" numMethods="1" />
              <MetadataToken>100663317</MetadataToken>
              <Name>System.Void BuildingPlacer::Update()</Name>
              <FileRef uid="3" />
              <SequencePoints>
                <SequencePoint vc="0" uspid="4101" ordinal="0" offset="0" sl="641" sc="0" el="641" ec="0" bec="0" bev="0" fileid="3" />
                <SequencePoint vc="0" uspid="4102" ordinal="0" offset="1" sl="642" sc="0" el="642" ec="0" bec="0" bev="0" fileid="3" />
                <SequencePoint vc="0" uspid="4103" ordinal="0" offset="17" sl="643" sc="0" el="643" ec="0" bec="0" bev="0" fileid="3" />
                <SequencePoint vc="0" uspid="4104" ordinal="0" offset="28" sl="644" sc="0" el="644" ec="0" bec="0" bev="0" fileid="3" />
                <SequencePoint vc="0" uspid="4105" ordinal="0" offset="35" sl="645" sc="0" el="645" ec="0" bec="0" bev="0" fileid="3" />
                <SequencePoint vc="0" uspid="4106" ordinal="0" offset="68" sl="646" sc="0" el="646" ec="0" bec="0" bev="0" fileid="3" />
                <SequencePoint vc="0" uspid="4107" ordinal="0" offset="69" sl="647" sc="0" el="647" ec="0" bec="0" bev="0" fileid="3" />
                <SequencePoint vc="0" uspid="4108" ordinal="0" offset="80" sl="649" sc="0" el="649" ec="0" bec="0" bev="0" fileid="3" />
                <SequencePoint vc="0" uspid="4109" ordinal="0" offset="103" sl="650" sc="0" el="650" ec="0" bec="0" bev="0" fileid="3" />
                <SequencePoint vc="0" uspid="4110" ordinal="0" offset="104" sl="651" sc="0" el="651" ec="0" bec="0" bev="0" fileid="3" />
                <SequencePoint vc="0" uspid="4111" ordinal="0" offset="125" sl="652" sc="0" el="652" ec="0" bec="0" bev="0" fileid="3" />
                <SequencePoint vc="0" uspid="4112" ordinal="0" offset="126" sl="653" sc="0" el="653" ec="0" bec="0" bev="0" fileid="3" />
                <SequencePoint vc="0" uspid="4113" ordinal="0" offset="133" sl="654" sc="0" el="654" ec="0" bec="0" bev="0" fileid="3" />
                <SequencePoint vc="0" uspid="4114" ordinal="0" offset="134" sl="655" sc="0" el="655" ec="0" bec="0" bev="0" fileid="3" />
                <SequencePoint vc="0" uspid="4115" ordinal="0" offset="141" sl="656" sc="0" el="656" ec="0" bec="0" bev="0" fileid="3" />
              </SequencePoints>
              <BranchPoints />
            </Method>
            <Method visited="false" cyclomaticComplexity="0" nPathComplexity="0" sequenceCoverage="0.0" branchCoverage="0" crapScore="0" isConstructor="true" isStatic="false" isGetter="false" isSetter="false">
              <Summary numSequencePoints="1" visitedSequencePoints="0" numBranchPoints="0" visitedBranchPoints="0" sequenceCoverage="0.0" branchCoverage="0" maxCyclomaticComplexity="0" minCyclomaticComplexity="0" maxCrapScore="0" minCrapScore="0" visitedClasses="0" numClasses="0" visitedMethods="0" numMethods="1" />
              <MetadataToken>100663318</MetadataToken>
              <Name>BuildingPlacer::BuildingPlacer()</Name>
              <FileRef uid="3" />
              <SequencePoints>
                <SequencePoint vc="0" uspid="4116" ordinal="0" offset="0" sl="18" sc="5" el="18" ec="5" bec="0" bev="0" fileid="3" />
              </SequencePoints>
              <BranchPoints />
            </Method>
          </Methods>
        </Class>
        <Class>
          <Summary numSequencePoints="4" visitedSequencePoints="0" numBranchPoints="0" visitedBranchPoints="0" sequenceCoverage="0.0" branchCoverage="0.0" maxCyclomaticComplexity="0" minCyclomaticComplexity="0" maxCrapScore="0" minCrapScore="0" visitedClasses="0" numClasses="1" visitedMethods="0" numMethods="2" />
          <FullName>BuildingPreset</FullName>
          <Methods>
            <Method visited="false" cyclomaticComplexity="0" nPathComplexity="0" sequenceCoverage="0.0" branchCoverage="0" crapScore="0" isConstructor="false" isStatic="false" isGetter="false" isSetter="false">
              <Summary numSequencePoints="2" visitedSequencePoints="0" numBranchPoints="0" visitedBranchPoints="0" sequenceCoverage="0.0" branchCoverage="0" maxCyclomaticComplexity="0" minCyclomaticComplexity="0" maxCrapScore="0" minCrapScore="0" visitedClasses="0" numClasses="0" visitedMethods="0" numMethods="1" />
              <MetadataToken>100663319</MetadataToken>
              <Name>System.Void BuildingPreset::Start()</Name>
              <FileRef uid="4" />
              <SequencePoints>
                <SequencePoint vc="0" uspid="4117" ordinal="0" offset="0" sl="15" sc="0" el="15" ec="0" bec="0" bev="0" fileid="4" />
                <SequencePoint vc="0" uspid="4118" ordinal="0" offset="1" sl="17" sc="0" el="17" ec="0" bec="0" bev="0" fileid="4" />
              </SequencePoints>
              <BranchPoints />
            </Method>
            <Method visited="false" cyclomaticComplexity="0" nPathComplexity="0" sequenceCoverage="0.0" branchCoverage="0" crapScore="0" isConstructor="false" isStatic="false" isGetter="false" isSetter="false">
              <Summary numSequencePoints="2" visitedSequencePoints="0" numBranchPoints="0" visitedBranchPoints="0" sequenceCoverage="0.0" branchCoverage="0" maxCyclomaticComplexity="0" minCyclomaticComplexity="0" maxCrapScore="0" minCrapScore="0" visitedClasses="0" numClasses="0" visitedMethods="0" numMethods="1" />
              <MetadataToken>100663320</MetadataToken>
              <Name>System.Void BuildingPreset::Update()</Name>
              <FileRef uid="4" />
              <SequencePoints>
                <SequencePoint vc="0" uspid="4119" ordinal="0" offset="0" sl="21" sc="0" el="21" ec="0" bec="0" bev="0" fileid="4" />
                <SequencePoint vc="0" uspid="4120" ordinal="0" offset="1" sl="23" sc="0" el="23" ec="0" bec="0" bev="0" fileid="4" />
              </SequencePoints>
              <BranchPoints />
            </Method>
          </Methods>
        </Class>
        <Class>
          <Summary numSequencePoints="74" visitedSequencePoints="0" numBranchPoints="0" visitedBranchPoints="0" sequenceCoverage="0.0" branchCoverage="0.0" maxCyclomaticComplexity="0" minCyclomaticComplexity="0" maxCrapScore="0" minCrapScore="0" visitedClasses="0" numClasses="1" visitedMethods="0" numMethods="8" />
          <FullName>CameraController</FullName>
          <Methods>
            <Method visited="false" cyclomaticComplexity="0" nPathComplexity="0" sequenceCoverage="0.0" branchCoverage="0" crapScore="0" isConstructor="false" isStatic="false" isGetter="false" isSetter="false">
              <Summary numSequencePoints="4" visitedSequencePoints="0" numBranchPoints="0" visitedBranchPoints="0" sequenceCoverage="0.0" branchCoverage="0" maxCyclomaticComplexity="0" minCyclomaticComplexity="0" maxCrapScore="0" minCrapScore="0" visitedClasses="0" numClasses="0" visitedMethods="0" numMethods="1" />
              <MetadataToken>100663322</MetadataToken>
              <Name>System.Void CameraController::Awake()</Name>
              <FileRef uid="5" />
              <SequencePoints>
                <SequencePoint vc="0" uspid="4121" ordinal="0" offset="0" sl="26" sc="0" el="26" ec="0" bec="0" bev="0" fileid="5" />
                <SequencePoint vc="0" uspid="4122" ordinal="0" offset="1" sl="27" sc="0" el="27" ec="0" bec="0" bev="0" fileid="5" />
                <SequencePoint vc="0" uspid="4123" ordinal="0" offset="13" sl="28" sc="0" el="28" ec="0" bec="0" bev="0" fileid="5" />
                <SequencePoint vc="0" uspid="4124" ordinal="0" offset="30" sl="29" sc="0" el="29" ec="0" bec="0" bev="0" fileid="5" />
              </SequencePoints>
              <BranchPoints />
            </Method>
            <Method visited="false" cyclomaticComplexity="0" nPathComplexity="0" sequenceCoverage="0.0" branchCoverage="0" crapScore="0" isConstructor="false" isStatic="false" isGetter="false" isSetter="false">
              <Summary numSequencePoints="2" visitedSequencePoints="0" numBranchPoints="0" visitedBranchPoints="0" sequenceCoverage="0.0" branchCoverage="0" maxCyclomaticComplexity="0" minCyclomaticComplexity="0" maxCrapScore="0" minCrapScore="0" visitedClasses="0" numClasses="0" visitedMethods="0" numMethods="1" />
              <MetadataToken>100663323</MetadataToken>
              <Name>System.Void CameraController::Start()</Name>
              <FileRef uid="5" />
              <SequencePoints>
                <SequencePoint vc="0" uspid="4125" ordinal="0" offset="0" sl="33" sc="0" el="33" ec="0" bec="0" bev="0" fileid="5" />
                <SequencePoint vc="0" uspid="4126" ordinal="0" offset="1" sl="35" sc="0" el="35" ec="0" bec="0" bev="0" fileid="5" />
              </SequencePoints>
              <BranchPoints />
            </Method>
            <Method visited="false" cyclomaticComplexity="0" nPathComplexity="0" sequenceCoverage="0.0" branchCoverage="0" crapScore="0" isConstructor="false" isStatic="false" isGetter="false" isSetter="false">
              <Summary numSequencePoints="6" visitedSequencePoints="0" numBranchPoints="0" visitedBranchPoints="0" sequenceCoverage="0.0" branchCoverage="0" maxCyclomaticComplexity="0" minCyclomaticComplexity="0" maxCrapScore="0" minCrapScore="0" visitedClasses="0" numClasses="0" visitedMethods="0" numMethods="1" />
              <MetadataToken>100663324</MetadataToken>
              <Name>System.Void CameraController::Update()</Name>
              <FileRef uid="5" />
              <SequencePoints>
                <SequencePoint vc="0" uspid="4127" ordinal="0" offset="0" sl="39" sc="0" el="39" ec="0" bec="0" bev="0" fileid="5" />
                <SequencePoint vc="0" uspid="4128" ordinal="0" offset="1" sl="40" sc="0" el="40" ec="0" bec="0" bev="0" fileid="5" />
                <SequencePoint vc="0" uspid="4129" ordinal="0" offset="11" sl="41" sc="0" el="41" ec="0" bec="0" bev="0" fileid="5" />
                <SequencePoint vc="0" uspid="4130" ordinal="0" offset="18" sl="42" sc="0" el="42" ec="0" bec="0" bev="0" fileid="5" />
                <SequencePoint vc="0" uspid="4131" ordinal="0" offset="29" sl="43" sc="0" el="43" ec="0" bec="0" bev="0" fileid="5" />
                <SequencePoint vc="0" uspid="4132" ordinal="0" offset="36" sl="44" sc="0" el="44" ec="0" bec="0" bev="0" fileid="5" />
              </SequencePoints>
              <BranchPoints />
            </Method>
            <Method visited="false" cyclomaticComplexity="0" nPathComplexity="0" sequenceCoverage="0.0" branchCoverage="0" crapScore="0" isConstructor="false" isStatic="false" isGetter="false" isSetter="false">
              <Summary numSequencePoints="24" visitedSequencePoints="0" numBranchPoints="0" visitedBranchPoints="0" sequenceCoverage="0.0" branchCoverage="0" maxCyclomaticComplexity="0" minCyclomaticComplexity="0" maxCrapScore="0" minCrapScore="0" visitedClasses="0" numClasses="0" visitedMethods="0" numMethods="1" />
              <MetadataToken>100663325</MetadataToken>
              <Name>System.Void CameraController::LateUpdate()</Name>
              <FileRef uid="5" />
              <SequencePoints>
                <SequencePoint vc="0" uspid="4133" ordinal="0" offset="0" sl="47" sc="0" el="47" ec="0" bec="0" bev="0" fileid="5" />
                <SequencePoint vc="0" uspid="4134" ordinal="0" offset="1" sl="48" sc="0" el="48" ec="0" bec="0" bev="0" fileid="5" />
                <SequencePoint vc="0" uspid="4135" ordinal="0" offset="15" sl="49" sc="0" el="49" ec="0" bec="0" bev="0" fileid="5" />
                <SequencePoint vc="0" uspid="4136" ordinal="0" offset="16" sl="50" sc="0" el="50" ec="0" bec="0" bev="0" fileid="5" />
                <SequencePoint vc="0" uspid="4137" ordinal="0" offset="23" sl="51" sc="0" el="51" ec="0" bec="0" bev="0" fileid="5" />
                <SequencePoint vc="0" uspid="4138" ordinal="0" offset="30" sl="52" sc="0" el="52" ec="0" bec="0" bev="0" fileid="5" />
                <SequencePoint vc="0" uspid="4139" ordinal="0" offset="37" sl="53" sc="0" el="53" ec="0" bec="0" bev="0" fileid="5" />
                <SequencePoint vc="0" uspid="4140" ordinal="0" offset="40" sl="55" sc="0" el="55" ec="0" bec="0" bev="0" fileid="5" />
                <SequencePoint vc="0" uspid="4141" ordinal="0" offset="47" sl="57" sc="0" el="57" ec="0" bec="0" bev="0" fileid="5" />
                <SequencePoint vc="0" uspid="4142" ordinal="0" offset="63" sl="58" sc="0" el="58" ec="0" bec="0" bev="0" fileid="5" />
                <SequencePoint vc="0" uspid="4143" ordinal="0" offset="64" sl="60" sc="0" el="60" ec="0" bec="0" bev="0" fileid="5" />
                <SequencePoint vc="0" uspid="4144" ordinal="0" offset="108" sl="61" sc="0" el="61" ec="0" bec="0" bev="0" fileid="5" />
                <SequencePoint vc="0" uspid="4145" ordinal="0" offset="109" sl="62" sc="0" el="62" ec="0" bec="0" bev="0" fileid="5" />
                <SequencePoint vc="0" uspid="4146" ordinal="0" offset="141" sl="63" sc="0" el="63" ec="0" bec="0" bev="0" fileid="5" />
                <SequencePoint vc="0" uspid="4147" ordinal="0" offset="174" sl="66" sc="0" el="66" ec="0" bec="0" bev="0" fileid="5" />
                <SequencePoint vc="0" uspid="4148" ordinal="0" offset="211" sl="67" sc="0" el="67" ec="0" bec="0" bev="0" fileid="5" />
                <SequencePoint vc="0" uspid="4149" ordinal="0" offset="212" sl="69" sc="0" el="69" ec="0" bec="0" bev="0" fileid="5" />
                <SequencePoint vc="0" uspid="4150" ordinal="0" offset="238" sl="70" sc="0" el="70" ec="0" bec="0" bev="0" fileid="5" />
                <SequencePoint vc="0" uspid="4151" ordinal="0" offset="239" sl="71" sc="0" el="71" ec="0" bec="0" bev="0" fileid="5" />
                <SequencePoint vc="0" uspid="4152" ordinal="0" offset="246" sl="72" sc="0" el="72" ec="0" bec="0" bev="0" fileid="5" />
                <SequencePoint vc="0" uspid="4153" ordinal="0" offset="247" sl="74" sc="0" el="74" ec="0" bec="0" bev="0" fileid="5" />
                <SequencePoint vc="0" uspid="4154" ordinal="0" offset="280" sl="75" sc="0" el="75" ec="0" bec="0" bev="0" fileid="5" />
                <SequencePoint vc="0" uspid="4155" ordinal="0" offset="321" sl="77" sc="0" el="77" ec="0" bec="0" bev="0" fileid="5" />
                <SequencePoint vc="0" uspid="4156" ordinal="0" offset="322" sl="79" sc="0" el="79" ec="0" bec="0" bev="0" fileid="5" />
              </SequencePoints>
              <BranchPoints />
            </Method>
            <Method visited="false" cyclomaticComplexity="0" nPathComplexity="0" sequenceCoverage="0.0" branchCoverage="0" crapScore="0" isConstructor="false" isStatic="false" isGetter="false" isSetter="false">
[...]
                <SequencePoint vc="0" uspid="5676" ordinal="0" offset="113" sl="25" sc="0" el="25" ec="0" bec="0" bev="0" fileid="35" />
                <SequencePoint vc="0" uspid="5677" ordinal="0" offset="114" sl="27" sc="0" el="27" ec="0" bec="0" bev="0" fileid="35" />
                <SequencePoint vc="0" uspid="5678" ordinal="0" offset="124" sl="30" sc="0" el="30" ec="0" bec="0" bev="0" fileid="35" />
                <SequencePoint vc="0" uspid="5679" ordinal="0" offset="202" sl="32" sc="0" el="32" ec="0" bec="0" bev="0" fileid="35" />
                <SequencePoint vc="0" uspid="5680" ordinal="0" offset="226" sl="33" sc="0" el="33" ec="0" bec="0" bev="0" fileid="35" />
              </SequencePoints>
              <BranchPoints />
            </Method>
            <Method visited="false" cyclomaticComplexity="0" nPathComplexity="0" sequenceCoverage="0.0" branchCoverage="0" crapScore="0" isConstructor="false" isStatic="false" isGetter="false" isSetter="false">
              <Summary numSequencePoints="5" visitedSequencePoints="0" numBranchPoints="0" visitedBranchPoints="0" sequenceCoverage="0.0" branchCoverage="0" maxCyclomaticComplexity="0" minCyclomaticComplexity="0" maxCrapScore="0" minCrapScore="0" visitedClasses="0" numClasses="0" visitedMethods="0" numMethods="1" />
              <MetadataToken>100663518</MetadataToken>
              <Name>System.Void Selector::Start()</Name>
              <FileRef uid="35" />
              <SequencePoints>
                <SequencePoint vc="0" uspid="5681" ordinal="0" offset="0" sl="37" sc="0" el="37" ec="0" bec="0" bev="0" fileid="35" />
                <SequencePoint vc="0" uspid="5682" ordinal="0" offset="1" sl="38" sc="0" el="38" ec="0" bec="0" bev="0" fileid="35" />
                <SequencePoint vc="0" uspid="5683" ordinal="0" offset="13" sl="39" sc="0" el="39" ec="0" bec="0" bev="0" fileid="35" />
                <SequencePoint vc="0" uspid="5684" ordinal="0" offset="19" sl="40" sc="0" el="40" ec="0" bec="0" bev="0" fileid="35" />
                <SequencePoint vc="0" uspid="5685" ordinal="0" offset="30" sl="41" sc="0" el="41" ec="0" bec="0" bev="0" fileid="35" />
              </SequencePoints>
              <BranchPoints />
            </Method>
            <Method visited="false" cyclomaticComplexity="0" nPathComplexity="0" sequenceCoverage="0.0" branchCoverage="0" crapScore="0" isConstructor="false" isStatic="false" isGetter="false" isSetter="false">
              <Summary numSequencePoints="4" visitedSequencePoints="0" numBranchPoints="0" visitedBranchPoints="0" sequenceCoverage="0.0" branchCoverage="0" maxCyclomaticComplexity="0" minCyclomaticComplexity="0" maxCrapScore="0" minCrapScore="0" visitedClasses="0" numClasses="0" visitedMethods="0" numMethods="1" />
              <MetadataToken>100663519</MetadataToken>
              <Name>System.Void Selector::Update()</Name>
              <FileRef uid="35" />
              <SequencePoints>
                <SequencePoint vc="0" uspid="5686" ordinal="0" offset="0" sl="45" sc="0" el="45" ec="0" bec="0" bev="0" fileid="35" />
                <SequencePoint vc="0" uspid="5687" ordinal="0" offset="1" sl="46" sc="0" el="46" ec="0" bec="0" bev="0" fileid="35" />
                <SequencePoint vc="0" uspid="5688" ordinal="0" offset="13" sl="47" sc="0" el="47" ec="0" bec="0" bev="0" fileid="35" />
                <SequencePoint vc="0" uspid="5689" ordinal="0" offset="19" sl="48" sc="0" el="48" ec="0" bec="0" bev="0" fileid="35" />
              </SequencePoints>
              <BranchPoints />
            </Method>
          </Methods>
        </Class>
        <Class>
          <Summary numSequencePoints="14" visitedSequencePoints="0" numBranchPoints="0" visitedBranchPoints="0" sequenceCoverage="0.0" branchCoverage="0.0" maxCyclomaticComplexity="0" minCyclomaticComplexity="0" maxCrapScore="0" minCrapScore="0" visitedClasses="0" numClasses="1" visitedMethods="0" numMethods="2" />
          <FullName>Timer</FullName>
          <Methods>
            <Method visited="false" cyclomaticComplexity="0" nPathComplexity="0" sequenceCoverage="0.0" branchCoverage="0" crapScore="0" isConstructor="false" isStatic="false" isGetter="false" isSetter="false">
              <Summary numSequencePoints="13" visitedSequencePoints="0" numBranchPoints="0" visitedBranchPoints="0" sequenceCoverage="0.0" branchCoverage="0" maxCyclomaticComplexity="0" minCyclomaticComplexity="0" maxCrapScore="0" minCrapScore="0" visitedClasses="0" numClasses="0" visitedMethods="0" numMethods="1" />
              <MetadataToken>100663521</MetadataToken>
              <Name>System.Void Timer::FixedUpdate()</Name>
              <FileRef uid="36" />
              <SequencePoints>
                <SequencePoint vc="0" uspid="5690" ordinal="0" offset="0" sl="12" sc="0" el="12" ec="0" bec="0" bev="0" fileid="36" />
                <SequencePoint vc="0" uspid="5691" ordinal="0" offset="1" sl="13" sc="0" el="13" ec="0" bec="0" bev="0" fileid="36" />
                <SequencePoint vc="0" uspid="5692" ordinal="0" offset="19" sl="14" sc="0" el="14" ec="0" bec="0" bev="0" fileid="36" />
                <SequencePoint vc="0" uspid="5693" ordinal="0" offset="41" sl="15" sc="0" el="15" ec="0" bec="0" bev="0" fileid="36" />
                <SequencePoint vc="0" uspid="5694" ordinal="0" offset="42" sl="16" sc="0" el="16" ec="0" bec="0" bev="0" fileid="36" />
                <SequencePoint vc="0" uspid="5695" ordinal="0" offset="53" sl="17" sc="0" el="17" ec="0" bec="0" bev="0" fileid="36" />
                <SequencePoint vc="0" uspid="5696" ordinal="0" offset="71" sl="18" sc="0" el="18" ec="0" bec="0" bev="0" fileid="36" />
                <SequencePoint vc="0" uspid="5697" ordinal="0" offset="72" sl="19" sc="0" el="19" ec="0" bec="0" bev="0" fileid="36" />
                <SequencePoint vc="0" uspid="5698" ordinal="0" offset="94" sl="20" sc="0" el="20" ec="0" bec="0" bev="0" fileid="36" />
                <SequencePoint vc="0" uspid="5699" ordinal="0" offset="95" sl="21" sc="0" el="21" ec="0" bec="0" bev="0" fileid="36" />
                <SequencePoint vc="0" uspid="5700" ordinal="0" offset="106" sl="22" sc="0" el="22" ec="0" bec="0" bev="0" fileid="36" />
                <SequencePoint vc="0" uspid="5701" ordinal="0" offset="124" sl="23" sc="0" el="23" ec="0" bec="0" bev="0" fileid="36" />
                <SequencePoint vc="0" uspid="5702" ordinal="0" offset="125" sl="24" sc="0" el="24" ec="0" bec="0" bev="0" fileid="36" />
              </SequencePoints>
              <BranchPoints />
            </Method>
            <Method visited="false" cyclomaticComplexity="0" nPathComplexity="0" sequenceCoverage="0.0" branchCoverage="0" crapScore="0" isConstructor="true" isStatic="false" isGetter="false" isSetter="false">
              <Summary numSequencePoints="1" visitedSequencePoints="0" numBranchPoints="0" visitedBranchPoints="0" sequenceCoverage="0.0" branchCoverage="0" maxCyclomaticComplexity="0" minCyclomaticComplexity="0" maxCrapScore="0" minCrapScore="0" visitedClasses="0" numClasses="0" visitedMethods="0" numMethods="1" />
              <MetadataToken>100663522</MetadataToken>
              <Name>Timer::Timer()</Name>
              <FileRef uid="36" />
              <SequencePoints>
                <SequencePoint vc="0" uspid="5703" ordinal="0" offset="0" sl="7" sc="0" el="7" ec="0" bec="0" bev="0" fileid="36" />
              </SequencePoints>
              <BranchPoints />
            </Method>
          </Methods>
        </Class>
        <Class>
          <Summary numSequencePoints="9" visitedSequencePoints="0" numBranchPoints="0" visitedBranchPoints="0" sequenceCoverage="0.0" branchCoverage="0.0" maxCyclomaticComplexity="0" minCyclomaticComplexity="0" maxCrapScore="0" minCrapScore="0" visitedClasses="0" numClasses="1" visitedMethods="0" numMethods="2" />
          <FullName>UIHandler</FullName>
          <Methods>
            <Method visited="false" cyclomaticComplexity="0" nPathComplexity="0" sequenceCoverage="0.0" branchCoverage="0" crapScore="0" isConstructor="false" isStatic="false" isGetter="false" isSetter="false">
              <Summary numSequencePoints="2" visitedSequencePoints="0" numBranchPoints="0" visitedBranchPoints="0" sequenceCoverage="0.0" branchCoverage="0" maxCyclomaticComplexity="0" minCyclomaticComplexity="0" maxCrapScore="0" minCrapScore="0" visitedClasses="0" numClasses="0" visitedMethods="0" numMethods="1" />
              <MetadataToken>100663523</MetadataToken>
              <Name>System.Void UIHandler::Start()</Name>
              <FileRef uid="37" />
              <SequencePoints>
                <SequencePoint vc="0" uspid="5704" ordinal="0" offset="0" sl="12" sc="0" el="12" ec="0" bec="0" bev="0" fileid="37" />
                <SequencePoint vc="0" uspid="5705" ordinal="0" offset="1" sl="14" sc="0" el="14" ec="0" bec="0" bev="0" fileid="37" />
              </SequencePoints>
              <BranchPoints />
            </Method>
            <Method visited="false" cyclomaticComplexity="0" nPathComplexity="0" sequenceCoverage="0.0" branchCoverage="0" crapScore="0" isConstructor="false" isStatic="false" isGetter="false" isSetter="false">
              <Summary numSequencePoints="7" visitedSequencePoints="0" numBranchPoints="0" visitedBranchPoints="0" sequenceCoverage="0.0" branchCoverage="0" maxCyclomaticComplexity="0" minCyclomaticComplexity="0" maxCrapScore="0" minCrapScore="0" visitedClasses="0" numClasses="0" visitedMethods="0" numMethods="1" />
              <MetadataToken>100663524</MetadataToken>
              <Name>System.Void UIHandler::Update()</Name>
              <FileRef uid="37" />
              <SequencePoints>
                <SequencePoint vc="0" uspid="5706" ordinal="0" offset="0" sl="18" sc="0" el="18" ec="0" bec="0" bev="0" fileid="37" />
                <SequencePoint vc="0" uspid="5707" ordinal="0" offset="1" sl="20" sc="0" el="20" ec="0" bec="0" bev="0" fileid="37" />
                <SequencePoint vc="0" uspid="5708" ordinal="0" offset="39" sl="21" sc="0" el="21" ec="0" bec="0" bev="0" fileid="37" />
                <SequencePoint vc="0" uspid="5709" ordinal="0" offset="40" sl="22" sc="0" el="22" ec="0" bec="0" bev="0" fileid="37" />
                <SequencePoint vc="0" uspid="5710" ordinal="0" offset="53" sl="23" sc="0" el="23" ec="0" bec="0" bev="0" fileid="37" />
                <SequencePoint vc="0" uspid="5711" ordinal="0" offset="66" sl="24" sc="0" el="24" ec="0" bec="0" bev="0" fileid="37" />
                <SequencePoint vc="0" uspid="5712" ordinal="0" offset="67" sl="25" sc="0" el="25" ec="0" bec="0" bev="0" fileid="37" />
              </SequencePoints>
              <BranchPoints />
            </Method>
          </Methods>
        </Class>
        <Class>
          <Summary numSequencePoints="3" visitedSequencePoints="0" numBranchPoints="0" visitedBranchPoints="0" sequenceCoverage="0.0" branchCoverage="0.0" maxCyclomaticComplexity="0" minCyclomaticComplexity="0" maxCrapScore="0" minCrapScore="0" visitedClasses="0" numClasses="1" visitedMethods="0" numMethods="3" />
          <FullName>BuildCommand/&lt;&gt;c</FullName>
          <Methods>
            <Method visited="false" cyclomaticComplexity="0" nPathComplexity="0" sequenceCoverage="0.0" branchCoverage="0" crapScore="0" isConstructor="false" isStatic="false" isGetter="false" isSetter="false">
              <Summary numSequencePoints="1" visitedSequencePoints="0" numBranchPoints="0" visitedBranchPoints="0" sequenceCoverage="0.0" branchCoverage="0" maxCyclomaticComplexity="0" minCyclomaticComplexity="0" maxCrapScore="0" minCrapScore="0" visitedClasses="0" numClasses="0" visitedMethods="0" numMethods="1" />
              <MetadataToken>100663528</MetadataToken>
              <Name>System.Boolean BuildCommand/&lt;&gt;c::&lt;GetEnabledScenes&gt;b__11_0(UnityEditor.EditorBuildSettingsScene)</Name>
              <FileRef uid="11" />
              <SequencePoints>
                <SequencePoint vc="0" uspid="5713" ordinal="0" offset="0" sl="36" sc="0" el="36" ec="0" bec="0" bev="0" fileid="11" />
              </SequencePoints>
              <BranchPoints />
            </Method>
            <Method visited="false" cyclomaticComplexity="0" nPathComplexity="0" sequenceCoverage="0.0" branchCoverage="0" crapScore="0" isConstructor="false" isStatic="false" isGetter="false" isSetter="false">
              <Summary numSequencePoints="1" visitedSequencePoints="0" numBranchPoints="0" visitedBranchPoints="0" sequenceCoverage="0.0" branchCoverage="0" maxCyclomaticComplexity="0" minCyclomaticComplexity="0" maxCrapScore="0" minCrapScore="0" visitedClasses="0" numClasses="0" visitedMethods="0" numMethods="1" />
              <MetadataToken>100663529</MetadataToken>
              <Name>System.Boolean BuildCommand/&lt;&gt;c::&lt;GetEnabledScenes&gt;b__11_1(UnityEditor.EditorBuildSettingsScene)</Name>
              <FileRef uid="11" />
              <SequencePoints>
                <SequencePoint vc="0" uspid="5714" ordinal="0" offset="0" sl="37" sc="0" el="37" ec="0" bec="0" bev="0" fileid="11" />
              </SequencePoints>
              <BranchPoints />
            </Method>
            <Method visited="false" cyclomaticComplexity="0" nPathComplexity="0" sequenceCoverage="0.0" branchCoverage="0" crapScore="0" isConstructor="false" isStatic="false" isGetter="false" isSetter="false">
              <Summary numSequencePoints="1" visitedSequencePoints="0" numBranchPoints="0" visitedBranchPoints="0" sequenceCoverage="0.0" branchCoverage="0" maxCyclomaticComplexity="0" minCyclomaticComplexity="0" maxCrapScore="0" minCrapScore="0" visitedClasses="0" numClasses="0" visitedMethods="0" numMethods="1" />
              <MetadataToken>100663530</MetadataToken>
              <Name>System.String BuildCommand/&lt;&gt;c::&lt;GetEnabledScenes&gt;b__11_2(UnityEditor.EditorBuildSettingsScene)</Name>
              <FileRef uid="11" />
              <SequencePoints>
                <SequencePoint vc="0" uspid="5715" ordinal="0" offset="0" sl="38" sc="0" el="38" ec="0" bec="0" bev="0" fileid="11" />
              </SequencePoints>
              <BranchPoints />
            </Method>
          </Methods>
        </Class>
        <Class>
          <Summary numSequencePoints="1" visitedSequencePoints="0" numBranchPoints="0" visitedBranchPoints="0" sequenceCoverage="0.0" branchCoverage="0.0" maxCyclomaticComplexity="0" minCyclomaticComplexity="0" maxCrapScore="0" minCrapScore="0" visitedClasses="0" numClasses="1" visitedMethods="0" numMethods="1" />
          <FullName>GameManager/&lt;&gt;c__DisplayClass17_0</FullName>
          <Methods>
            <Method visited="false" cyclomaticComplexity="0" nPathComplexity="0" sequenceCoverage="0.0" branchCoverage="0" crapScore="0" isConstructor="false" isStatic="false" isGetter="false" isSetter="false">
              <Summary numSequencePoints="1" visitedSequencePoints="0" numBranchPoints="0" visitedBranchPoints="0" sequenceCoverage="0.0" branchCoverage="0" maxCyclomaticComplexity="0" minCyclomaticComplexity="0" maxCrapScore="0" minCrapScore="0" visitedClasses="0" numClasses="0" visitedMethods="0" numMethods="1" />
              <MetadataToken>100663532</MetadataToken>
              <Name>System.Boolean GameManager/&lt;&gt;c__DisplayClass17_0::&lt;UpdateResidentialZones&gt;b__0(ResidentialZone)</Name>
              <FileRef uid="12" />
              <SequencePoints>
                <SequencePoint vc="0" uspid="5716" ordinal="0" offset="0" sl="199" sc="0" el="199" ec="0" bec="0" bev="0" fileid="12" />
              </SequencePoints>
              <BranchPoints />
            </Method>
          </Methods>
        </Class>
        <Class>
          <Summary numSequencePoints="1" visitedSequencePoints="0" numBranchPoints="0" visitedBranchPoints="0" sequenceCoverage="0.0" branchCoverage="0.0" maxCyclomaticComplexity="0" minCyclomaticComplexity="0" maxCrapScore="0" minCrapScore="0" visitedClasses="0" numClasses="1" visitedMethods="0" numMethods="1" />
          <FullName>GameManager/&lt;&gt;c__DisplayClass17_1</FullName>
          <Methods>
            <Method visited="false" cyclomaticComplexity="0" nPathComplexity="0" sequenceCoverage="0.0" branchCoverage="0" crapScore="0" isConstructor="false" isStatic="false" isGetter="false" isSetter="false">
              <Summary numSequencePoints="1" visitedSequencePoints="0" numBranchPoints="0" visitedBranchPoints="0" sequenceCoverage="0.0" branchCoverage="0" maxCyclomaticComplexity="0" minCyclomaticComplexity="0" maxCrapScore="0" minCrapScore="0" visitedClasses="0" numClasses="0" visitedMethods="0" numMethods="1" />
              <MetadataToken>100663534</MetadataToken>
              <Name>System.Boolean GameManager/&lt;&gt;c__DisplayClass17_1::&lt;UpdateResidentialZones&gt;b__1(ResidentialZone)</Name>
              <FileRef uid="12" />
              <SequencePoints>
                <SequencePoint vc="0" uspid="5717" ordinal="0" offset="0" sl="224" sc="0" el="224" ec="0" bec="0" bev="0" fileid="12" />
              </SequencePoints>
              <BranchPoints />
            </Method>
          </Methods>
        </Class>
        <Class>
          <Summary numSequencePoints="10" visitedSequencePoints="0" numBranchPoints="0" visitedBranchPoints="0" sequenceCoverage="0.0" branchCoverage="0.0" maxCyclomaticComplexity="0" minCyclomaticComplexity="0" maxCrapScore="0" minCrapScore="0" visitedClasses="0" numClasses="1" visitedMethods="0" numMethods="1" />
          <FullName>DateHandler/&lt;IncreaseDate&gt;d__10</FullName>
          <Methods>
            <Method visited="false" cyclomaticComplexity="0" nPathComplexity="0" sequenceCoverage="0.0" branchCoverage="0" crapScore="0" isConstructor="false" isStatic="false" isGetter="false" isSetter="false">
              <Summary numSequencePoints="10" visitedSequencePoints="0" numBranchPoints="0" visitedBranchPoints="0" sequenceCoverage="0.0" branchCoverage="0" maxCyclomaticComplexity="0" minCyclomaticComplexity="0" maxCrapScore="0" minCrapScore="0" visitedClasses="0" numClasses="0" visitedMethods="0" numMethods="1" />
              <MetadataToken>100663537</MetadataToken>
              <Name>System.Boolean DateHandler/&lt;IncreaseDate&gt;d__10::MoveNext()</Name>
              <FileRef uid="14" />
              <SequencePoints>
                <SequencePoint vc="0" uspid="5718" ordinal="0" offset="31" sl="26" sc="0" el="26" ec="0" bec="0" bev="0" fileid="14" />
                <SequencePoint vc="0" uspid="5719" ordinal="0" offset="37" sl="28" sc="0" el="28" ec="0" bec="0" bev="0" fileid="14" />
                <SequencePoint vc="0" uspid="5720" ordinal="0" offset="38" sl="29" sc="0" el="29" ec="0" bec="0" bev="0" fileid="14" />
                <SequencePoint vc="0" uspid="5721" ordinal="0" offset="82" sl="30" sc="0" el="30" ec="0" bec="0" bev="0" fileid="14" />
                <SequencePoint vc="0" uspid="5722" ordinal="0" offset="100" sl="31" sc="0" el="31" ec="0" bec="0" bev="0" fileid="14" />
                <SequencePoint vc="0" uspid="5723" ordinal="0" offset="101" sl="32" sc="0" el="32" ec="0" bec="0" bev="0" fileid="14" />
                <SequencePoint vc="0" uspid="5724" ordinal="0" offset="137" sl="33" sc="0" el="33" ec="0" bec="0" bev="0" fileid="14" />
                <SequencePoint vc="0" uspid="5725" ordinal="0" offset="175" sl="34" sc="0" el="34" ec="0" bec="0" bev="0" fileid="14" />
                <SequencePoint vc="0" uspid="5726" ordinal="0" offset="176" sl="35" sc="0" el="35" ec="0" bec="0" bev="0" fileid="14" />
                <SequencePoint vc="0" uspid="5727" ordinal="0" offset="177" sl="27" sc="0" el="27" ec="0" bec="0" bev="0" fileid="14" />
              </SequencePoints>
              <BranchPoints />
            </Method>
          </Methods>
        </Class>
      </Classes>
    </Module>
  </Modules>
</CoverageSession>