<?xml version="1.0" encoding="utf-8"?>
<CoverageSession xmlns:xsd="http://www.w3.org/2001/XMLSchema" xmlns:xsi="http://www.w3.org/2001/XMLSchema-instance" Version="0.0.0.0">
  <Summary numSequencePoints="67" visitedSequencePoints="59" numBranchPoints="0" visitedBranchPoints="0" sequenceCoverage="88.06" branchCoverage="0.0" maxCyclomaticComplexity="0" minCyclomaticComplexity="0" maxCrapScore="0" minCrapScore="0" visitedClasses="10" numClasses="11" visitedMethods="12" numMethods="13" />
  <Modules>
    <Module>
      <Summary numSequencePoints="12" visitedSequencePoints="12" numBranchPoints="0" visitedBranchPoints="0" sequenceCoverage="100.0" branchCoverage="0.0" maxCyclomaticComplexity="0" minCyclomaticComplexity="0" maxCrapScore="0" minCrapScore="0" visitedClasses="1" numClasses="1" visitedMethods="2" numMethods="2" />
      <ModuleTime>0001-01-01T00:00:00</ModuleTime>
      <ModuleName>Tests</ModuleName>
      <Files>
        <File uid="1" fullPath="C:/Users/kalil/source/repos/wwnl/Assets/Testing/EditMode/BuildingPlacerTest.cs" />
      </Files>
      <Classes>
        <Class>
          <Summary numSequencePoints="12" visitedSequencePoints="12" numBranchPoints="0" visitedBranchPoints="0" sequenceCoverage="100.0" branchCoverage="0.0" maxCyclomaticComplexity="0" minCyclomaticComplexity="0" maxCrapScore="0" minCrapScore="0" visitedClasses="1" numClasses="1" visitedMethods="2" numMethods="2" />
          <FullName>BuildingPlacerTest</FullName>
          <Methods>
            <Method visited="true" cyclomaticComplexity="0" nPathComplexity="0" sequenceCoverage="100.0" branchCoverage="0" crapScore="0" isConstructor="false" isStatic="false" isGetter="false" isSetter="false">
              <Summary numSequencePoints="5" visitedSequencePoints="5" numBranchPoints="0" visitedBranchPoints="0" sequenceCoverage="100.0" branchCoverage="0" maxCyclomaticComplexity="0" minCyclomaticComplexity="0" maxCrapScore="0" minCrapScore="0" visitedClasses="0" numClasses="0" visitedMethods="1" numMethods="1" />
              <MetadataToken>100663297</MetadataToken>
              <Name>System.Void BuildingPlacerTest::Setup()</Name>
              <FileRef uid="1" />
              <SequencePoints>
                <SequencePoint vc="1" uspid="13412" ordinal="0" offset="0" sl="13" sc="5" el="13" ec="5" bec="0" bev="0" fileid="1" />
                <SequencePoint vc="1" uspid="13413" ordinal="0" offset="1" sl="14" sc="9" el="14" ec="9" bec="0" bev="0" fileid="1" />
                <SequencePoint vc="1" uspid="13414" ordinal="0" offset="7" sl="15" sc="9" el="15" ec="9" bec="0" bev="0" fileid="1" />
                <SequencePoint vc="1" uspid="13415" ordinal="0" offset="19" sl="18" sc="9" el="18" ec="9" bec="0" bev="0" fileid="1" />
                <SequencePoint vc="1" uspid="13416" ordinal="0" offset="35" sl="19" sc="5" el="19" ec="5" bec="0" bev="0" fileid="1" />
              </SequencePoints>
              <BranchPoints />
            </Method>
            <Method visited="true" cyclomaticComplexity="0" nPathComplexity="0" sequenceCoverage="100.0" branchCoverage="0" crapScore="0" isConstructor="false" isStatic="false" isGetter="false" isSetter="false">
              <Summary numSequencePoints="7" visitedSequencePoints="7" numBranchPoints="0" visitedBranchPoints="0" sequenceCoverage="100.0" branchCoverage="0" maxCyclomaticComplexity="0" minCyclomaticComplexity="0" maxCrapScore="0" minCrapScore="0" visitedClasses="0" numClasses="0" visitedMethods="1" numMethods="1" />
              <MetadataToken>100663298</MetadataToken>
              <Name>System.Void BuildingPlacerTest::TestCoverage()</Name>
              <FileRef uid="1" />
              <SequencePoints>
                <SequencePoint vc="1" uspid="13417" ordinal="0" offset="0" sl="23" sc="5" el="23" ec="5" bec="0" bev="0" fileid="1" />
                <SequencePoint vc="1" uspid="13418" ordinal="0" offset="1" sl="24" sc="9" el="24" ec="9" bec="0" bev="0" fileid="1" />
                <SequencePoint vc="1" uspid="13419" ordinal="0" offset="28" sl="25" sc="9" el="25" ec="9" bec="0" bev="0" fileid="1" />
                <SequencePoint vc="1" uspid="13420" ordinal="0" offset="55" sl="26" sc="9" el="26" ec="9" bec="0" bev="0" fileid="1" />
                <SequencePoint vc="1" uspid="13421" ordinal="0" offset="82" sl="27" sc="9" el="27" ec="9" bec="0" bev="0" fileid="1" />
                <SequencePoint vc="1" uspid="13422" ordinal="0" offset="109" sl="28" sc="9" el="28" ec="9" bec="0" bev="0" fileid="1" />
                <SequencePoint vc="1" uspid="13423" ordinal="0" offset="136" sl="29" sc="5" el="29" ec="5" bec="0" bev="0" fileid="1" />
              </SequencePoints>
              <BranchPoints />
            </Method>
          </Methods>
        </Class>
      </Classes>
    </Module>
    <Module>
      <Summary numSequencePoints="55" visitedSequencePoints="47" numBranchPoints="0" visitedBranchPoints="0" sequenceCoverage="85.45" branchCoverage="0.0" maxCyclomaticComplexity="0" minCyclomaticComplexity="0" maxCrapScore="0" minCrapScore="0" visitedClasses="9" numClasses="10" visitedMethods="10" numMethods="11" />
      <ModuleTime>0001-01-01T00:00:00</ModuleTime>
      <ModuleName>Scripts_reference_for_testing</ModuleName>
      <Files>
        <File uid="2" fullPath="C:/Users/kalil/source/repos/wwnl/Assets/Scripts/BlueprintCell.cs" />
        <File uid="3" fullPath="C:/Users/kalil/source/repos/wwnl/Assets/Scripts/BuildingPlacer.cs" />
        <File uid="4" fullPath="C:/Users/kalil/source/repos/wwnl/Assets/Scripts/BuildingPreset.cs" />
        <File uid="5" fullPath="C:/Users/kalil/source/repos/wwnl/Assets/Scripts/CameraController.cs" />
        <File uid="6" fullPath="C:/Users/kalil/source/repos/wwnl/Assets/Scripts/Cell.cs" />
        <File uid="7" fullPath="C:/Users/kalil/source/repos/wwnl/Assets/Scripts/ConfirmationPanel.cs" />
        <File uid="8" fullPath="C:/Users/kalil/source/repos/wwnl/Assets/Scripts/DataPersistence/DataPersistenceManager.cs" />
        <File uid="9" fullPath="C:/Users/kalil/source/repos/wwnl/Assets/Scripts/DataPersistence/FileDataHandler.cs" />
        <File uid="10" fullPath="C:/Users/kalil/source/repos/wwnl/Assets/Scripts/DataPersistence/GameData.cs" />
        <File uid="11" fullPath="C:/Users/kalil/source/repos/wwnl/Assets/Scripts/Editor/BuildCommand.cs" />
        <File uid="12" fullPath="C:/Users/kalil/source/repos/wwnl/Assets/Scripts/GameManager.cs" />
        <File uid="13" fullPath="C:/Users/kalil/source/repos/wwnl/Assets/Scripts/InfoBar/BudgetHandler.cs" />
        <File uid="14" fullPath="C:/Users/kalil/source/repos/wwnl/Assets/Scripts/InfoBar/DateHandler.cs" />
        <File uid="15" fullPath="C:/Users/kalil/source/repos/wwnl/Assets/Scripts/InfoBar/InfoBar.cs" />
        <File uid="16" fullPath="C:/Users/kalil/source/repos/wwnl/Assets/Scripts/InfoBar/PopulationHandler.cs" />
        <File uid="17" fullPath="C:/Users/kalil/source/repos/wwnl/Assets/Scripts/InfoBar/SatisfactionHandler.cs" />
        <File uid="18" fullPath="C:/Users/kalil/source/repos/wwnl/Assets/Scripts/InfoBar/TaxHandler.cs" />
        <File uid="19" fullPath="C:/Users/kalil/source/repos/wwnl/Assets/Scripts/MainMenu.cs" />
        <File uid="20" fullPath="C:/Users/kalil/source/repos/wwnl/Assets/Scripts/Map.cs" />
        <File uid="21" fullPath="C:/Users/kalil/source/repos/wwnl/Assets/Scripts/MapObjects/CommercialZone.cs" />
        <File uid="22" fullPath="C:/Users/kalil/source/repos/wwnl/Assets/Scripts/MapObjects/FireDepartment.cs" />
        <File uid="23" fullPath="C:/Users/kalil/source/repos/wwnl/Assets/Scripts/MapObjects/Forest.cs" />
        <File uid="24" fullPath="C:/Users/kalil/source/repos/wwnl/Assets/Scripts/MapObjects/IndustrialZone.cs" />
        <File uid="25" fullPath="C:/Users/kalil/source/repos/wwnl/Assets/Scripts/MapObjects/MapObject.cs" />
        <File uid="26" fullPath="C:/Users/kalil/source/repos/wwnl/Assets/Scripts/MapObjects/Police.cs" />
        <File uid="27" fullPath="C:/Users/kalil/source/repos/wwnl/Assets/Scripts/MapObjects/Prefabs/CommercialBuildings.cs" />
        <File uid="28" fullPath="C:/Users/kalil/source/repos/wwnl/Assets/Scripts/MapObjects/Prefabs/House.cs" />
        <File uid="29" fullPath="C:/Users/kalil/source/repos/wwnl/Assets/Scripts/MapObjects/Prefabs/IndustrialBuildings.cs" />
        <File uid="30" fullPath="C:/Users/kalil/source/repos/wwnl/Assets/Scripts/MapObjects/ResidentialZone.cs" />
        <File uid="31" fullPath="C:/Users/kalil/source/repos/wwnl/Assets/Scripts/MapObjects/Road.cs" />
        <File uid="32" fullPath="C:/Users/kalil/source/repos/wwnl/Assets/Scripts/MapObjects/Stadium.cs" />
        <File uid="33" fullPath="C:/Users/kalil/source/repos/wwnl/Assets/Scripts/Position.cs" />
        <File uid="34" fullPath="C:/Users/kalil/source/repos/wwnl/Assets/Scripts/RoadHandler.cs" />
        <File uid="35" fullPath="C:/Users/kalil/source/repos/wwnl/Assets/Scripts/Selector.cs" />
        <File uid="36" fullPath="C:/Users/kalil/source/repos/wwnl/Assets/Scripts/Timer.cs" />
        <File uid="37" fullPath="C:/Users/kalil/source/repos/wwnl/Assets/Scripts/UIHandler.cs" />
      </Files>
      <Classes>
        <Class>
          <Summary numSequencePoints="10" visitedSequencePoints="10" numBranchPoints="0" visitedBranchPoints="0" sequenceCoverage="100.0" branchCoverage="0.0" maxCyclomaticComplexity="0" minCyclomaticComplexity="0" maxCrapScore="0" minCrapScore="0" visitedClasses="1" numClasses="1" visitedMethods="2" numMethods="2" />
          <FullName>BuildingPlacer</FullName>
          <Methods>
            <Method visited="true" cyclomaticComplexity="0" nPathComplexity="0" sequenceCoverage="100.0" branchCoverage="0" crapScore="0" isConstructor="false" isStatic="true" isGetter="false" isSetter="false">
              <Summary numSequencePoints="9" visitedSequencePoints="9" numBranchPoints="0" visitedBranchPoints="0" sequenceCoverage="100.0" branchCoverage="0" maxCyclomaticComplexity="0" minCyclomaticComplexity="0" maxCrapScore="0" minCrapScore="0" visitedClasses="0" numClasses="0" visitedMethods="1" numMethods="1" />
              <MetadataToken>100663303</MetadataToken>
              <Name>static System.Int32 BuildingPlacer::Coverage(System.String)</Name>
              <FileRef uid="3" />
              <SequencePoints>
                <SequencePoint vc="5" uspid="13449" ordinal="0" offset="0" sl="97" sc="5" el="97" ec="5" bec="0" bev="0" fileid="3" />
                <SequencePoint vc="5" uspid="13450" ordinal="0" offset="1" sl="98" sc="9" el="98" ec="9" bec="0" bev="0" fileid="3" />
                <SequencePoint vc="3" uspid="13451" ordinal="0" offset="45" sl="99" sc="9" el="99" ec="9" bec="0" bev="0" fileid="3" />
                <SequencePoint vc="3" uspid="13452" ordinal="0" offset="46" sl="100" sc="13" el="100" ec="13" bec="0" bev="0" fileid="3" />
                <SequencePoint vc="2" uspid="13453" ordinal="0" offset="50" sl="102" sc="14" el="102" ec="14" bec="0" bev="0" fileid="3" />
                <SequencePoint vc="1" uspid="13454" ordinal="0" offset="65" sl="102" sc="42" el="102" ec="42" bec="0" bev="0" fileid="3" />
                <SequencePoint vc="1" uspid="13455" ordinal="0" offset="69" sl="103" sc="14" el="103" ec="14" bec="0" bev="0" fileid="3" />
                <SequencePoint vc="1" uspid="13456" ordinal="0" offset="70" sl="103" sc="16" el="103" ec="16" bec="0" bev="0" fileid="3" />
                <SequencePoint vc="5" uspid="13457" ordinal="0" offset="74" sl="104" sc="5" el="104" ec="5" bec="0" bev="0" fileid="3" />
              </SequencePoints>
              <BranchPoints />
            </Method>
            <Method visited="true" cyclomaticComplexity="0" nPathComplexity="0" sequenceCoverage="100.0" branchCoverage="0" crapScore="0" isConstructor="true" isStatic="false" isGetter="false" isSetter="false">
              <Summary numSequencePoints="1" visitedSequencePoints="1" numBranchPoints="0" visitedBranchPoints="0" sequenceCoverage="100.0" branchCoverage="0" maxCyclomaticComplexity="0" minCyclomaticComplexity="0" maxCrapScore="0" minCrapScore="0" visitedClasses="0" numClasses="0" visitedMethods="1" numMethods="1" />
              <MetadataToken>100663318</MetadataToken>
              <Name>BuildingPlacer::BuildingPlacer()</Name>
              <FileRef uid="3" />
              <SequencePoints>
                <SequencePoint vc="2" uspid="13721" ordinal="0" offset="0" sl="18" sc="5" el="18" ec="5" bec="0" bev="0" fileid="3" />
              </SequencePoints>
              <BranchPoints />
            </Method>
          </Methods>
        </Class>
        <Class>
          <Summary numSequencePoints="8" visitedSequencePoints="8" numBranchPoints="0" visitedBranchPoints="0" sequenceCoverage="100.0" branchCoverage="0.0" maxCyclomaticComplexity="0" minCyclomaticComplexity="0" maxCrapScore="0" minCrapScore="0" visitedClasses="1" numClasses="1" visitedMethods="1" numMethods="1" />
          <FullName>CameraController</FullName>
          <Methods>
            <Method visited="true" cyclomaticComplexity="0" nPathComplexity="0" sequenceCoverage="100.0" branchCoverage="0" crapScore="0" isConstructor="true" isStatic="false" isGetter="false" isSetter="false">
              <Summary numSequencePoints="8" visitedSequencePoints="8" numBranchPoints="0" visitedBranchPoints="0" sequenceCoverage="100.0" branchCoverage="0" maxCyclomaticComplexity="0" minCyclomaticComplexity="0" maxCrapScore="0" minCrapScore="0" visitedClasses="0" numClasses="0" visitedMethods="1" numMethods="1" />
              <MetadataToken>100663329</MetadataToken>
              <Name>CameraController::CameraController()</Name>
              <FileRef uid="5" />
              <SequencePoints>
                <SequencePoint vc="1" uspid="13792" ordinal="0" offset="0" sl="12" sc="5" el="12" ec="5" bec="0" bev="0" fileid="5" />
                <SequencePoint vc="1" uspid="13793" ordinal="0" offset="11" sl="13" sc="5" el="13" ec="5" bec="0" bev="0" fileid="5" />
                <SequencePoint vc="1" uspid="13794" ordinal="0" offset="22" sl="14" sc="5" el="14" ec="5" bec="0" bev="0" fileid="5" />
                <SequencePoint vc="1" uspid="13795" ordinal="0" offset="33" sl="15" sc="5" el="15" ec="5" bec="0" bev="0" fileid="5" />
                <SequencePoint vc="1" uspid="13796" ordinal="0" offset="44" sl="16" sc="5" el="16" ec="5" bec="0" bev="0" fileid="5" />
                <SequencePoint vc="1" uspid="13797" ordinal="0" offset="55" sl="18" sc="5" el="18" ec="5" bec="0" bev="0" fileid="5" />
                <SequencePoint vc="1" uspid="13798" ordinal="0" offset="66" sl="19" sc="5" el="19" ec="5" bec="0" bev="0" fileid="5" />
                <SequencePoint vc="1" uspid="13799" ordinal="0" offset="77" sl="23" sc="5" el="23" ec="5" bec="0" bev="0" fileid="5" />
              </SequencePoints>
              <BranchPoints />
            </Method>
          </Methods>
        </Class>
        <Class>
          <Summary numSequencePoints="2" visitedSequencePoints="2" numBranchPoints="0" visitedBranchPoints="0" sequenceCoverage="100.0" branchCoverage="0.0" maxCyclomaticComplexity="0" minCyclomaticComplexity="0" maxCrapScore="0" minCrapScore="0" visitedClasses="1" numClasses="1" visitedMethods="1" numMethods="1" />
          <FullName>Cell</FullName>
          <Methods>
            <Method visited="true" cyclomaticComplexity="0" nPathComplexity="0" sequenceCoverage="100.0" branchCoverage="0" crapScore="0" isConstructor="true" isStatic="false" isGetter="false" isSetter="false">
              <Summary numSequencePoints="2" visitedSequencePoints="2" numBranchPoints="0" visitedBranchPoints="0" sequenceCoverage="100.0" branchCoverage="0" maxCyclomaticComplexity="0" minCyclomaticComplexity="0" maxCrapScore="0" minCrapScore="0" visitedClasses="0" numClasses="0" visitedMethods="1" numMethods="1" />
              <MetadataToken>100663344</MetadataToken>
              <Name>Cell::Cell()</Name>
              <FileRef uid="6" />
              <SequencePoints>
                <SequencePoint vc="3" uspid="13816" ordinal="0" offset="0" sl="11" sc="40" el="11" ec="40" bec="0" bev="0" fileid="6" />
                <SequencePoint vc="3" uspid="13817" ordinal="0" offset="11" sl="12" sc="40" el="12" ec="40" bec="0" bev="0" fileid="6" />
              </SequencePoints>
              <BranchPoints />
            </Method>
          </Methods>
        </Class>
        <Class>
          <Summary numSequencePoints="8" visitedSequencePoints="0" numBranchPoints="0" visitedBranchPoints="0" sequenceCoverage="0.0" branchCoverage="0.0" maxCyclomaticComplexity="0" minCyclomaticComplexity="0" maxCrapScore="0" minCrapScore="0" visitedClasses="0" numClasses="1" visitedMethods="0" numMethods="1" />
          <FullName>BuildCommand</FullName>
          <Methods>
            <Method visited="false" cyclomaticComplexity="0" nPathComplexity="0" sequenceCoverage="0.0" branchCoverage="0" crapScore="0" isConstructor="false" isStatic="true" isGetter="false" isSetter="false">
              <Summary numSequencePoints="8" visitedSequencePoints="0" numBranchPoints="0" visitedBranchPoints="0" sequenceCoverage="0.0" branchCoverage="0" maxCyclomaticComplexity="0" minCyclomaticComplexity="0" maxCrapScore="0" minCrapScore="0" visitedClasses="0" numClasses="0" visitedMethods="0" numMethods="1" />
              <MetadataToken>100663372</MetadataToken>
              <Name>static System.Boolean BuildCommand::TryConvertToEnum[TEnum](System.String, )</Name>
              <FileRef uid="11" />
              <SequencePoints>
                <SequencePoint vc="0" uspid="14013" ordinal="0" offset="0" sl="131" sc="0" el="131" ec="0" bec="0" bev="0" fileid="11" />
                <SequencePoint vc="0" uspid="14014" ordinal="0" offset="1" sl="132" sc="0" el="132" ec="0" bec="0" bev="0" fileid="11" />
                <SequencePoint vc="0" uspid="14015" ordinal="0" offset="24" sl="133" sc="0" el="133" ec="0" bec="0" bev="0" fileid="11" />
                <SequencePoint vc="0" uspid="14016" ordinal="0" offset="25" sl="134" sc="0" el="134" ec="0" bec="0" bev="0" fileid="11" />
                <SequencePoint vc="0" uspid="14017" ordinal="0" offset="32" sl="135" sc="0" el="135" ec="0" bec="0" bev="0" fileid="11" />
                <SequencePoint vc="0" uspid="14018" ordinal="0" offset="36" sl="138" sc="0" el="138" ec="0" bec="0" bev="0" fileid="11" />
                <SequencePoint vc="0" uspid="14019" ordinal="0" offset="63" sl="139" sc="0" el="139" ec="0" bec="0" bev="0" fileid="11" />
                <SequencePoint vc="0" uspid="14020" ordinal="0" offset="67" sl="140" sc="0" el="140" ec="0" bec="0" bev="0" fileid="11" />
              </SequencePoints>
              <BranchPoints />
            </Method>
          </Methods>
        </Class>
        <Class>
          <Summary numSequencePoints="6" visitedSequencePoints="6" numBranchPoints="0" visitedBranchPoints="0" sequenceCoverage="100.0" branchCoverage="0.0" maxCyclomaticComplexity="0" minCyclomaticComplexity="0" maxCrapScore="0" minCrapScore="0" visitedClasses="1" numClasses="1" visitedMethods="1" numMethods="1" />
          <FullName>GameManager</FullName>
          <Methods>
            <Method visited="true" cyclomaticComplexity="0" nPathComplexity="0" sequenceCoverage="100.0" branchCoverage="0" crapScore="0" isConstructor="true" isStatic="false" isGetter="false" isSetter="false">
              <Summary numSequencePoints="6" visitedSequencePoints="6" numBranchPoints="0" visitedBranchPoints="0" sequenceCoverage="100.0" branchCoverage="0" maxCyclomaticComplexity="0" minCyclomaticComplexity="0" maxCrapScore="0" minCrapScore="0" visitedClasses="0" numClasses="0" visitedMethods="1" numMethods="1" />
              <MetadataToken>100663390</MetadataToken>
              <Name>GameManager::GameManager()</Name>
              <FileRef uid="12" />
              <SequencePoints>
                <SequencePoint vc="1" uspid="14312" ordinal="0" offset="0" sl="8" sc="5" el="8" ec="5" bec="0" bev="0" fileid="12" />
                <SequencePoint vc="1" uspid="14313" ordinal="0" offset="11" sl="9" sc="5" el="9" ec="5" bec="0" bev="0" fileid="12" />
                <SequencePoint vc="1" uspid="14314" ordinal="0" offset="18" sl="10" sc="5" el="10" ec="5" bec="0" bev="0" fileid="12" />
                <SequencePoint vc="1" uspid="14315" ordinal="0" offset="25" sl="11" sc="5" el="11" ec="5" bec="0" bev="0" fileid="12" />
                <SequencePoint vc="1" uspid="14316" ordinal="0" offset="36" sl="13" sc="5" el="13" ec="5" bec="0" bev="0" fileid="12" />
                <SequencePoint vc="1" uspid="14317" ordinal="0" offset="54" sl="14" sc="5" el="14" ec="5" bec="0" bev="0" fileid="12" />
              </SequencePoints>
              <BranchPoints />
            </Method>
          </Methods>
        </Class>
        <Class>
          <Summary numSequencePoints="3" visitedSequencePoints="3" numBranchPoints="0" visitedBranchPoints="0" sequenceCoverage="100.0" branchCoverage="0.0" maxCyclomaticComplexity="0" minCyclomaticComplexity="0" maxCrapScore="0" minCrapScore="0" visitedClasses="1" numClasses="1" visitedMethods="1" numMethods="1" />
          <FullName>DateHandler</FullName>
          <Methods>
            <Method visited="true" cyclomaticComplexity="0" nPathComplexity="0" sequenceCoverage="100.0" branchCoverage="0" crapScore="0" isConstructor="true" isStatic="false" isGetter="false" isSetter="false">
              <Summary numSequencePoints="3" visitedSequencePoints="3" numBranchPoints="0" visitedBranchPoints="0" sequenceCoverage="100.0" branchCoverage="0" maxCyclomaticComplexity="0" minCyclomaticComplexity="0" maxCrapScore="0" minCrapScore="0" visitedClasses="0" numClasses="0" visitedMethods="1" numMethods="1" />
              <MetadataToken>100663406</MetadataToken>
              <Name>DateHandler::DateHandler()</Name>
              <FileRef uid="14" />
              <SequencePoints>
                <SequencePoint vc="1" uspid="14403" ordinal="0" offset="0" sl="17" sc="5" el="17" ec="5" bec="0" bev="0" fileid="14" />
                <SequencePoint vc="1" uspid="14404" ordinal="0" offset="7" sl="18" sc="5" el="18" ec="5" bec="0" bev="0" fileid="14" />
                <SequencePoint vc="1" uspid="14405" ordinal="0" offset="25" sl="23" sc="5" el="23" ec="5" bec="0" bev="0" fileid="14" />
              </SequencePoints>
              <BranchPoints />
            </Method>
          </Methods>
        </Class>
        <Class>
          <Summary numSequencePoints="3" visitedSequencePoints="3" numBranchPoints="0" visitedBranchPoints="0" sequenceCoverage="100.0" branchCoverage="0.0" maxCyclomaticComplexity="0" minCyclomaticComplexity="0" maxCrapScore="0" minCrapScore="0" visitedClasses="1" numClasses="1" visitedMethods="1" numMethods="1" />
          <FullName>PopulationHandler</FullName>
          <Methods>
            <Method visited="true" cyclomaticComplexity="0" nPathComplexity="0" sequenceCoverage="100.0" branchCoverage="0" crapScore="0" isConstructor="true" isStatic="false" isGetter="false" isSetter="false">
              <Summary numSequencePoints="3" visitedSequencePoints="3" numBranchPoints="0" visitedBranchPoints="0" sequenceCoverage="100.0" branchCoverage="0" maxCyclomaticComplexity="0" minCyclomaticComplexity="0" maxCrapScore="0" minCrapScore="0" visitedClasses="0" numClasses="0" visitedMethods="1" numMethods="1" />
              <MetadataToken>100663411</MetadataToken>
              <Name>PopulationHandler::PopulationHandler()</Name>
              <FileRef uid="16" />
              <SequencePoints>
                <SequencePoint vc="1" uspid="14424" ordinal="0" offset="0" sl="19" sc="5" el="19" ec="5" bec="0" bev="0" fileid="16" />
                <SequencePoint vc="1" uspid="14425" ordinal="0" offset="7" sl="19" sc="31" el="19" ec="31" bec="0" bev="0" fileid="16" />
                <SequencePoint vc="1" uspid="14426" ordinal="0" offset="8" sl="19" sc="32" el="19" ec="32" bec="0" bev="0" fileid="16" />
              </SequencePoints>
              <BranchPoints />
            </Method>
          </Methods>
        </Class>
        <Class>
          <Summary numSequencePoints="5" visitedSequencePoints="5" numBranchPoints="0" visitedBranchPoints="0" sequenceCoverage="100.0" branchCoverage="0.0" maxCyclomaticComplexity="0" minCyclomaticComplexity="0" maxCrapScore="0" minCrapScore="0" visitedClasses="1" numClasses="1" visitedMethods="1" numMethods="1" />
          <FullName>Map</FullName>
          <Methods>
            <Method visited="true" cyclomaticComplexity="0" nPathComplexity="0" sequenceCoverage="100.0" branchCoverage="0" crapScore="0" isConstructor="true" isStatic="false" isGetter="false" isSetter="false">
              <Summary numSequencePoints="5" visitedSequencePoints="5" numBranchPoints="0" visitedBranchPoints="0" sequenceCoverage="100.0" branchCoverage="0" maxCyclomaticComplexity="0" minCyclomaticComplexity="0" maxCrapScore="0" minCrapScore="0" visitedClasses="0" numClasses="0" visitedMethods="1" numMethods="1" />
              <MetadataToken>100663442</MetadataToken>
              <Name>Map::Map()</Name>
              <FileRef uid="20" />
              <SequencePoints>
                <SequencePoint vc="1" uspid="14852" ordinal="0" offset="0" sl="11" sc="5" el="11" ec="5" bec="0" bev="0" fileid="20" />
                <SequencePoint vc="1" uspid="14853" ordinal="0" offset="8" sl="12" sc="5" el="12" ec="5" bec="0" bev="0" fileid="20" />
                <SequencePoint vc="1" uspid="14854" ordinal="0" offset="16" sl="40" sc="5" el="40" ec="5" bec="0" bev="0" fileid="20" />
                <SequencePoint vc="1" uspid="14855" ordinal="0" offset="27" sl="41" sc="5" el="41" ec="5" bec="0" bev="0" fileid="20" />
                <SequencePoint vc="1" uspid="14856" ordinal="0" offset="38" sl="42" sc="5" el="42" ec="5" bec="0" bev="0" fileid="20" />
              </SequencePoints>
              <BranchPoints />
            </Method>
          </Methods>
        </Class>
        <Class>
          <Summary numSequencePoints="2" visitedSequencePoints="2" numBranchPoints="0" visitedBranchPoints="0" sequenceCoverage="100.0" branchCoverage="0.0" maxCyclomaticComplexity="0" minCyclomaticComplexity="0" maxCrapScore="0" minCrapScore="0" visitedClasses="1" numClasses="1" visitedMethods="1" numMethods="1" />
          <FullName>MapObject</FullName>
          <Methods>
            <Method visited="true" cyclomaticComplexity="0" nPathComplexity="0" sequenceCoverage="100.0" branchCoverage="0" crapScore="0" isConstructor="true" isStatic="false" isGetter="false" isSetter="false">
              <Summary numSequencePoints="2" visitedSequencePoints="2" numBranchPoints="0" visitedBranchPoints="0" sequenceCoverage="100.0" branchCoverage="0" maxCyclomaticComplexity="0" minCyclomaticComplexity="0" maxCrapScore="0" minCrapScore="0" visitedClasses="0" numClasses="0" visitedMethods="1" numMethods="1" />
              <MetadataToken>100663467</MetadataToken>
              <Name>MapObject::MapObject()</Name>
              <FileRef uid="25" />
              <SequencePoints>
                <SequencePoint vc="7" uspid="14939" ordinal="0" offset="0" sl="7" sc="5" el="7" ec="5" bec="0" bev="0" fileid="25" />
                <SequencePoint vc="7" uspid="14940" ordinal="0" offset="7" sl="10" sc="5" el="10" ec="5" bec="0" bev="0" fileid="25" />
              </SequencePoints>
              <BranchPoints />
            </Method>
          </Methods>
        </Class>
        <Class>
          <Summary numSequencePoints="8" visitedSequencePoints="8" numBranchPoints="0" visitedBranchPoints="0" sequenceCoverage="100.0" branchCoverage="0.0" maxCyclomaticComplexity="0" minCyclomaticComplexity="0" maxCrapScore="0" minCrapScore="0" visitedClasses="1" numClasses="1" visitedMethods="1" numMethods="1" />
          <FullName>ResidentialZone</FullName>
          <Methods>
            <Method visited="true" cyclomaticComplexity="0" nPathComplexity="0" sequenceCoverage="100.0" branchCoverage="0" crapScore="0" isConstructor="true" isStatic="false" isGetter="false" isSetter="false">
              <Summary numSequencePoints="8" visitedSequencePoints="8" numBranchPoints="0" visitedBranchPoints="0" sequenceCoverage="100.0" branchCoverage="0" maxCyclomaticComplexity="0" minCyclomaticComplexity="0" maxCrapScore="0" minCrapScore="0" visitedClasses="0" numClasses="0" visitedMethods="1" numMethods="1" />
              <MetadataToken>100663481</MetadataToken>
              <Name>ResidentialZone::ResidentialZone()</Name>
              <FileRef uid="30" />
              <SequencePoints>
                <SequencePoint vc="1" uspid="15110" ordinal="0" offset="0" sl="8" sc="5" el="8" ec="5" bec="0" bev="0" fileid="30" />
                <SequencePoint vc="1" uspid="15111" ordinal="0" offset="7" sl="9" sc="5" el="9" ec="5" bec="0" bev="0" fileid="30" />
                <SequencePoint vc="1" uspid="15112" ordinal="0" offset="14" sl="10" sc="5" el="10" ec="5" bec="0" bev="0" fileid="30" />
                <SequencePoint vc="1" uspid="15113" ordinal="0" offset="21" sl="11" sc="5" el="11" ec="5" bec="0" bev="0" fileid="30" />
                <SequencePoint vc="1" uspid="15114" ordinal="0" offset="28" sl="14" sc="5" el="14" ec="5" bec="0" bev="0" fileid="30" />
                <SequencePoint vc="1" uspid="15115" ordinal="0" offset="39" sl="25" sc="5" el="25" ec="5" bec="0" bev="0" fileid="30" />
                <SequencePoint vc="1" uspid="15116" ordinal="0" offset="46" sl="25" sc="29" el="25" ec="29" bec="0" bev="0" fileid="30" />
                <SequencePoint vc="1" uspid="15117" ordinal="0" offset="47" sl="25" sc="30" el="25" ec="30" bec="0" bev="0" fileid="30" />
              </SequencePoints>
              <BranchPoints />
            </Method>
          </Methods>
        </Class>
      </Classes>
    </Module>
  </Modules>
</CoverageSession>