<?xml version="1.0" encoding="utf-8"?>
<CoverageSession xmlns:xsd="http://www.w3.org/2001/XMLSchema" xmlns:xsi="http://www.w3.org/2001/XMLSchema-instance" Version="0.0.0.0">
  <Summary numSequencePoints="133" visitedSequencePoints="125" numBranchPoints="0" visitedBranchPoints="0" sequenceCoverage="93.98" branchCoverage="0.0" maxCyclomaticComplexity="0" minCyclomaticComplexity="0" maxCrapScore="0" minCrapScore="0" visitedClasses="14" numClasses="15" visitedMethods="27" numMethods="28" />
  <Modules>
    <Module>
      <Summary numSequencePoints="52" visitedSequencePoints="52" numBranchPoints="0" visitedBranchPoints="0" sequenceCoverage="100.0" branchCoverage="0.0" maxCyclomaticComplexity="0" minCyclomaticComplexity="0" maxCrapScore="0" minCrapScore="0" visitedClasses="4" numClasses="4" visitedMethods="13" numMethods="13" />
      <ModuleTime>0001-01-01T00:00:00</ModuleTime>
      <ModuleName>Tests</ModuleName>
      <Files>
        <File uid="1" fullPath="C:/Users/User/Desktop/4th_course/Software technology/wwnl_2/wwnl/Assets/Testing/EditMode/BuildingPlacerEditorTests.cs" />
        <File uid="2" fullPath="C:/Users/User/Desktop/4th_course/Software technology/wwnl_2/wwnl/Assets/Testing/EditMode/GameManagerEditorTests.cs" />
        <File uid="3" fullPath="C:/Users/User/Desktop/4th_course/Software technology/wwnl_2/wwnl/Assets/Testing/EditMode/MainMenuTest.cs" />
        <File uid="4" fullPath="C:/Users/User/Desktop/4th_course/Software technology/wwnl_2/wwnl/Assets/Testing/EditMode/MapObjectEditorTests.cs" />
      </Files>
      <Classes>
        <Class>
          <Summary numSequencePoints="18" visitedSequencePoints="18" numBranchPoints="0" visitedBranchPoints="0" sequenceCoverage="100.0" branchCoverage="0.0" maxCyclomaticComplexity="0" minCyclomaticComplexity="0" maxCrapScore="0" minCrapScore="0" visitedClasses="1" numClasses="1" visitedMethods="3" numMethods="3" />
          <FullName>BuildingPlacerEditorTests</FullName>
          <Methods>
            <Method visited="true" cyclomaticComplexity="0" nPathComplexity="0" sequenceCoverage="100.0" branchCoverage="0" crapScore="0" isConstructor="false" isStatic="false" isGetter="false" isSetter="false">
              <Summary numSequencePoints="5" visitedSequencePoints="5" numBranchPoints="0" visitedBranchPoints="0" sequenceCoverage="100.0" branchCoverage="0" maxCyclomaticComplexity="0" minCyclomaticComplexity="0" maxCrapScore="0" minCrapScore="0" visitedClasses="0" numClasses="0" visitedMethods="1" numMethods="1" />
              <MetadataToken>100663297</MetadataToken>
              <Name>System.Void BuildingPlacerEditorTests::Setup()</Name>
              <FileRef uid="1" />
              <SequencePoints>
                <SequencePoint vc="2" uspid="2219" ordinal="0" offset="0" sl="13" sc="5" el="13" ec="5" bec="0" bev="0" fileid="1" />
                <SequencePoint vc="2" uspid="2220" ordinal="0" offset="1" sl="14" sc="9" el="14" ec="9" bec="0" bev="0" fileid="1" />
                <SequencePoint vc="2" uspid="2221" ordinal="0" offset="7" sl="15" sc="9" el="15" ec="9" bec="0" bev="0" fileid="1" />
                <SequencePoint vc="2" uspid="2222" ordinal="0" offset="19" sl="18" sc="9" el="18" ec="9" bec="0" bev="0" fileid="1" />
                <SequencePoint vc="2" uspid="2223" ordinal="0" offset="35" sl="19" sc="5" el="19" ec="5" bec="0" bev="0" fileid="1" />
              </SequencePoints>
              <BranchPoints />
            </Method>
            <Method visited="true" cyclomaticComplexity="0" nPathComplexity="0" sequenceCoverage="100.0" branchCoverage="0" crapScore="0" isConstructor="false" isStatic="false" isGetter="false" isSetter="false">
              <Summary numSequencePoints="7" visitedSequencePoints="7" numBranchPoints="0" visitedBranchPoints="0" sequenceCoverage="100.0" branchCoverage="0" maxCyclomaticComplexity="0" minCyclomaticComplexity="0" maxCrapScore="0" minCrapScore="0" visitedClasses="0" numClasses="0" visitedMethods="1" numMethods="1" />
              <MetadataToken>100663298</MetadataToken>
              <Name>System.Void BuildingPlacerEditorTests::TestCoverage()</Name>
              <FileRef uid="1" />
              <SequencePoints>
                <SequencePoint vc="1" uspid="2224" ordinal="0" offset="0" sl="23" sc="5" el="23" ec="5" bec="0" bev="0" fileid="1" />
                <SequencePoint vc="1" uspid="2225" ordinal="0" offset="1" sl="24" sc="9" el="24" ec="9" bec="0" bev="0" fileid="1" />
                <SequencePoint vc="1" uspid="2226" ordinal="0" offset="28" sl="25" sc="9" el="25" ec="9" bec="0" bev="0" fileid="1" />
                <SequencePoint vc="1" uspid="2227" ordinal="0" offset="55" sl="26" sc="9" el="26" ec="9" bec="0" bev="0" fileid="1" />
                <SequencePoint vc="1" uspid="2228" ordinal="0" offset="82" sl="27" sc="9" el="27" ec="9" bec="0" bev="0" fileid="1" />
                <SequencePoint vc="1" uspid="2229" ordinal="0" offset="109" sl="28" sc="9" el="28" ec="9" bec="0" bev="0" fileid="1" />
                <SequencePoint vc="1" uspid="2230" ordinal="0" offset="136" sl="29" sc="5" el="29" ec="5" bec="0" bev="0" fileid="1" />
              </SequencePoints>
              <BranchPoints />
            </Method>
            <Method visited="true" cyclomaticComplexity="0" nPathComplexity="0" sequenceCoverage="100.0" branchCoverage="0" crapScore="0" isConstructor="false" isStatic="false" isGetter="false" isSetter="false">
              <Summary numSequencePoints="6" visitedSequencePoints="6" numBranchPoints="0" visitedBranchPoints="0" sequenceCoverage="100.0" branchCoverage="0" maxCyclomaticComplexity="0" minCyclomaticComplexity="0" maxCrapScore="0" minCrapScore="0" visitedClasses="0" numClasses="0" visitedMethods="1" numMethods="1" />
              <MetadataToken>100663299</MetadataToken>
              <Name>System.Void BuildingPlacerEditorTests::TestCropClone()</Name>
              <FileRef uid="1" />
              <SequencePoints>
                <SequencePoint vc="1" uspid="2231" ordinal="0" offset="0" sl="54" sc="5" el="54" ec="5" bec="0" bev="0" fileid="1" />
                <SequencePoint vc="1" uspid="2232" ordinal="0" offset="1" sl="55" sc="9" el="55" ec="9" bec="0" bev="0" fileid="1" />
                <SequencePoint vc="1" uspid="2233" ordinal="0" offset="7" sl="56" sc="9" el="56" ec="9" bec="0" bev="0" fileid="1" />
                <SequencePoint vc="1" uspid="2234" ordinal="0" offset="13" sl="57" sc="9" el="57" ec="9" bec="0" bev="0" fileid="1" />
                <SequencePoint vc="1" uspid="2235" ordinal="0" offset="19" sl="58" sc="9" el="58" ec="9" bec="0" bev="0" fileid="1" />
                <SequencePoint vc="1" uspid="2236" ordinal="0" offset="33" sl="59" sc="5" el="59" ec="5" bec="0" bev="0" fileid="1" />
              </SequencePoints>
              <BranchPoints />
            </Method>
          </Methods>
        </Class>
        <Class>
          <Summary numSequencePoints="16" visitedSequencePoints="16" numBranchPoints="0" visitedBranchPoints="0" sequenceCoverage="100.0" branchCoverage="0.0" maxCyclomaticComplexity="0" minCyclomaticComplexity="0" maxCrapScore="0" minCrapScore="0" visitedClasses="1" numClasses="1" visitedMethods="5" numMethods="5" />
          <FullName>GameManagerEditorTests</FullName>
          <Methods>
            <Method visited="true" cyclomaticComplexity="0" nPathComplexity="0" sequenceCoverage="100.0" branchCoverage="0" crapScore="0" isConstructor="false" isStatic="false" isGetter="false" isSetter="false">
              <Summary numSequencePoints="4" visitedSequencePoints="4" numBranchPoints="0" visitedBranchPoints="0" sequenceCoverage="100.0" branchCoverage="0" maxCyclomaticComplexity="0" minCyclomaticComplexity="0" maxCrapScore="0" minCrapScore="0" visitedClasses="0" numClasses="0" visitedMethods="1" numMethods="1" />
              <MetadataToken>100663301</MetadataToken>
              <Name>System.Void GameManagerEditorTests::SetUp()</Name>
              <FileRef uid="2" />
              <SequencePoints>
                <SequencePoint vc="3" uspid="2237" ordinal="0" offset="0" sl="11" sc="5" el="11" ec="5" bec="0" bev="0" fileid="2" />
                <SequencePoint vc="3" uspid="2238" ordinal="0" offset="1" sl="12" sc="9" el="12" ec="9" bec="0" bev="0" fileid="2" />
                <SequencePoint vc="3" uspid="2239" ordinal="0" offset="7" sl="13" sc="9" el="13" ec="9" bec="0" bev="0" fileid="2" />
                <SequencePoint vc="3" uspid="2240" ordinal="0" offset="19" sl="14" sc="5" el="14" ec="5" bec="0" bev="0" fileid="2" />
              </SequencePoints>
              <BranchPoints />
            </Method>
            <Method visited="true" cyclomaticComplexity="0" nPathComplexity="0" sequenceCoverage="100.0" branchCoverage="0" crapScore="0" isConstructor="false" isStatic="false" isGetter="false" isSetter="false">
              <Summary numSequencePoints="3" visitedSequencePoints="3" numBranchPoints="0" visitedBranchPoints="0" sequenceCoverage="100.0" branchCoverage="0" maxCyclomaticComplexity="0" minCyclomaticComplexity="0" maxCrapScore="0" minCrapScore="0" visitedClasses="0" numClasses="0" visitedMethods="1" numMethods="1" />
              <MetadataToken>100663302</MetadataToken>
              <Name>System.Void GameManagerEditorTests::TearDown()</Name>
              <FileRef uid="2" />
              <SequencePoints>
                <SequencePoint vc="3" uspid="2241" ordinal="0" offset="0" sl="18" sc="5" el="18" ec="5" bec="0" bev="0" fileid="2" />
                <SequencePoint vc="3" uspid="2242" ordinal="0" offset="1" sl="19" sc="9" el="19" ec="9" bec="0" bev="0" fileid="2" />
                <SequencePoint vc="3" uspid="2243" ordinal="0" offset="18" sl="20" sc="5" el="20" ec="5" bec="0" bev="0" fileid="2" />
              </SequencePoints>
              <BranchPoints />
            </Method>
            <Method visited="true" cyclomaticComplexity="0" nPathComplexity="0" sequenceCoverage="100.0" branchCoverage="0" crapScore="0" isConstructor="false" isStatic="false" isGetter="false" isSetter="false">
              <Summary numSequencePoints="3" visitedSequencePoints="3" numBranchPoints="0" visitedBranchPoints="0" sequenceCoverage="100.0" branchCoverage="0" maxCyclomaticComplexity="0" minCyclomaticComplexity="0" maxCrapScore="0" minCrapScore="0" visitedClasses="0" numClasses="0" visitedMethods="1" numMethods="1" />
              <MetadataToken>100663303</MetadataToken>
              <Name>System.Void GameManagerEditorTests::TestGeneralBudgetStartValue()</Name>
              <FileRef uid="2" />
              <SequencePoints>
                <SequencePoint vc="1" uspid="2244" ordinal="0" offset="0" sl="24" sc="5" el="24" ec="5" bec="0" bev="0" fileid="2" />
                <SequencePoint vc="1" uspid="2245" ordinal="0" offset="1" sl="25" sc="9" el="25" ec="9" bec="0" bev="0" fileid="2" />
                <SequencePoint vc="1" uspid="2246" ordinal="0" offset="33" sl="26" sc="5" el="26" ec="5" bec="0" bev="0" fileid="2" />
              </SequencePoints>
              <BranchPoints />
            </Method>
            <Method visited="true" cyclomaticComplexity="0" nPathComplexity="0" sequenceCoverage="100.0" branchCoverage="0" crapScore="0" isConstructor="false" isStatic="false" isGetter="false" isSetter="false">
              <Summary numSequencePoints="3" visitedSequencePoints="3" numBranchPoints="0" visitedBranchPoints="0" sequenceCoverage="100.0" branchCoverage="0" maxCyclomaticComplexity="0" minCyclomaticComplexity="0" maxCrapScore="0" minCrapScore="0" visitedClasses="0" numClasses="0" visitedMethods="1" numMethods="1" />
              <MetadataToken>100663304</MetadataToken>
              <Name>System.Void GameManagerEditorTests::TestGeneralPopulationStartValue()</Name>
              <FileRef uid="2" />
              <SequencePoints>
                <SequencePoint vc="1" uspid="2247" ordinal="0" offset="0" sl="30" sc="5" el="30" ec="5" bec="0" bev="0" fileid="2" />
                <SequencePoint vc="1" uspid="2248" ordinal="0" offset="1" sl="31" sc="9" el="31" ec="9" bec="0" bev="0" fileid="2" />
                <SequencePoint vc="1" uspid="2249" ordinal="0" offset="29" sl="32" sc="5" el="32" ec="5" bec="0" bev="0" fileid="2" />
              </SequencePoints>
              <BranchPoints />
            </Method>
            <Method visited="true" cyclomaticComplexity="0" nPathComplexity="0" sequenceCoverage="100.0" branchCoverage="0" crapScore="0" isConstructor="false" isStatic="false" isGetter="false" isSetter="false">
              <Summary numSequencePoints="3" visitedSequencePoints="3" numBranchPoints="0" visitedBranchPoints="0" sequenceCoverage="100.0" branchCoverage="0" maxCyclomaticComplexity="0" minCyclomaticComplexity="0" maxCrapScore="0" minCrapScore="0" visitedClasses="0" numClasses="0" visitedMethods="1" numMethods="1" />
              <MetadataToken>100663305</MetadataToken>
              <Name>System.Void GameManagerEditorTests::TestGeneralSatisfactionStartValue()</Name>
              <FileRef uid="2" />
              <SequencePoints>
                <SequencePoint vc="1" uspid="2250" ordinal="0" offset="0" sl="36" sc="5" el="36" ec="5" bec="0" bev="0" fileid="2" />
                <SequencePoint vc="1" uspid="2251" ordinal="0" offset="1" sl="37" sc="9" el="37" ec="9" bec="0" bev="0" fileid="2" />
                <SequencePoint vc="1" uspid="2252" ordinal="0" offset="29" sl="38" sc="5" el="38" ec="5" bec="0" bev="0" fileid="2" />
              </SequencePoints>
              <BranchPoints />
            </Method>
          </Methods>
        </Class>
        <Class>
          <Summary numSequencePoints="4" visitedSequencePoints="4" numBranchPoints="0" visitedBranchPoints="0" sequenceCoverage="100.0" branchCoverage="0.0" maxCyclomaticComplexity="0" minCyclomaticComplexity="0" maxCrapScore="0" minCrapScore="0" visitedClasses="1" numClasses="1" visitedMethods="1" numMethods="1" />
          <FullName>MainMenuTest</FullName>
          <Methods>
            <Method visited="true" cyclomaticComplexity="0" nPathComplexity="0" sequenceCoverage="100.0" branchCoverage="0" crapScore="0" isConstructor="false" isStatic="false" isGetter="false" isSetter="false">
              <Summary numSequencePoints="4" visitedSequencePoints="4" numBranchPoints="0" visitedBranchPoints="0" sequenceCoverage="100.0" branchCoverage="0" maxCyclomaticComplexity="0" minCyclomaticComplexity="0" maxCrapScore="0" minCrapScore="0" visitedClasses="0" numClasses="0" visitedMethods="1" numMethods="1" />
              <MetadataToken>100663307</MetadataToken>
              <Name>System.Void MainMenuTest::QuitGameTest()</Name>
              <FileRef uid="3" />
              <SequencePoints>
                <SequencePoint vc="1" uspid="2253" ordinal="0" offset="0" sl="31" sc="5" el="31" ec="5" bec="0" bev="0" fileid="3" />
                <SequencePoint vc="1" uspid="2254" ordinal="0" offset="1" sl="32" sc="9" el="32" ec="9" bec="0" bev="0" fileid="3" />
                <SequencePoint vc="1" uspid="2255" ordinal="0" offset="12" sl="33" sc="9" el="33" ec="9" bec="0" bev="0" fileid="3" />
                <SequencePoint vc="1" uspid="2256" ordinal="0" offset="19" sl="36" sc="5" el="36" ec="5" bec="0" bev="0" fileid="3" />
              </SequencePoints>
              <BranchPoints />
            </Method>
          </Methods>
        </Class>
        <Class>
          <Summary numSequencePoints="14" visitedSequencePoints="14" numBranchPoints="0" visitedBranchPoints="0" sequenceCoverage="100.0" branchCoverage="0.0" maxCyclomaticComplexity="0" minCyclomaticComplexity="0" maxCrapScore="0" minCrapScore="0" visitedClasses="1" numClasses="1" visitedMethods="4" numMethods="4" />
          <FullName>MapObjectEditorTests</FullName>
          <Methods>
            <Method visited="true" cyclomaticComplexity="0" nPathComplexity="0" sequenceCoverage="100.0" branchCoverage="0" crapScore="0" isConstructor="false" isStatic="false" isGetter="false" isSetter="false">
              <Summary numSequencePoints="4" visitedSequencePoints="4" numBranchPoints="0" visitedBranchPoints="0" sequenceCoverage="100.0" branchCoverage="0" maxCyclomaticComplexity="0" minCyclomaticComplexity="0" maxCrapScore="0" minCrapScore="0" visitedClasses="0" numClasses="0" visitedMethods="1" numMethods="1" />
              <MetadataToken>100663309</MetadataToken>
              <Name>System.Void MapObjectEditorTests::SetUp()</Name>
              <FileRef uid="4" />
              <SequencePoints>
                <SequencePoint vc="2" uspid="2257" ordinal="0" offset="0" sl="13" sc="5" el="13" ec="5" bec="0" bev="0" fileid="4" />
                <SequencePoint vc="2" uspid="2258" ordinal="0" offset="1" sl="14" sc="9" el="14" ec="9" bec="0" bev="0" fileid="4" />
                <SequencePoint vc="2" uspid="2259" ordinal="0" offset="7" sl="15" sc="9" el="15" ec="9" bec="0" bev="0" fileid="4" />
                <SequencePoint vc="2" uspid="2260" ordinal="0" offset="19" sl="16" sc="5" el="16" ec="5" bec="0" bev="0" fileid="4" />
              </SequencePoints>
              <BranchPoints />
            </Method>
            <Method visited="true" cyclomaticComplexity="0" nPathComplexity="0" sequenceCoverage="100.0" branchCoverage="0" crapScore="0" isConstructor="false" isStatic="false" isGetter="false" isSetter="false">
              <Summary numSequencePoints="3" visitedSequencePoints="3" numBranchPoints="0" visitedBranchPoints="0" sequenceCoverage="100.0" branchCoverage="0" maxCyclomaticComplexity="0" minCyclomaticComplexity="0" maxCrapScore="0" minCrapScore="0" visitedClasses="0" numClasses="0" visitedMethods="1" numMethods="1" />
              <MetadataToken>100663310</MetadataToken>
              <Name>System.Void MapObjectEditorTests::TearDown()</Name>
              <FileRef uid="4" />
              <SequencePoints>
                <SequencePoint vc="2" uspid="2261" ordinal="0" offset="0" sl="20" sc="5" el="20" ec="5" bec="0" bev="0" fileid="4" />
                <SequencePoint vc="2" uspid="2262" ordinal="0" offset="1" sl="21" sc="9" el="21" ec="9" bec="0" bev="0" fileid="4" />
                <SequencePoint vc="2" uspid="2263" ordinal="0" offset="18" sl="22" sc="5" el="22" ec="5" bec="0" bev="0" fileid="4" />
              </SequencePoints>
              <BranchPoints />
            </Method>
            <Method visited="true" cyclomaticComplexity="0" nPathComplexity="0" sequenceCoverage="100.0" branchCoverage="0" crapScore="0" isConstructor="false" isStatic="false" isGetter="false" isSetter="false">
              <Summary numSequencePoints="3" visitedSequencePoints="3" numBranchPoints="0" visitedBranchPoints="0" sequenceCoverage="100.0" branchCoverage="0" maxCyclomaticComplexity="0" minCyclomaticComplexity="0" maxCrapScore="0" minCrapScore="0" visitedClasses="0" numClasses="0" visitedMethods="1" numMethods="1" />
              <MetadataToken>100663311</MetadataToken>
              <Name>System.Void MapObjectEditorTests::TestCheckPublicRoadConnection()</Name>
              <FileRef uid="4" />
              <SequencePoints>
                <SequencePoint vc="1" uspid="2264" ordinal="0" offset="0" sl="26" sc="5" el="26" ec="5" bec="0" bev="0" fileid="4" />
                <SequencePoint vc="1" uspid="2265" ordinal="0" offset="1" sl="27" sc="9" el="27" ec="9" bec="0" bev="0" fileid="4" />
                <SequencePoint vc="1" uspid="2266" ordinal="0" offset="29" sl="28" sc="5" el="28" ec="5" bec="0" bev="0" fileid="4" />
              </SequencePoints>
              <BranchPoints />
            </Method>
            <Method visited="true" cyclomaticComplexity="0" nPathComplexity="0" sequenceCoverage="100.0" branchCoverage="0" crapScore="0" isConstructor="false" isStatic="false" isGetter="false" isSetter="false">
              <Summary numSequencePoints="4" visitedSequencePoints="4" numBranchPoints="0" visitedBranchPoints="0" sequenceCoverage="100.0" branchCoverage="0" maxCyclomaticComplexity="0" minCyclomaticComplexity="0" maxCrapScore="0" minCrapScore="0" visitedClasses="0" numClasses="0" visitedMethods="1" numMethods="1" />
              <MetadataToken>100663312</MetadataToken>
              <Name>System.Void MapObjectEditorTests::TestConnectToPublicRoad()</Name>
              <FileRef uid="4" />
              <SequencePoints>
                <SequencePoint vc="1" uspid="2267" ordinal="0" offset="0" sl="32" sc="5" el="32" ec="5" bec="0" bev="0" fileid="4" />
                <SequencePoint vc="1" uspid="2268" ordinal="0" offset="1" sl="33" sc="9" el="33" ec="9" bec="0" bev="0" fileid="4" />
                <SequencePoint vc="1" uspid="2269" ordinal="0" offset="14" sl="34" sc="9" el="34" ec="9" bec="0" bev="0" fileid="4" />
                <SequencePoint vc="1" uspid="2270" ordinal="0" offset="42" sl="35" sc="5" el="35" ec="5" bec="0" bev="0" fileid="4" />
              </SequencePoints>
              <BranchPoints />
            </Method>
          </Methods>
        </Class>
      </Classes>
    </Module>
    <Module>
      <Summary numSequencePoints="81" visitedSequencePoints="73" numBranchPoints="0" visitedBranchPoints="0" sequenceCoverage="90.12" branchCoverage="0.0" maxCyclomaticComplexity="0" minCyclomaticComplexity="0" maxCrapScore="0" minCrapScore="0" visitedClasses="10" numClasses="11" visitedMethods="14" numMethods="15" />
      <ModuleTime>0001-01-01T00:00:00</ModuleTime>
      <ModuleName>Scripts_reference_for_testing</ModuleName>
      <Files>
        <File uid="5" fullPath="C:/Users/User/Desktop/4th_course/Software technology/wwnl_2/wwnl/Assets/Scripts/BlueprintCell.cs" />
        <File uid="6" fullPath="C:/Users/User/Desktop/4th_course/Software technology/wwnl_2/wwnl/Assets/Scripts/BuildingPlacer.cs" />
        <File uid="7" fullPath="C:/Users/User/Desktop/4th_course/Software technology/wwnl_2/wwnl/Assets/Scripts/BuildingPreset.cs" />
        <File uid="8" fullPath="C:/Users/User/Desktop/4th_course/Software technology/wwnl_2/wwnl/Assets/Scripts/CameraController.cs" />
        <File uid="9" fullPath="C:/Users/User/Desktop/4th_course/Software technology/wwnl_2/wwnl/Assets/Scripts/Cell.cs" />
        <File uid="10" fullPath="C:/Users/User/Desktop/4th_course/Software technology/wwnl_2/wwnl/Assets/Scripts/ConfirmationPanel.cs" />
        <File uid="11" fullPath="C:/Users/User/Desktop/4th_course/Software technology/wwnl_2/wwnl/Assets/Scripts/DataPersistence/DataPersistenceManager.cs" />
        <File uid="12" fullPath="C:/Users/User/Desktop/4th_course/Software technology/wwnl_2/wwnl/Assets/Scripts/DataPersistence/FileDataHandler.cs" />
        <File uid="13" fullPath="C:/Users/User/Desktop/4th_course/Software technology/wwnl_2/wwnl/Assets/Scripts/DataPersistence/GameData.cs" />
        <File uid="14" fullPath="C:/Users/User/Desktop/4th_course/Software technology/wwnl_2/wwnl/Assets/Scripts/Editor/BuildCommand.cs" />
        <File uid="15" fullPath="C:/Users/User/Desktop/4th_course/Software technology/wwnl_2/wwnl/Assets/Scripts/GameManager.cs" />
        <File uid="16" fullPath="C:/Users/User/Desktop/4th_course/Software technology/wwnl_2/wwnl/Assets/Scripts/InfoBar/BudgetHandler.cs" />
        <File uid="17" fullPath="C:/Users/User/Desktop/4th_course/Software technology/wwnl_2/wwnl/Assets/Scripts/InfoBar/DateHandler.cs" />
        <File uid="18" fullPath="C:/Users/User/Desktop/4th_course/Software technology/wwnl_2/wwnl/Assets/Scripts/InfoBar/InfoBar.cs" />
        <File uid="19" fullPath="C:/Users/User/Desktop/4th_course/Software technology/wwnl_2/wwnl/Assets/Scripts/InfoBar/PopulationHandler.cs" />
        <File uid="20" fullPath="C:/Users/User/Desktop/4th_course/Software technology/wwnl_2/wwnl/Assets/Scripts/InfoBar/SatisfactionHandler.cs" />
        <File uid="21" fullPath="C:/Users/User/Desktop/4th_course/Software technology/wwnl_2/wwnl/Assets/Scripts/InfoBar/TaxHandler.cs" />
        <File uid="22" fullPath="C:/Users/User/Desktop/4th_course/Software technology/wwnl_2/wwnl/Assets/Scripts/MainMenu.cs" />
        <File uid="23" fullPath="C:/Users/User/Desktop/4th_course/Software technology/wwnl_2/wwnl/Assets/Scripts/Map.cs" />
        <File uid="24" fullPath="C:/Users/User/Desktop/4th_course/Software technology/wwnl_2/wwnl/Assets/Scripts/MapObjects/Citizens.cs" />
        <File uid="25" fullPath="C:/Users/User/Desktop/4th_course/Software technology/wwnl_2/wwnl/Assets/Scripts/MapObjects/CommercialZone.cs" />
        <File uid="26" fullPath="C:/Users/User/Desktop/4th_course/Software technology/wwnl_2/wwnl/Assets/Scripts/MapObjects/FireDepartment.cs" />
        <File uid="27" fullPath="C:/Users/User/Desktop/4th_course/Software technology/wwnl_2/wwnl/Assets/Scripts/MapObjects/Forest.cs" />
        <File uid="28" fullPath="C:/Users/User/Desktop/4th_course/Software technology/wwnl_2/wwnl/Assets/Scripts/MapObjects/IndustrialZone.cs" />
        <File uid="29" fullPath="C:/Users/User/Desktop/4th_course/Software technology/wwnl_2/wwnl/Assets/Scripts/MapObjects/MapObject.cs" />
        <File uid="30" fullPath="C:/Users/User/Desktop/4th_course/Software technology/wwnl_2/wwnl/Assets/Scripts/MapObjects/Police.cs" />
        <File uid="31" fullPath="C:/Users/User/Desktop/4th_course/Software technology/wwnl_2/wwnl/Assets/Scripts/MapObjects/Prefabs/CommercialBuildings.cs" />
        <File uid="32" fullPath="C:/Users/User/Desktop/4th_course/Software technology/wwnl_2/wwnl/Assets/Scripts/MapObjects/Prefabs/House.cs" />
        <File uid="33" fullPath="C:/Users/User/Desktop/4th_course/Software technology/wwnl_2/wwnl/Assets/Scripts/MapObjects/Prefabs/IndustrialBuildings.cs" />
        <File uid="34" fullPath="C:/Users/User/Desktop/4th_course/Software technology/wwnl_2/wwnl/Assets/Scripts/MapObjects/ResidentialZone.cs" />
        <File uid="35" fullPath="C:/Users/User/Desktop/4th_course/Software technology/wwnl_2/wwnl/Assets/Scripts/MapObjects/Road.cs" />
        <File uid="36" fullPath="C:/Users/User/Desktop/4th_course/Software technology/wwnl_2/wwnl/Assets/Scripts/MapObjects/Stadium.cs" />
        <File uid="37" fullPath="C:/Users/User/Desktop/4th_course/Software technology/wwnl_2/wwnl/Assets/Scripts/Position.cs" />
        <File uid="38" fullPath="C:/Users/User/Desktop/4th_course/Software technology/wwnl_2/wwnl/Assets/Scripts/RoadHandler.cs" />
        <File uid="39" fullPath="C:/Users/User/Desktop/4th_course/Software technology/wwnl_2/wwnl/Assets/Scripts/Selector.cs" />
        <File uid="40" fullPath="C:/Users/User/Desktop/4th_course/Software technology/wwnl_2/wwnl/Assets/Scripts/Timer.cs" />
        <File uid="41" fullPath="C:/Users/User/Desktop/4th_course/Software technology/wwnl_2/wwnl/Assets/Scripts/UIHandler.cs" />
      </Files>
      <Classes>
        <Class>
          <Summary numSequencePoints="24" visitedSequencePoints="24" numBranchPoints="0" visitedBranchPoints="0" sequenceCoverage="100.0" branchCoverage="0.0" maxCyclomaticComplexity="0" minCyclomaticComplexity="0" maxCrapScore="0" minCrapScore="0" visitedClasses="1" numClasses="1" visitedMethods="3" numMethods="3" />
          <FullName>BuildingPlacer</FullName>
          <Methods>
            <Method visited="true" cyclomaticComplexity="0" nPathComplexity="0" sequenceCoverage="100.0" branchCoverage="0" crapScore="0" isConstructor="false" isStatic="true" isGetter="false" isSetter="false">
              <Summary numSequencePoints="9" visitedSequencePoints="9" numBranchPoints="0" visitedBranchPoints="0" sequenceCoverage="100.0" branchCoverage="0" maxCyclomaticComplexity="0" minCyclomaticComplexity="0" maxCrapScore="0" minCrapScore="0" visitedClasses="0" numClasses="0" visitedMethods="1" numMethods="1" />
              <MetadataToken>100663305</MetadataToken>
              <Name>static System.Int32 BuildingPlacer::Coverage(System.String)</Name>
              <FileRef uid="6" />
              <SequencePoints>
                <SequencePoint vc="5" uspid="2295" ordinal="0" offset="0" sl="104" sc="5" el="104" ec="5" bec="0" bev="0" fileid="6" />
                <SequencePoint vc="5" uspid="2296" ordinal="0" offset="1" sl="105" sc="9" el="105" ec="9" bec="0" bev="0" fileid="6" />
                <SequencePoint vc="3" uspid="2297" ordinal="0" offset="45" sl="106" sc="9" el="106" ec="9" bec="0" bev="0" fileid="6" />
                <SequencePoint vc="3" uspid="2298" ordinal="0" offset="46" sl="107" sc="13" el="107" ec="13" bec="0" bev="0" fileid="6" />
                <SequencePoint vc="2" uspid="2299" ordinal="0" offset="50" sl="109" sc="14" el="109" ec="14" bec="0" bev="0" fileid="6" />
                <SequencePoint vc="1" uspid="2300" ordinal="0" offset="65" sl="109" sc="42" el="109" ec="42" bec="0" bev="0" fileid="6" />
                <SequencePoint vc="1" uspid="2301" ordinal="0" offset="69" sl="110" sc="14" el="110" ec="14" bec="0" bev="0" fileid="6" />
                <SequencePoint vc="1" uspid="2302" ordinal="0" offset="70" sl="110" sc="16" el="110" ec="16" bec="0" bev="0" fileid="6" />
                <SequencePoint vc="5" uspid="2303" ordinal="0" offset="74" sl="111" sc="5" el="111" ec="5" bec="0" bev="0" fileid="6" />
              </SequencePoints>
              <BranchPoints />
            </Method>
            <Method visited="true" cyclomaticComplexity="0" nPathComplexity="0" sequenceCoverage="100.0" branchCoverage="0" crapScore="0" isConstructor="false" isStatic="true" isGetter="false" isSetter="false">
              <Summary numSequencePoints="14" visitedSequencePoints="14" numBranchPoints="0" visitedBranchPoints="0" sequenceCoverage="100.0" branchCoverage="0" maxCyclomaticComplexity="0" minCyclomaticComplexity="0" maxCrapScore="0" minCrapScore="0" visitedClasses="0" numClasses="0" visitedMethods="1" numMethods="1" />
              <MetadataToken>100663310</MetadataToken>
              <Name>static System.String BuildingPlacer::cropClone(System.String, System.Int32)</Name>
              <FileRef uid="6" />
              <SequencePoints>
                <SequencePoint vc="1" uspid="2388" ordinal="0" offset="0" sl="266" sc="5" el="266" ec="5" bec="0" bev="0" fileid="6" />
                <SequencePoint vc="1" uspid="2389" ordinal="0" offset="1" sl="267" sc="9" el="267" ec="9" bec="0" bev="0" fileid="6" />
                <SequencePoint vc="1" uspid="2390" ordinal="0" offset="7" sl="269" sc="13" el="269" ec="13" bec="0" bev="0" fileid="6" />
                <SequencePoint vc="9" uspid="2391" ordinal="0" offset="11" sl="270" sc="9" el="270" ec="9" bec="0" bev="0" fileid="6" />
                <SequencePoint vc="9" uspid="2392" ordinal="0" offset="12" sl="271" sc="13" el="271" ec="13" bec="0" bev="0" fileid="6" />
                <SequencePoint vc="1" uspid="2393" ordinal="0" offset="27" sl="272" sc="13" el="272" ec="13" bec="0" bev="0" fileid="6" />
                <SequencePoint vc="1" uspid="2394" ordinal="0" offset="28" sl="273" sc="17" el="273" ec="17" bec="0" bev="0" fileid="6" />
                <SequencePoint vc="8" uspid="2395" ordinal="0" offset="30" sl="275" sc="13" el="275" ec="13" bec="0" bev="0" fileid="6" />
                <SequencePoint vc="8" uspid="2396" ordinal="0" offset="44" sl="276" sc="9" el="276" ec="9" bec="0" bev="0" fileid="6" />
                <SequencePoint vc="8" uspid="2397" ordinal="0" offset="45" sl="269" sc="41" el="269" ec="41" bec="0" bev="0" fileid="6" />
                <SequencePoint vc="9" uspid="2398" ordinal="0" offset="49" sl="269" sc="24" el="269" ec="24" bec="0" bev="0" fileid="6" />
                <SequencePoint vc="1" uspid="2399" ordinal="0" offset="62" sl="277" sc="9" el="277" ec="9" bec="0" bev="0" fileid="6" />
                <SequencePoint vc="1" uspid="2400" ordinal="0" offset="76" sl="279" sc="9" el="279" ec="9" bec="0" bev="0" fileid="6" />
                <SequencePoint vc="1" uspid="2401" ordinal="0" offset="86" sl="280" sc="5" el="280" ec="5" bec="0" bev="0" fileid="6" />
              </SequencePoints>
              <BranchPoints />
            </Method>
            <Method visited="true" cyclomaticComplexity="0" nPathComplexity="0" sequenceCoverage="100.0" branchCoverage="0" crapScore="0" isConstructor="true" isStatic="false" isGetter="false" isSetter="false">
              <Summary numSequencePoints="1" visitedSequencePoints="1" numBranchPoints="0" visitedBranchPoints="0" sequenceCoverage="100.0" branchCoverage="0" maxCyclomaticComplexity="0" minCyclomaticComplexity="0" maxCrapScore="0" minCrapScore="0" visitedClasses="0" numClasses="0" visitedMethods="1" numMethods="1" />
              <MetadataToken>100663321</MetadataToken>
              <Name>BuildingPlacer::BuildingPlacer()</Name>
              <FileRef uid="6" />
              <SequencePoints>
                <SequencePoint vc="3" uspid="2582" ordinal="0" offset="0" sl="18" sc="5" el="18" ec="5" bec="0" bev="0" fileid="6" />
              </SequencePoints>
              <BranchPoints />
            </Method>
          </Methods>
        </Class>
        <Class>
          <Summary numSequencePoints="8" visitedSequencePoints="8" numBranchPoints="0" visitedBranchPoints="0" sequenceCoverage="100.0" branchCoverage="0.0" maxCyclomaticComplexity="0" minCyclomaticComplexity="0" maxCrapScore="0" minCrapScore="0" visitedClasses="1" numClasses="1" visitedMethods="1" numMethods="1" />
          <FullName>CameraController</FullName>
          <Methods>
            <Method visited="true" cyclomaticComplexity="0" nPathComplexity="0" sequenceCoverage="100.0" branchCoverage="0" crapScore="0" isConstructor="true" isStatic="false" isGetter="false" isSetter="false">
              <Summary numSequencePoints="8" visitedSequencePoints="8" numBranchPoints="0" visitedBranchPoints="0" sequenceCoverage="100.0" branchCoverage="0" maxCyclomaticComplexity="0" minCyclomaticComplexity="0" maxCrapScore="0" minCrapScore="0" visitedClasses="0" numClasses="0" visitedMethods="1" numMethods="1" />
              <MetadataToken>100663332</MetadataToken>
              <Name>CameraController::CameraController()</Name>
              <FileRef uid="8" />
              <SequencePoints>
                <SequencePoint vc="1" uspid="2654" ordinal="0" offset="0" sl="12" sc="5" el="12" ec="5" bec="0" bev="0" fileid="8" />
                <SequencePoint vc="1" uspid="2655" ordinal="0" offset="11" sl="13" sc="5" el="13" ec="5" bec="0" bev="0" fileid="8" />
                <SequencePoint vc="1" uspid="2656" ordinal="0" offset="22" sl="14" sc="5" el="14" ec="5" bec="0" bev="0" fileid="8" />
                <SequencePoint vc="1" uspid="2657" ordinal="0" offset="33" sl="15" sc="5" el="15" ec="5" bec="0" bev="0" fileid="8" />
                <SequencePoint vc="1" uspid="2658" ordinal="0" offset="44" sl="16" sc="5" el="16" ec="5" bec="0" bev="0" fileid="8" />
                <SequencePoint vc="1" uspid="2659" ordinal="0" offset="55" sl="18" sc="5" el="18" ec="5" bec="0" bev="0" fileid="8" />
                <SequencePoint vc="1" uspid="2660" ordinal="0" offset="66" sl="19" sc="5" el="19" ec="5" bec="0" bev="0" fileid="8" />
                <SequencePoint vc="1" uspid="2661" ordinal="0" offset="77" sl="23" sc="5" el="23" ec="5" bec="0" bev="0" fileid="8" />
              </SequencePoints>
              <BranchPoints />
            </Method>
          </Methods>
        </Class>
        <Class>
          <Summary numSequencePoints="2" visitedSequencePoints="2" numBranchPoints="0" visitedBranchPoints="0" sequenceCoverage="100.0" branchCoverage="0.0" maxCyclomaticComplexity="0" minCyclomaticComplexity="0" maxCrapScore="0" minCrapScore="0" visitedClasses="1" numClasses="1" visitedMethods="1" numMethods="1" />
          <FullName>Cell</FullName>
          <Methods>
            <Method visited="true" cyclomaticComplexity="0" nPathComplexity="0" sequenceCoverage="100.0" branchCoverage="0" crapScore="0" isConstructor="true" isStatic="false" isGetter="false" isSetter="false">
              <Summary numSequencePoints="2" visitedSequencePoints="2" numBranchPoints="0" visitedBranchPoints="0" sequenceCoverage="100.0" branchCoverage="0" maxCyclomaticComplexity="0" minCyclomaticComplexity="0" maxCrapScore="0" minCrapScore="0" visitedClasses="0" numClasses="0" visitedMethods="1" numMethods="1" />
              <MetadataToken>100663347</MetadataToken>
              <Name>Cell::Cell()</Name>
              <FileRef uid="9" />
              <SequencePoints>
                <SequencePoint vc="3" uspid="2678" ordinal="0" offset="0" sl="11" sc="40" el="11" ec="40" bec="0" bev="0" fileid="9" />
                <SequencePoint vc="3" uspid="2679" ordinal="0" offset="11" sl="12" sc="40" el="12" ec="40" bec="0" bev="0" fileid="9" />
              </SequencePoints>
              <BranchPoints />
            </Method>
          </Methods>
        </Class>
        <Class>
          <Summary numSequencePoints="8" visitedSequencePoints="0" numBranchPoints="0" visitedBranchPoints="0" sequenceCoverage="0.0" branchCoverage="0.0" maxCyclomaticComplexity="0" minCyclomaticComplexity="0" maxCrapScore="0" minCrapScore="0" visitedClasses="0" numClasses="1" visitedMethods="0" numMethods="1" />
          <FullName>BuildCommand</FullName>
          <Methods>
            <Method visited="false" cyclomaticComplexity="0" nPathComplexity="0" sequenceCoverage="0.0" branchCoverage="0" crapScore="0" isConstructor="false" isStatic="true" isGetter="false" isSetter="false">
              <Summary numSequencePoints="8" visitedSequencePoints="0" numBranchPoints="0" visitedBranchPoints="0" sequenceCoverage="0.0" branchCoverage="0" maxCyclomaticComplexity="0" minCyclomaticComplexity="0" maxCrapScore="0" minCrapScore="0" visitedClasses="0" numClasses="0" visitedMethods="0" numMethods="1" />
              <MetadataToken>100663375</MetadataToken>
              <Name>static System.Boolean BuildCommand::TryConvertToEnum[TEnum](System.String, )</Name>
              <FileRef uid="14" />
              <SequencePoints>
                <SequencePoint vc="0" uspid="2874" ordinal="0" offset="0" sl="131" sc="0" el="131" ec="0" bec="0" bev="0" fileid="14" />
                <SequencePoint vc="0" uspid="2875" ordinal="0" offset="1" sl="132" sc="0" el="132" ec="0" bec="0" bev="0" fileid="14" />
                <SequencePoint vc="0" uspid="2876" ordinal="0" offset="24" sl="133" sc="0" el="133" ec="0" bec="0" bev="0" fileid="14" />
                <SequencePoint vc="0" uspid="2877" ordinal="0" offset="25" sl="134" sc="0" el="134" ec="0" bec="0" bev="0" fileid="14" />
                <SequencePoint vc="0" uspid="2878" ordinal="0" offset="32" sl="135" sc="0" el="135" ec="0" bec="0" bev="0" fileid="14" />
                <SequencePoint vc="0" uspid="2879" ordinal="0" offset="36" sl="138" sc="0" el="138" ec="0" bec="0" bev="0" fileid="14" />
                <SequencePoint vc="0" uspid="2880" ordinal="0" offset="63" sl="139" sc="0" el="139" ec="0" bec="0" bev="0" fileid="14" />
                <SequencePoint vc="0" uspid="2881" ordinal="0" offset="67" sl="140" sc="0" el="140" ec="0" bec="0" bev="0" fileid="14" />
              </SequencePoints>
              <BranchPoints />
            </Method>
          </Methods>
        </Class>
        <Class>
          <Summary numSequencePoints="8" visitedSequencePoints="8" numBranchPoints="0" visitedBranchPoints="0" sequenceCoverage="100.0" branchCoverage="0.0" maxCyclomaticComplexity="0" minCyclomaticComplexity="0" maxCrapScore="0" minCrapScore="0" visitedClasses="1" numClasses="1" visitedMethods="1" numMethods="1" />
          <FullName>GameManager</FullName>
          <Methods>
            <Method visited="true" cyclomaticComplexity="0" nPathComplexity="0" sequenceCoverage="100.0" branchCoverage="0" crapScore="0" isConstructor="true" isStatic="false" isGetter="false" isSetter="false">
              <Summary numSequencePoints="8" visitedSequencePoints="8" numBranchPoints="0" visitedBranchPoints="0" sequenceCoverage="100.0" branchCoverage="0" maxCyclomaticComplexity="0" minCyclomaticComplexity="0" maxCrapScore="0" minCrapScore="0" visitedClasses="0" numClasses="0" visitedMethods="1" numMethods="1" />
              <MetadataToken>100663396</MetadataToken>
              <Name>GameManager::GameManager()</Name>
              <FileRef uid="15" />
              <SequencePoints>
                <SequencePoint vc="4" uspid="3236" ordinal="0" offset="0" sl="9" sc="5" el="9" ec="5" bec="0" bev="0" fileid="15" />
                <SequencePoint vc="4" uspid="3237" ordinal="0" offset="11" sl="10" sc="5" el="10" ec="5" bec="0" bev="0" fileid="15" />
                <SequencePoint vc="4" uspid="3238" ordinal="0" offset="18" sl="11" sc="5" el="11" ec="5" bec="0" bev="0" fileid="15" />
                <SequencePoint vc="4" uspid="3239" ordinal="0" offset="25" sl="12" sc="5" el="12" ec="5" bec="0" bev="0" fileid="15" />
                <SequencePoint vc="4" uspid="3240" ordinal="0" offset="36" sl="14" sc="5" el="14" ec="5" bec="0" bev="0" fileid="15" />
                <SequencePoint vc="4" uspid="3241" ordinal="0" offset="54" sl="15" sc="5" el="15" ec="5" bec="0" bev="0" fileid="15" />
                <SequencePoint vc="4" uspid="3242" ordinal="0" offset="72" sl="16" sc="5" el="16" ec="5" bec="0" bev="0" fileid="15" />
                <SequencePoint vc="4" uspid="3243" ordinal="0" offset="90" sl="17" sc="5" el="17" ec="5" bec="0" bev="0" fileid="15" />
              </SequencePoints>
              <BranchPoints />
            </Method>
          </Methods>
        </Class>
        <Class>
          <Summary numSequencePoints="3" visitedSequencePoints="3" numBranchPoints="0" visitedBranchPoints="0" sequenceCoverage="100.0" branchCoverage="0.0" maxCyclomaticComplexity="0" minCyclomaticComplexity="0" maxCrapScore="0" minCrapScore="0" visitedClasses="1" numClasses="1" visitedMethods="1" numMethods="1" />
          <FullName>DateHandler</FullName>
          <Methods>
            <Method visited="true" cyclomaticComplexity="0" nPathComplexity="0" sequenceCoverage="100.0" branchCoverage="0" crapScore="0" isConstructor="true" isStatic="false" isGetter="false" isSetter="false">
              <Summary numSequencePoints="3" visitedSequencePoints="3" numBranchPoints="0" visitedBranchPoints="0" sequenceCoverage="100.0" branchCoverage="0" maxCyclomaticComplexity="0" minCyclomaticComplexity="0" maxCrapScore="0" minCrapScore="0" visitedClasses="0" numClasses="0" visitedMethods="1" numMethods="1" />
              <MetadataToken>100663413</MetadataToken>
              <Name>DateHandler::DateHandler()</Name>
              <FileRef uid="17" />
              <SequencePoints>
                <SequencePoint vc="1" uspid="3334" ordinal="0" offset="0" sl="17" sc="5" el="17" ec="5" bec="0" bev="0" fileid="17" />
                <SequencePoint vc="1" uspid="3335" ordinal="0" offset="7" sl="18" sc="5" el="18" ec="5" bec="0" bev="0" fileid="17" />
                <SequencePoint vc="1" uspid="3336" ordinal="0" offset="25" sl="23" sc="5" el="23" ec="5" bec="0" bev="0" fileid="17" />
              </SequencePoints>
              <BranchPoints />
            </Method>
          </Methods>
        </Class>
        <Class>
          <Summary numSequencePoints="3" visitedSequencePoints="3" numBranchPoints="0" visitedBranchPoints="0" sequenceCoverage="100.0" branchCoverage="0.0" maxCyclomaticComplexity="0" minCyclomaticComplexity="0" maxCrapScore="0" minCrapScore="0" visitedClasses="1" numClasses="1" visitedMethods="1" numMethods="1" />
          <FullName>PopulationHandler</FullName>
          <Methods>
            <Method visited="true" cyclomaticComplexity="0" nPathComplexity="0" sequenceCoverage="100.0" branchCoverage="0" crapScore="0" isConstructor="true" isStatic="false" isGetter="false" isSetter="false">
              <Summary numSequencePoints="3" visitedSequencePoints="3" numBranchPoints="0" visitedBranchPoints="0" sequenceCoverage="100.0" branchCoverage="0" maxCyclomaticComplexity="0" minCyclomaticComplexity="0" maxCrapScore="0" minCrapScore="0" visitedClasses="0" numClasses="0" visitedMethods="1" numMethods="1" />
              <MetadataToken>100663418</MetadataToken>
              <Name>PopulationHandler::PopulationHandler()</Name>
              <FileRef uid="19" />
              <SequencePoints>
                <SequencePoint vc="1" uspid="3355" ordinal="0" offset="0" sl="19" sc="5" el="19" ec="5" bec="0" bev="0" fileid="19" />
                <SequencePoint vc="1" uspid="3356" ordinal="0" offset="7" sl="19" sc="31" el="19" ec="31" bec="0" bev="0" fileid="19" />
                <SequencePoint vc="1" uspid="3357" ordinal="0" offset="8" sl="19" sc="32" el="19" ec="32" bec="0" bev="0" fileid="19" />
              </SequencePoints>
              <BranchPoints />
            </Method>
          </Methods>
        </Class>
        <Class>
          <Summary numSequencePoints="4" visitedSequencePoints="4" numBranchPoints="0" visitedBranchPoints="0" sequenceCoverage="100.0" branchCoverage="0.0" maxCyclomaticComplexity="0" minCyclomaticComplexity="0" maxCrapScore="0" minCrapScore="0" visitedClasses="1" numClasses="1" visitedMethods="1" numMethods="1" />
          <FullName>MainMenu</FullName>
          <Methods>
            <Method visited="true" cyclomaticComplexity="0" nPathComplexity="0" sequenceCoverage="100.0" branchCoverage="0" crapScore="0" isConstructor="false" isStatic="false" isGetter="false" isSetter="false">
              <Summary numSequencePoints="4" visitedSequencePoints="4" numBranchPoints="0" visitedBranchPoints="0" sequenceCoverage="100.0" branchCoverage="0" maxCyclomaticComplexity="0" minCyclomaticComplexity="0" maxCrapScore="0" minCrapScore="0" visitedClasses="0" numClasses="0" visitedMethods="1" numMethods="1" />
              <MetadataToken>100663432</MetadataToken>
              <Name>System.Void MainMenu::QuitGame()</Name>
              <FileRef uid="22" />
              <SequencePoints>
                <SequencePoint vc="1" uspid="3391" ordinal="0" offset="0" sl="39" sc="5" el="39" ec="5" bec="0" bev="0" fileid="22" />
                <SequencePoint vc="1" uspid="3392" ordinal="0" offset="1" sl="42" sc="13" el="42" ec="13" bec="0" bev="0" fileid="22" />
                <SequencePoint vc="1" uspid="3393" ordinal="0" offset="8" sl="45" sc="9" el="45" ec="9" bec="0" bev="0" fileid="22" />
                <SequencePoint vc="1" uspid="3394" ordinal="0" offset="14" sl="46" sc="5" el="46" ec="5" bec="0" bev="0" fileid="22" />
              </SequencePoints>
              <BranchPoints />
            </Method>
          </Methods>
        </Class>
        <Class>
          <Summary numSequencePoints="5" visitedSequencePoints="5" numBranchPoints="0" visitedBranchPoints="0" sequenceCoverage="100.0" branchCoverage="0.0" maxCyclomaticComplexity="0" minCyclomaticComplexity="0" maxCrapScore="0" minCrapScore="0" visitedClasses="1" numClasses="1" visitedMethods="1" numMethods="1" />
          <FullName>Map</FullName>
          <Methods>
            <Method visited="true" cyclomaticComplexity="0" nPathComplexity="0" sequenceCoverage="100.0" branchCoverage="0" crapScore="0" isConstructor="true" isStatic="false" isGetter="false" isSetter="false">
              <Summary numSequencePoints="5" visitedSequencePoints="5" numBranchPoints="0" visitedBranchPoints="0" sequenceCoverage="100.0" branchCoverage="0" maxCyclomaticComplexity="0" minCyclomaticComplexity="0" maxCrapScore="0" minCrapScore="0" visitedClasses="0" numClasses="0" visitedMethods="1" numMethods="1" />
              <MetadataToken>100663450</MetadataToken>
              <Name>Map::Map()</Name>
              <FileRef uid="23" />
              <SequencePoints>
                <SequencePoint vc="1" uspid="3832" ordinal="0" offset="0" sl="11" sc="5" el="11" ec="5" bec="0" bev="0" fileid="23" />
                <SequencePoint vc="1" uspid="3833" ordinal="0" offset="8" sl="12" sc="5" el="12" ec="5" bec="0" bev="0" fileid="23" />
                <SequencePoint vc="1" uspid="3834" ordinal="0" offset="16" sl="40" sc="5" el="40" ec="5" bec="0" bev="0" fileid="23" />
                <SequencePoint vc="1" uspid="3835" ordinal="0" offset="27" sl="41" sc="5" el="41" ec="5" bec="0" bev="0" fileid="23" />
                <SequencePoint vc="1" uspid="3836" ordinal="0" offset="38" sl="42" sc="5" el="42" ec="5" bec="0" bev="0" fileid="23" />
              </SequencePoints>
              <BranchPoints />
            </Method>
          </Methods>
        </Class>
        <Class>
          <Summary numSequencePoints="8" visitedSequencePoints="8" numBranchPoints="0" visitedBranchPoints="0" sequenceCoverage="100.0" branchCoverage="0.0" maxCyclomaticComplexity="0" minCyclomaticComplexity="0" maxCrapScore="0" minCrapScore="0" visitedClasses="1" numClasses="1" visitedMethods="3" numMethods="3" />
          <FullName>MapObject</FullName>
          <Methods>
            <Method visited="true" cyclomaticComplexity="0" nPathComplexity="0" sequenceCoverage="100.0" branchCoverage="0" crapScore="0" isConstructor="false" isStatic="false" isGetter="false" isSetter="false">
              <Summary numSequencePoints="3" visitedSequencePoints="3" numBranchPoints="0" visitedBranchPoints="0" sequenceCoverage="100.0" branchCoverage="0" maxCyclomaticComplexity="0" minCyclomaticComplexity="0" maxCrapScore="0" minCrapScore="0" visitedClasses="0" numClasses="0" visitedMethods="1" numMethods="1" />
              <MetadataToken>100663480</MetadataToken>
              <Name>System.Boolean MapObject::checkPublicRoadConnection()</Name>
              <FileRef uid="29" />
              <SequencePoints>
                <SequencePoint vc="2" uspid="3944" ordinal="0" offset="0" sl="56" sc="5" el="56" ec="5" bec="0" bev="0" fileid="29" />
                <SequencePoint vc="2" uspid="3945" ordinal="0" offset="1" sl="57" sc="9" el="57" ec="9" bec="0" bev="0" fileid="29" />
                <SequencePoint vc="2" uspid="3946" ordinal="0" offset="10" sl="58" sc="5" el="58" ec="5" bec="0" bev="0" fileid="29" />
              </SequencePoints>
              <BranchPoints />
            </Method>
            <Method visited="true" cyclomaticComplexity="0" nPathComplexity="0" sequenceCoverage="100.0" branchCoverage="0" crapScore="0" isConstructor="false" isStatic="false" isGetter="false" isSetter="false">
              <Summary numSequencePoints="3" visitedSequencePoints="3" numBranchPoints="0" visitedBranchPoints="0" sequenceCoverage="100.0" branchCoverage="0" maxCyclomaticComplexity="0" minCyclomaticComplexity="0" maxCrapScore="0" minCrapScore="0" visitedClasses="0" numClasses="0" visitedMethods="1" numMethods="1" />
              <MetadataToken>100663481</MetadataToken>
              <Name>System.Void MapObject::connectToPublicRoad(System.Boolean)</Name>
              <FileRef uid="29" />
              <SequencePoints>
                <SequencePoint vc="1" uspid="3947" ordinal="0" offset="0" sl="61" sc="5" el="61" ec="5" bec="0" bev="0" fileid="29" />
                <SequencePoint vc="1" uspid="3948" ordinal="0" offset="1" sl="62" sc="9" el="62" ec="9" bec="0" bev="0" fileid="29" />
                <SequencePoint vc="1" uspid="3949" ordinal="0" offset="8" sl="63" sc="5" el="63" ec="5" bec="0" bev="0" fileid="29" />
              </SequencePoints>
              <BranchPoints />
            </Method>
            <Method visited="true" cyclomaticComplexity="0" nPathComplexity="0" sequenceCoverage="100.0" branchCoverage="0" crapScore="0" isConstructor="true" isStatic="false" isGetter="false" isSetter="false">
              <Summary numSequencePoints="2" visitedSequencePoints="2" numBranchPoints="0" visitedBranchPoints="0" sequenceCoverage="100.0" branchCoverage="0" maxCyclomaticComplexity="0" minCyclomaticComplexity="0" maxCrapScore="0" minCrapScore="0" visitedClasses="0" numClasses="0" visitedMethods="1" numMethods="1" />
              <MetadataToken>100663484</MetadataToken>
              <Name>MapObject::MapObject()</Name>
              <FileRef uid="29" />
              <SequencePoints>
                <SequencePoint vc="9" uspid="3954" ordinal="0" offset="0" sl="7" sc="5" el="7" ec="5" bec="0" bev="0" fileid="29" />
                <SequencePoint vc="9" uspid="3955" ordinal="0" offset="7" sl="10" sc="5" el="10" ec="5" bec="0" bev="0" fileid="29" />
              </SequencePoints>
              <BranchPoints />
            </Method>
          </Methods>
        </Class>
        <Class>
          <Summary numSequencePoints="8" visitedSequencePoints="8" numBranchPoints="0" visitedBranchPoints="0" sequenceCoverage="100.0" branchCoverage="0.0" maxCyclomaticComplexity="0" minCyclomaticComplexity="0" maxCrapScore="0" minCrapScore="0" visitedClasses="1" numClasses="1" visitedMethods="1" numMethods="1" />
          <FullName>ResidentialZone</FullName>
          <Methods>
            <Method visited="true" cyclomaticComplexity="0" nPathComplexity="0" sequenceCoverage="100.0" branchCoverage="0" crapScore="0" isConstructor="true" isStatic="false" isGetter="false" isSetter="false">
              <Summary numSequencePoints="8" visitedSequencePoints="8" numBranchPoints="0" visitedBranchPoints="0" sequenceCoverage="100.0" branchCoverage="0" maxCyclomaticComplexity="0" minCyclomaticComplexity="0" maxCrapScore="0" minCrapScore="0" visitedClasses="0" numClasses="0" visitedMethods="1" numMethods="1" />
              <MetadataToken>100663498</MetadataToken>
              <Name>ResidentialZone::ResidentialZone()</Name>
              <FileRef uid="34" />
              <SequencePoints>
                <SequencePoint vc="1" uspid="4214" ordinal="0" offset="0" sl="9" sc="5" el="9" ec="5" bec="0" bev="0" fileid="34" />
                <SequencePoint vc="1" uspid="4215" ordinal="0" offset="11" sl="10" sc="5" el="10" ec="5" bec="0" bev="0" fileid="34" />
                <SequencePoint vc="1" uspid="4216" ordinal="0" offset="18" sl="11" sc="5" el="11" ec="5" bec="0" bev="0" fileid="34" />
                <SequencePoint vc="1" uspid="4217" ordinal="0" offset="25" sl="12" sc="5" el="12" ec="5" bec="0" bev="0" fileid="34" />
                <SequencePoint vc="1" uspid="4218" ordinal="0" offset="32" sl="15" sc="5" el="15" ec="5" bec="0" bev="0" fileid="34" />
                <SequencePoint vc="1" uspid="4219" ordinal="0" offset="43" sl="26" sc="5" el="26" ec="5" bec="0" bev="0" fileid="34" />
                <SequencePoint vc="1" uspid="4220" ordinal="0" offset="50" sl="26" sc="29" el="26" ec="29" bec="0" bev="0" fileid="34" />
                <SequencePoint vc="1" uspid="4221" ordinal="0" offset="51" sl="26" sc="30" el="26" ec="30" bec="0" bev="0" fileid="34" />
              </SequencePoints>
              <BranchPoints />
            </Method>
          </Methods>
        </Class>
      </Classes>
    </Module>
  </Modules>
</CoverageSession>